470 Q0 WTX001-B09-36 0 14,084060 BM25
470 Q0 WTX001-B21-195 1 12,109595 BM25
470 Q0 WTX001-B10-190 2 11,482818 BM25
470 Q0 WTX001-B08-186 3 8,209015 BM25
470 Q0 WTX001-B23-313 4 7,173409 BM25
470 Q0 WTX001-B43-172 5 7,173409 BM25
470 Q0 WTX001-B31-108 6 4,136933 BM25
470 Q0 WTX001-B34-461 7 4,136933 BM25
470 Q0 WTX001-B20-217 8 2,264641 BM25
470 Q0 WTX001-B05-69 9 0,997269 BM25
471 Q0 WTX001-B15-85 0 17,167484 BM25
471 Q0 WTX001-B19-173 1 11,882633 BM25
471 Q0 WTX001-B32-243 2 11,700479 BM25
471 Q0 WTX001-B32-137 3 11,477304 BM25
471 Q0 WTX001-B35-127 4 11,364202 BM25
471 Q0 WTX001-B20-86 5 10,892087 BM25
471 Q0 WTX001-B19-261 6 10,808920 BM25
471 Q0 WTX001-B48-290 7 10,602600 BM25
471 Q0 WTX001-B28-129 8 9,986034 BM25
471 Q0 WTX001-B44-199 9 9,737510 BM25
472 Q0 WTX001-B13-26 0 11,430529 BM25
472 Q0 WTX001-B20-94 1 10,943629 BM25
472 Q0 WTX001-B20-102 2 10,001944 BM25
472 Q0 WTX001-B04-39 3 9,877413 BM25
472 Q0 WTX001-B03-147 4 9,482435 BM25
472 Q0 WTX001-B19-224 5 9,380774 BM25
472 Q0 WTX001-B14-192 6 9,116850 BM25
472 Q0 WTX001-B09-45 7 8,905633 BM25
472 Q0 WTX001-B49-109 8 8,905633 BM25
472 Q0 WTX001-B04-71 9 8,746807 BM25
473 Q0 WTX001-B34-593 0 15,475580 BM25
473 Q0 WTX001-B43-228 1 14,353792 BM25
473 Q0 WTX001-B24-308 2 13,047492 BM25
473 Q0 WTX001-B34-467 3 12,144287 BM25
473 Q0 WTX001-B45-411 4 11,412687 BM25
473 Q0 WTX001-B41-60 5 10,906171 BM25
473 Q0 WTX001-B17-224 6 10,833401 BM25
473 Q0 WTX001-B29-238 7 10,727354 BM25
473 Q0 WTX001-B07-338 8 10,090165 BM25
473 Q0 WTX001-B45-59 9 9,825939 BM25
474 Q0 WTX001-B11-270 0 8,332736 BM25
474 Q0 WTX001-B14-107 1 7,886401 BM25
474 Q0 WTX001-B22-174 2 7,859379 BM25
474 Q0 WTX001-B23-27 3 7,682718 BM25
474 Q0 WTX001-B20-23 4 7,249434 BM25
474 Q0 WTX001-B46-382 5 7,176359 BM25
474 Q0 WTX001-B11-189 6 7,176359 BM25
474 Q0 WTX001-B03-195 7 7,061893 BM25
474 Q0 WTX001-B27-362 8 6,867300 BM25
474 Q0 WTX001-B08-87 9 6,784336 BM25
475 Q0 WTX001-B49-72 0 8,567823 BM25
475 Q0 WTX001-B10-186 1 8,215087 BM25
475 Q0 WTX001-B33-3 2 7,776611 BM25
475 Q0 WTX001-B10-166 3 7,776611 BM25
475 Q0 WTX001-B50-22 4 7,511127 BM25
475 Q0 WTX001-B43-359 5 7,037199 BM25
475 Q0 WTX001-B45-462 6 6,824736 BM25
475 Q0 WTX001-B21-48 7 6,693281 BM25
475 Q0 WTX001-B45-434 8 6,491267 BM25
475 Q0 WTX001-B42-188 9 6,491267 BM25
476 Q0 WTX001-B28-84 0 9,372144 BM25
476 Q0 WTX001-B45-260 1 9,211775 BM25
476 Q0 WTX001-B27-131 2 8,728316 BM25
476 Q0 WTX001-B45-170 3 8,611249 BM25
476 Q0 WTX001-B45-85 4 8,548034 BM25
476 Q0 WTX001-B29-205 5 8,149938 BM25
476 Q0 WTX001-B16-105 6 7,996533 BM25
476 Q0 WTX001-B42-156 7 7,996533 BM25
476 Q0 WTX001-B45-101 8 7,680551 BM25
476 Q0 WTX001-B45-123 9 7,680551 BM25
477 Q0 WTX001-B26-80 0 18,109367 BM25
477 Q0 WTX001-B26-518 1 10,947796 BM25
477 Q0 WTX001-B08-10 2 9,974263 BM25
477 Q0 WTX001-B26-95 3 9,623649 BM25
477 Q0 WTX001-B26-99 4 9,623649 BM25
477 Q0 WTX001-B26-77 5 9,509158 BM25
477 Q0 WTX001-B16-43 6 9,486835 BM25
477 Q0 WTX001-B26-85 7 9,344337 BM25
477 Q0 WTX001-B25-402 8 9,344337 BM25
477 Q0 WTX001-B25-363 9 9,279290 BM25
510 Q0 WTX001-B45-229 0 7,426187 BM25
510 Q0 WTX001-B45-170 1 7,406219 BM25
510 Q0 WTX001-B45-224 2 7,406219 BM25
510 Q0 WTX001-B45-257 3 7,406219 BM25
510 Q0 WTX001-B30-174 4 7,301081 BM25
510 Q0 WTX001-B26-544 5 7,299509 BM25
510 Q0 WTX001-B23-366 6 7,299509 BM25
510 Q0 WTX001-B34-68 7 7,299509 BM25
510 Q0 WTX001-B39-115 8 7,184434 BM25
510 Q0 WTX001-B36-68 9 7,049394 BM25
478 Q0 WTX001-B44-50 0 10,011610 BM25
478 Q0 WTX001-B44-435 1 9,798349 BM25
478 Q0 WTX001-B43-522 2 9,647548 BM25
478 Q0 WTX001-B49-181 3 9,598074 BM25
478 Q0 WTX001-B31-11 4 9,586579 BM25
478 Q0 WTX001-B44-67 5 9,271686 BM25
478 Q0 WTX001-B49-24 6 9,271686 BM25
478 Q0 WTX001-B49-229 7 9,166115 BM25
478 Q0 WTX001-B43-404 8 9,130459 BM25
478 Q0 WTX001-B49-245 9 8,346405 BM25
511 Q0 WTX001-B30-240 0 13,486004 BM25
511 Q0 WTX001-B34-555 1 12,768145 BM25
511 Q0 WTX001-B43-400 2 11,642286 BM25
511 Q0 WTX001-B44-281 3 11,598254 BM25
511 Q0 WTX001-B44-169 4 11,304256 BM25
511 Q0 WTX001-B10-93 5 11,250647 BM25
511 Q0 WTX001-B44-440 6 10,869205 BM25
511 Q0 WTX001-B49-63 7 10,689842 BM25
511 Q0 WTX001-B49-50 8 10,508920 BM25
511 Q0 WTX001-B35-454 9 10,047897 BM25
479 Q0 WTX001-B34-251 0 28,501585 BM25
479 Q0 WTX001-B04-88 1 17,248325 BM25
479 Q0 WTX001-B18-90 2 16,057800 BM25
479 Q0 WTX001-B11-149 3 10,959403 BM25
479 Q0 WTX001-B47-46 4 10,212249 BM25
479 Q0 WTX001-B26-177 5 9,826932 BM25
479 Q0 WTX001-B41-121 6 9,784253 BM25
479 Q0 WTX001-B32-117 7 9,760157 BM25
479 Q0 WTX001-B36-198 8 9,658234 BM25
479 Q0 WTX001-B30-71 9 9,361646 BM25
512 Q0 WTX001-B34-253 0 12,241577 BM25
512 Q0 WTX001-B21-49 1 10,263084 BM25
512 Q0 WTX001-B15-35 2 8,384295 BM25
512 Q0 WTX001-B15-34 3 8,193767 BM25
512 Q0 WTX001-B15-58 4 8,193767 BM25
512 Q0 WTX001-B14-31 5 7,680967 BM25
512 Q0 WTX001-B34-623 6 7,028606 BM25
512 Q0 WTX001-B23-390 7 6,977984 BM25
512 Q0 WTX001-B26-507 8 6,702250 BM25
512 Q0 WTX001-B49-293 9 6,473443 BM25
513 Q0 WTX001-B34-9 0 11,777554 BM25
513 Q0 WTX001-B49-140 1 10,127522 BM25
513 Q0 WTX001-B36-113 2 7,965256 BM25
513 Q0 WTX001-B32-159 3 7,965256 BM25
513 Q0 WTX001-B42-49 4 7,271887 BM25
513 Q0 WTX001-B37-221 5 6,354505 BM25
513 Q0 WTX001-B25-153 6 6,354505 BM25
513 Q0 WTX001-B10-126 7 6,354505 BM25
513 Q0 WTX001-B40-12 8 5,156873 BM25
513 Q0 WTX001-B30-406 9 4,444572 BM25
514 Q0 WTX001-B16-150 0 15,593646 BM25
514 Q0 WTX001-B16-155 1 14,329498 BM25
514 Q0 WTX001-B47-230 2 13,511606 BM25
514 Q0 WTX001-B09-79 3 12,978374 BM25
514 Q0 WTX001-B16-160 4 10,602827 BM25
514 Q0 WTX001-B35-413 5 9,629286 BM25
514 Q0 WTX001-B08-92 6 9,193065 BM25
514 Q0 WTX001-B44-378 7 9,095728 BM25
514 Q0 WTX001-B08-226 8 9,033721 BM25
514 Q0 WTX001-B36-62 9 8,965464 BM25
515 Q0 WTX001-B41-145 0 20,892618 BM25
515 Q0 WTX001-B48-60 1 14,248230 BM25
515 Q0 WTX001-B12-141 2 13,982563 BM25
515 Q0 WTX001-B47-365 3 12,532953 BM25
515 Q0 WTX001-B30-42 4 9,939120 BM25
515 Q0 WTX001-B34-267 5 9,939120 BM25
515 Q0 WTX001-B45-322 6 9,475250 BM25
515 Q0 WTX001-B44-345 7 9,414267 BM25
515 Q0 WTX001-B26-200 8 9,107697 BM25
515 Q0 WTX001-B43-390 9 8,829097 BM25
516 Q0 WTX001-B20-10 0 9,487304 BM25
516 Q0 WTX001-B42-253 1 8,199119 BM25
516 Q0 WTX001-B06-63 2 7,946217 BM25
516 Q0 WTX001-B26-301 3 7,288271 BM25
516 Q0 WTX001-B30-226 4 7,022159 BM25
516 Q0 WTX001-B41-104 5 7,022159 BM25
516 Q0 WTX001-B46-51 6 7,022159 BM25
516 Q0 WTX001-B27-224 7 6,830372 BM25
516 Q0 WTX001-B27-191 8 6,136280 BM25
516 Q0 WTX001-B27-266 9 6,136280 BM25
517 Q0 WTX001-B32-286 0 11,441394 BM25
517 Q0 WTX001-B14-131 1 11,235281 BM25
517 Q0 WTX001-B50-88 2 10,541862 BM25
517 Q0 WTX001-B21-297 3 10,460360 BM25
517 Q0 WTX001-B09-7 4 10,286222 BM25
517 Q0 WTX001-B29-87 5 10,111067 BM25
517 Q0 WTX001-B19-102 6 10,102276 BM25
517 Q0 WTX001-B45-436 7 9,949248 BM25
517 Q0 WTX001-B20-22 8 9,807795 BM25
517 Q0 WTX001-B43-174 9 9,805899 BM25
518 Q0 WTX001-B12-276 0 12,914822 BM25
518 Q0 WTX001-B47-354 1 12,736422 BM25
518 Q0 WTX001-B12-305 2 12,689116 BM25
518 Q0 WTX001-B12-308 3 12,339052 BM25
518 Q0 WTX001-B05-6 4 12,212199 BM25
518 Q0 WTX001-B12-312 5 12,206996 BM25
518 Q0 WTX001-B12-322 6 12,206996 BM25
518 Q0 WTX001-B12-293 7 11,998119 BM25
518 Q0 WTX001-B12-315 8 11,971920 BM25
518 Q0 WTX001-B12-290 9 11,834911 BM25
519 Q0 WTX001-B06-27 0 17,329275 BM25
519 Q0 WTX001-B42-125 1 13,659969 BM25
519 Q0 WTX001-B08-229 2 11,349166 BM25
519 Q0 WTX001-B15-121 3 7,904783 BM25
519 Q0 WTX001-B37-194 4 7,893333 BM25
519 Q0 WTX001-B31-14 5 7,853179 BM25
519 Q0 WTX001-B43-161 6 7,186284 BM25
519 Q0 WTX001-B44-334 7 7,150769 BM25
519 Q0 WTX001-B24-241 8 7,139606 BM25
519 Q0 WTX001-B35-391 9 7,055368 BM25
480 Q0 WTX001-B36-23 0 13,376397 BM25
480 Q0 WTX001-B13-152 1 11,843252 BM25
480 Q0 WTX001-B16-101 2 11,532628 BM25
480 Q0 WTX001-B06-79 3 10,716729 BM25
480 Q0 WTX001-B19-210 4 10,618139 BM25
480 Q0 WTX001-B19-212 5 10,618139 BM25
480 Q0 WTX001-B10-106 6 10,316670 BM25
480 Q0 WTX001-B19-108 7 10,153183 BM25
480 Q0 WTX001-B13-232 8 10,070851 BM25
480 Q0 WTX001-B13-216 9 10,007246 BM25
481 Q0 WTX001-B16-154 0 12,321742 BM25
481 Q0 WTX001-B46-58 1 12,058496 BM25
481 Q0 WTX001-B07-65 2 9,064415 BM25
481 Q0 WTX001-B35-4 3 8,322885 BM25
481 Q0 WTX001-B12-78 4 8,216787 BM25
481 Q0 WTX001-B04-70 5 8,216787 BM25
481 Q0 WTX001-B03-156 6 8,216787 BM25
481 Q0 WTX001-B21-282 7 8,057441 BM25
481 Q0 WTX001-B14-155 8 8,057441 BM25
481 Q0 WTX001-B35-209 9 7,892102 BM25
482 Q0 WTX001-B33-197 0 15,981665 BM25
482 Q0 WTX001-B22-210 1 15,249156 BM25
482 Q0 WTX001-B48-352 2 14,621980 BM25
482 Q0 WTX001-B48-299 3 14,421114 BM25
482 Q0 WTX001-B49-67 4 14,363233 BM25
482 Q0 WTX001-B33-219 5 12,999470 BM25
482 Q0 WTX001-B06-74 6 12,906616 BM25
482 Q0 WTX001-B05-85 7 12,590382 BM25
482 Q0 WTX001-B33-231 8 12,474642 BM25
482 Q0 WTX001-B48-23 9 12,289232 BM25
483 Q0 WTX001-B45-299 0 10,417798 BM25
483 Q0 WTX001-B26-331 1 8,974719 BM25
483 Q0 WTX001-B29-123 2 8,459674 BM25
483 Q0 WTX001-B26-327 3 8,459674 BM25
483 Q0 WTX001-B26-329 4 8,459674 BM25
483 Q0 WTX001-B37-131 5 7,917679 BM25
483 Q0 WTX001-B27-227 6 7,876193 BM25
483 Q0 WTX001-B15-158 7 7,724485 BM25
483 Q0 WTX001-B09-48 8 7,491348 BM25
483 Q0 WTX001-B26-389 9 7,480755 BM25
484 Q0 WTX001-B26-237 0 7,483030 BM25
484 Q0 WTX001-B02-349 1 7,314774 BM25
484 Q0 WTX001-B09-68 2 7,060201 BM25
484 Q0 WTX001-B35-395 3 7,016853 BM25
484 Q0 WTX001-B08-203 4 7,016853 BM25
484 Q0 WTX001-B16-96 5 6,882699 BM25
484 Q0 WTX001-B28-80 6 6,855926 BM25
484 Q0 WTX001-B46-131 7 6,761176 BM25
484 Q0 WTX001-B02-14 8 6,761176 BM25
484 Q0 WTX001-B32-256 9 6,645389 BM25
485 Q0 WTX001-B16-274 0 12,739715 BM25
485 Q0 WTX001-B33-122 1 12,453321 BM25
485 Q0 WTX001-B30-411 2 12,064324 BM25
485 Q0 WTX001-B31-16 3 11,970562 BM25
485 Q0 WTX001-B30-427 4 11,364777 BM25
485 Q0 WTX001-B31-9 5 11,242727 BM25
485 Q0 WTX001-B30-417 6 11,154793 BM25
485 Q0 WTX001-B31-7 7 10,984883 BM25
485 Q0 WTX001-B30-422 8 10,609970 BM25
485 Q0 WTX001-B31-22 9 10,532083 BM25
486 Q0 WTX001-B35-432 0 12,441638 BM25
486 Q0 WTX001-B26-167 1 11,836529 BM25
486 Q0 WTX001-B26-163 2 11,304841 BM25
486 Q0 WTX001-B09-41 3 11,183386 BM25
486 Q0 WTX001-B23-3 4 10,506890 BM25
486 Q0 WTX001-B25-410 5 10,506890 BM25
486 Q0 WTX001-B20-25 6 10,372953 BM25
486 Q0 WTX001-B29-227 7 10,275236 BM25
486 Q0 WTX001-B39-120 8 10,203711 BM25
486 Q0 WTX001-B22-264 9 9,810463 BM25
487 Q0 WTX001-B03-124 0 10,615612 BM25
487 Q0 WTX001-B29-30 1 10,096915 BM25
487 Q0 WTX001-B03-245 2 8,975240 BM25
487 Q0 WTX001-B03-89 3 6,914807 BM25
487 Q0 WTX001-B48-292 4 6,132414 BM25
487 Q0 WTX001-B44-19 5 6,132414 BM25
487 Q0 WTX001-B49-34 6 6,132414 BM25
487 Q0 WTX001-B21-158 7 2,380008 BM25
520 Q0 WTX001-B49-175 0 13,677093 BM25
520 Q0 WTX001-B09-18 1 10,692656 BM25
520 Q0 WTX001-B42-164 2 9,986109 BM25
520 Q0 WTX001-B30-73 3 9,868083 BM25
520 Q0 WTX001-B27-342 4 9,774240 BM25
520 Q0 WTX001-B19-173 5 9,774240 BM25
520 Q0 WTX001-B34-485 6 9,357301 BM25
520 Q0 WTX001-B19-95 7 9,285286 BM25
520 Q0 WTX001-B10-227 8 9,265112 BM25
520 Q0 WTX001-B27-370 9 9,148897 BM25
488 Q0 WTX001-B20-131 0 20,127230 BM25
488 Q0 WTX001-B16-105 1 17,270012 BM25
488 Q0 WTX001-B41-153 2 15,807763 BM25
488 Q0 WTX001-B38-717 3 15,665918 BM25
488 Q0 WTX001-B08-217 4 14,712240 BM25
488 Q0 WTX001-B46-334 5 14,092823 BM25
488 Q0 WTX001-B15-130 6 12,233955 BM25
488 Q0 WTX001-B42-132 7 12,042278 BM25
488 Q0 WTX001-B11-266 8 12,025061 BM25
488 Q0 WTX001-B21-60 9 12,018751 BM25
521 Q0 WTX001-B08-254 0 12,034521 BM25
521 Q0 WTX001-B29-202 1 11,803650 BM25
521 Q0 WTX001-B09-94 2 11,024338 BM25
521 Q0 WTX001-B16-111 3 10,575459 BM25
521 Q0 WTX001-B20-64 4 10,446881 BM25
521 Q0 WTX001-B20-74 5 10,315545 BM25
521 Q0 WTX001-B48-252 6 10,288322 BM25
521 Q0 WTX001-B27-172 7 10,124708 BM25
521 Q0 WTX001-B25-2 8 9,965769 BM25
521 Q0 WTX001-B46-353 9 9,646932 BM25
489 Q0 WTX001-B44-15 0 11,674154 BM25
489 Q0 WTX001-B49-187 1 11,340807 BM25
489 Q0 WTX001-B43-510 2 10,420083 BM25
489 Q0 WTX001-B23-227 3 9,553081 BM25
489 Q0 WTX001-B20-284 4 9,293887 BM25
489 Q0 WTX001-B23-393 5 7,757763 BM25
489 Q0 WTX001-B07-111 6 7,706267 BM25
489 Q0 WTX001-B33-197 7 7,574637 BM25
489 Q0 WTX001-B48-47 8 7,277673 BM25
489 Q0 WTX001-B21-115 9 7,277673 BM25
522 Q0 WTX001-B09-41 0 26,035734 BM25
522 Q0 WTX001-B08-259 1 16,183727 BM25
522 Q0 WTX001-B36-128 2 15,401848 BM25
522 Q0 WTX001-B50-186 3 14,733131 BM25
522 Q0 WTX001-B42-249 4 14,607306 BM25
522 Q0 WTX001-B14-8 5 14,268393 BM25
522 Q0 WTX001-B09-113 6 13,894227 BM25
522 Q0 WTX001-B39-208 7 13,771816 BM25
522 Q0 WTX001-B05-1 8 12,380633 BM25
522 Q0 WTX001-B23-127 9 11,945865 BM25
523 Q0 WTX001-B30-240 0 13,280713 BM25
523 Q0 WTX001-B22-212 1 13,080173 BM25
523 Q0 WTX001-B30-414 2 11,447083 BM25
523 Q0 WTX001-B10-184 3 11,353379 BM25
523 Q0 WTX001-B50-33 4 11,215745 BM25
523 Q0 WTX001-B08-267 5 10,755331 BM25
523 Q0 WTX001-B42-194 6 10,608480 BM25
523 Q0 WTX001-B48-308 7 10,420088 BM25
523 Q0 WTX001-B27-101 8 10,278716 BM25
523 Q0 WTX001-B37-170 9 10,221607 BM25
524 Q0 WTX001-B34-45 0 11,336056 BM25
524 Q0 WTX001-B15-56 1 9,852574 BM25
524 Q0 WTX001-B06-231 2 8,587300 BM25
524 Q0 WTX001-B06-243 3 8,587300 BM25
524 Q0 WTX001-B21-155 4 8,587300 BM25
524 Q0 WTX001-B46-120 5 8,587300 BM25
524 Q0 WTX001-B36-7 6 8,304927 BM25
524 Q0 WTX001-B35-40 7 8,144962 BM25
524 Q0 WTX001-B06-241 8 8,055874 BM25
524 Q0 WTX001-B46-185 9 8,055874 BM25
525 Q0 WTX001-B24-68 0 10,703249 BM25
525 Q0 WTX001-B04-39 1 10,580938 BM25
525 Q0 WTX001-B49-53 2 9,971126 BM25
525 Q0 WTX001-B12-304 3 9,369804 BM25
525 Q0 WTX001-B23-301 4 9,324121 BM25
525 Q0 WTX001-B37-228 5 9,037093 BM25
525 Q0 WTX001-B15-118 6 9,037093 BM25
525 Q0 WTX001-B08-152 7 8,952443 BM25
525 Q0 WTX001-B49-13 8 8,905448 BM25
525 Q0 WTX001-B24-51 9 8,789952 BM25
526 Q0 WTX001-B32-259 0 7,346646 BM25
526 Q0 WTX001-B18-32 1 5,461684 BM25
526 Q0 WTX001-B18-34 2 3,281788 BM25
526 Q0 WTX001-B20-151 3 2,611576 BM25
526 Q0 WTX001-B15-162 4 2,611576 BM25
526 Q0 WTX001-B36-93 5 1,419757 BM25
526 Q0 WTX001-B19-246 6 0,673455 BM25
526 Q0 WTX001-B29-268 7 0,522201 BM25
526 Q0 WTX001-B42-15 8 0,175446 BM25
526 Q0 WTX001-B18-198 9 0,099297 BM25
527 Q0 WTX001-B38-207 0 8,178551 BM25
527 Q0 WTX001-B12-138 1 8,121717 BM25
527 Q0 WTX001-B38-337 2 8,118256 BM25
527 Q0 WTX001-B50-159 3 7,812281 BM25
527 Q0 WTX001-B10-57 4 7,775351 BM25
527 Q0 WTX001-B31-11 5 7,773010 BM25
527 Q0 WTX001-B19-3 6 7,694647 BM25
527 Q0 WTX001-B38-332 7 7,590442 BM25
527 Q0 WTX001-B39-182 8 7,577118 BM25
527 Q0 WTX001-B35-42 9 7,515252 BM25
528 Q0 WTX001-B23-223 0 11,392032 BM25
528 Q0 WTX001-B15-134 1 11,228661 BM25
528 Q0 WTX001-B10-126 2 10,147865 BM25
528 Q0 WTX001-B05-61 3 9,995876 BM25
528 Q0 WTX001-B50-74 4 9,137979 BM25
528 Q0 WTX001-B50-77 5 9,137979 BM25
528 Q0 WTX001-B14-31 6 8,961968 BM25
528 Q0 WTX001-B48-352 7 8,819664 BM25
528 Q0 WTX001-B16-305 8 8,153608 BM25
528 Q0 WTX001-B48-27 9 8,131319 BM25
529 Q0 WTX001-B39-182 0 12,669538 BM25
529 Q0 WTX001-B10-129 1 10,928687 BM25
529 Q0 WTX001-B07-151 2 9,906734 BM25
529 Q0 WTX001-B07-191 3 9,906734 BM25
529 Q0 WTX001-B07-197 4 9,906734 BM25
529 Q0 WTX001-B07-208 5 9,906734 BM25
529 Q0 WTX001-B07-220 6 9,906734 BM25
529 Q0 WTX001-B32-58 7 9,138190 BM25
529 Q0 WTX001-B32-45 8 8,572672 BM25
529 Q0 WTX001-B20-294 9 6,839088 BM25
490 Q0 WTX001-B09-162 0 11,219138 BM25
490 Q0 WTX001-B30-267 1 10,407601 BM25
490 Q0 WTX001-B17-296 2 10,096863 BM25
490 Q0 WTX001-B16-3 3 9,456144 BM25
490 Q0 WTX001-B27-232 4 8,240508 BM25
490 Q0 WTX001-B38-388 5 7,893333 BM25
490 Q0 WTX001-B30-182 6 7,334193 BM25
490 Q0 WTX001-B09-31 7 7,311192 BM25
490 Q0 WTX001-B09-156 8 7,259625 BM25
490 Q0 WTX001-B20-135 9 7,258221 BM25
491 Q0 WTX001-B42-201 0 13,185040 BM25
491 Q0 WTX001-B17-153 1 12,324085 BM25
491 Q0 WTX001-B17-205 2 10,784043 BM25
491 Q0 WTX001-B17-157 3 10,219242 BM25
491 Q0 WTX001-B17-133 4 9,644840 BM25
491 Q0 WTX001-B17-143 5 9,571535 BM25
491 Q0 WTX001-B15-93 6 9,540535 BM25
491 Q0 WTX001-B17-89 7 9,425642 BM25
491 Q0 WTX001-B17-104 8 9,425642 BM25
491 Q0 WTX001-B17-160 9 9,425642 BM25
492 Q0 WTX001-B02-373 0 13,414216 BM25
492 Q0 WTX001-B47-236 1 10,718466 BM25
492 Q0 WTX001-B26-95 2 10,477209 BM25
492 Q0 WTX001-B33-185 3 9,790475 BM25
492 Q0 WTX001-B34-228 4 9,790475 BM25
492 Q0 WTX001-B16-155 5 9,759905 BM25
492 Q0 WTX001-B20-146 6 9,042211 BM25
492 Q0 WTX001-B16-150 7 9,023860 BM25
492 Q0 WTX001-B21-94 8 8,957215 BM25
492 Q0 WTX001-B08-266 9 8,956240 BM25
493 Q0 WTX001-B09-22 0 8,276104 BM25
493 Q0 WTX001-B28-199 1 7,763937 BM25
493 Q0 WTX001-B08-84 2 7,763937 BM25
493 Q0 WTX001-B12-375 3 7,763937 BM25
493 Q0 WTX001-B24-186 4 7,763937 BM25
493 Q0 WTX001-B08-89 5 7,088093 BM25
493 Q0 WTX001-B03-140 6 7,088093 BM25
493 Q0 WTX001-B09-79 7 6,193897 BM25
493 Q0 WTX001-B29-93 8 6,193897 BM25
493 Q0 WTX001-B27-234 9 6,193897 BM25
494 Q0 WTX001-B42-150 0 10,137775 BM25
494 Q0 WTX001-B42-211 1 10,137775 BM25
494 Q0 WTX001-B42-206 2 10,008543 BM25
494 Q0 WTX001-B27-244 3 9,465815 BM25
494 Q0 WTX001-B42-199 4 8,024179 BM25
494 Q0 WTX001-B42-259 5 8,024179 BM25
494 Q0 WTX001-B16-44 6 7,776672 BM25
494 Q0 WTX001-B42-154 7 7,527602 BM25
494 Q0 WTX001-B43-35 8 6,872331 BM25
494 Q0 WTX001-B41-144 9 6,027552 BM25
495 Q0 WTX001-B03-361 0 9,531681 BM25
495 Q0 WTX001-B03-117 1 8,778856 BM25
495 Q0 WTX001-B03-217 2 8,384821 BM25
495 Q0 WTX001-B44-468 3 8,344159 BM25
495 Q0 WTX001-B44-281 4 8,318850 BM25
495 Q0 WTX001-B40-8 5 8,143701 BM25
495 Q0 WTX001-B25-181 6 7,968421 BM25
495 Q0 WTX001-B16-187 7 7,907106 BM25
495 Q0 WTX001-B21-128 8 7,852172 BM25
495 Q0 WTX001-B01-192 9 7,807272 BM25
496 Q0 WTX001-B32-164 0 8,049987 BM25
497 Q0 WTX001-B20-88 0 10,517910 BM25
497 Q0 WTX001-B17-276 1 2,469765 BM25
497 Q0 WTX001-B14-75 2 2,469765 BM25
497 Q0 WTX001-B05-85 3 0,723879 BM25
497 Q0 WTX001-B40-31 4 0,289630 BM25
497 Q0 WTX001-B05-89 5 0,186825 BM25
530 Q0 WTX001-B12-439 0 9,447042 BM25
530 Q0 WTX001-B12-444 1 9,208887 BM25
530 Q0 WTX001-B32-220 2 7,346646 BM25
530 Q0 WTX001-B23-68 3 6,497885 BM25
530 Q0 WTX001-B10-165 4 5,962027 BM25
530 Q0 WTX001-B08-48 5 4,635554 BM25
530 Q0 WTX001-B20-34 6 4,333041 BM25
530 Q0 WTX001-B20-102 7 4,236840 BM25
530 Q0 WTX001-B24-349 8 4,236840 BM25
530 Q0 WTX001-B34-19 9 3,808304 BM25
498 Q0 WTX001-B32-220 0 10,219826 BM25
498 Q0 WTX001-B34-12 1 9,427561 BM25
498 Q0 WTX001-B30-320 2 9,247692 BM25
498 Q0 WTX001-B10-140 3 9,171309 BM25
498 Q0 WTX001-B44-200 4 9,161200 BM25
498 Q0 WTX001-B44-263 5 9,135707 BM25
498 Q0 WTX001-B11-6 6 9,002769 BM25
498 Q0 WTX001-B44-25 7 8,840315 BM25
498 Q0 WTX001-B48-307 8 8,750300 BM25
498 Q0 WTX001-B30-237 9 8,607334 BM25
531 Q0 WTX001-B15-35 0 8,361334 BM25
531 Q0 WTX001-B15-92 1 8,132944 BM25
531 Q0 WTX001-B15-47 2 7,112928 BM25
531 Q0 WTX001-B11-30 3 6,637056 BM25
531 Q0 WTX001-B16-91 4 6,501326 BM25
531 Q0 WTX001-B43-450 5 6,401745 BM25
531 Q0 WTX001-B16-27 6 6,279378 BM25
531 Q0 WTX001-B34-12 7 6,274853 BM25
531 Q0 WTX001-B18-127 8 6,128224 BM25
531 Q0 WTX001-B10-85 9 6,128224 BM25
499 Q0 WTX001-B31-159 0 11,291245 BM25
499 Q0 WTX001-B31-155 1 10,949411 BM25
499 Q0 WTX001-B22-155 2 8,569065 BM25
499 Q0 WTX001-B30-212 3 7,727848 BM25
499 Q0 WTX001-B13-128 4 7,648061 BM25
499 Q0 WTX001-B09-43 5 7,492177 BM25
499 Q0 WTX001-B26-83 6 7,491228 BM25
499 Q0 WTX001-B26-86 7 7,491228 BM25
499 Q0 WTX001-B34-181 8 7,345949 BM25
499 Q0 WTX001-B13-126 9 7,323372 BM25
532 Q0 WTX001-B16-26 0 9,761326 BM25
532 Q0 WTX001-B18-173 1 8,344949 BM25
532 Q0 WTX001-B03-351 2 8,344949 BM25
532 Q0 WTX001-B24-53 3 7,025938 BM25
532 Q0 WTX001-B26-24 4 5,223261 BM25
532 Q0 WTX001-B41-30 5 4,914197 BM25
532 Q0 WTX001-B20-147 6 4,914197 BM25
532 Q0 WTX001-B25-173 7 4,051887 BM25
532 Q0 WTX001-B12-463 8 3,882583 BM25
532 Q0 WTX001-B12-83 9 3,186989 BM25
533 Q0 WTX001-B29-220 0 23,560198 BM25
533 Q0 WTX001-B39-181 1 16,402874 BM25
533 Q0 WTX001-B44-99 2 13,126393 BM25
533 Q0 WTX001-B46-430 3 13,049862 BM25
533 Q0 WTX001-B32-110 4 12,952439 BM25
533 Q0 WTX001-B38-670 5 12,892774 BM25
533 Q0 WTX001-B37-100 6 12,722790 BM25
533 Q0 WTX001-B29-148 7 12,463607 BM25
533 Q0 WTX001-B20-290 8 12,294576 BM25
533 Q0 WTX001-B18-112 9 11,958622 BM25
534 Q0 WTX001-B44-11 0 9,737694 BM25
534 Q0 WTX001-B20-32 1 7,967277 BM25
534 Q0 WTX001-B07-314 2 7,944121 BM25
534 Q0 WTX001-B43-57 3 7,597880 BM25
534 Q0 WTX001-B43-354 4 7,502100 BM25
534 Q0 WTX001-B43-51 5 7,496833 BM25
534 Q0 WTX001-B43-70 6 7,439179 BM25
534 Q0 WTX001-B43-147 7 7,438003 BM25
534 Q0 WTX001-B43-364 8 7,398386 BM25
534 Q0 WTX001-B43-47 9 7,381946 BM25
535 Q0 WTX001-B44-418 0 13,354454 BM25
535 Q0 WTX001-B20-236 1 12,280877 BM25
535 Q0 WTX001-B01-189 2 11,492640 BM25
535 Q0 WTX001-B43-512 3 10,944140 BM25
535 Q0 WTX001-B43-196 4 10,490687 BM25
535 Q0 WTX001-B34-167 5 10,281504 BM25
535 Q0 WTX001-B02-78 6 10,207616 BM25
535 Q0 WTX001-B44-387 7 9,956958 BM25
535 Q0 WTX001-B13-224 8 9,811919 BM25
535 Q0 WTX001-B02-104 9 9,257084 BM25
536 Q0 WTX001-B50-12 0 17,252842 BM25
536 Q0 WTX001-B50-75 1 15,207314 BM25
536 Q0 WTX001-B50-74 2 13,364586 BM25
536 Q0 WTX001-B50-79 3 13,364586 BM25
536 Q0 WTX001-B29-87 4 11,667967 BM25
536 Q0 WTX001-B50-81 5 10,584297 BM25
536 Q0 WTX001-B12-287 6 10,511696 BM25
536 Q0 WTX001-B27-78 7 10,397474 BM25
536 Q0 WTX001-B44-85 8 10,161754 BM25
536 Q0 WTX001-B28-140 9 10,021317 BM25
537 Q0 WTX001-B29-13 0 10,808567 BM25
537 Q0 WTX001-B37-159 1 10,284771 BM25
537 Q0 WTX001-B29-14 2 9,535776 BM25
537 Q0 WTX001-B29-17 3 9,535776 BM25
537 Q0 WTX001-B29-19 4 9,535776 BM25
537 Q0 WTX001-B11-319 5 9,535776 BM25
537 Q0 WTX001-B37-151 6 8,945654 BM25
537 Q0 WTX001-B12-184 7 8,945654 BM25
537 Q0 WTX001-B12-226 8 8,945654 BM25
537 Q0 WTX001-B28-128 9 8,403806 BM25
538 Q0 WTX001-B18-39 0 10,778378 BM25
538 Q0 WTX001-B11-152 1 4,323130 BM25
538 Q0 WTX001-B17-276 2 2,469765 BM25
538 Q0 WTX001-B36-74 3 2,469765 BM25
538 Q0 WTX001-B36-62 4 1,377252 BM25
538 Q0 WTX001-B19-274 5 1,087598 BM25
539 Q0 WTX001-B33-220 0 10,723027 BM25
539 Q0 WTX001-B44-317 1 10,561031 BM25
539 Q0 WTX001-B44-4 2 10,329740 BM25
539 Q0 WTX001-B44-334 3 10,299689 BM25
539 Q0 WTX001-B11-109 4 9,882754 BM25
539 Q0 WTX001-B48-263 5 9,818121 BM25
539 Q0 WTX001-B48-268 6 9,367980 BM25
539 Q0 WTX001-B33-177 7 9,207549 BM25
539 Q0 WTX001-B49-268 8 8,891745 BM25
539 Q0 WTX001-B44-365 9 8,520088 BM25
540 Q0 WTX001-B33-155 0 16,699051 BM25
540 Q0 WTX001-B23-329 1 16,699051 BM25
540 Q0 WTX001-B24-218 2 15,933434 BM25
540 Q0 WTX001-B13-29 3 14,200233 BM25
540 Q0 WTX001-B43-478 4 13,287903 BM25
540 Q0 WTX001-B33-5 5 11,998579 BM25
540 Q0 WTX001-B29-30 6 10,247677 BM25
540 Q0 WTX001-B32-87 7 10,247677 BM25
540 Q0 WTX001-B24-209 8 9,545276 BM25
540 Q0 WTX001-B48-197 9 9,293519 BM25
541 Q0 WTX001-B40-19 0 17,933153 BM25
541 Q0 WTX001-B31-253 1 16,768070 BM25
541 Q0 WTX001-B16-52 2 16,499641 BM25
541 Q0 WTX001-B35-111 3 15,948994 BM25
541 Q0 WTX001-B47-320 4 15,751152 BM25
541 Q0 WTX001-B33-20 5 14,325649 BM25
541 Q0 WTX001-B39-127 6 14,183558 BM25
541 Q0 WTX001-B37-168 7 14,123763 BM25
541 Q0 WTX001-B37-163 8 14,082736 BM25
541 Q0 WTX001-B37-164 9 14,082736 BM25
542 Q0 WTX001-B05-56 0 11,547743 BM25
542 Q0 WTX001-B15-116 1 11,400024 BM25
542 Q0 WTX001-B27-160 2 11,192464 BM25
542 Q0 WTX001-B39-165 3 11,182558 BM25
542 Q0 WTX001-B16-27 4 11,169343 BM25
542 Q0 WTX001-B05-28 5 11,074867 BM25
542 Q0 WTX001-B27-293 6 10,717699 BM25
542 Q0 WTX001-B05-33 7 10,704849 BM25
542 Q0 WTX001-B27-172 8 10,647291 BM25
542 Q0 WTX001-B15-120 9 10,615776 BM25
543 Q0 WTX001-B48-130 0 9,392076 BM25
543 Q0 WTX001-B48-21 1 8,188525 BM25
543 Q0 WTX001-B30-353 2 7,972447 BM25
543 Q0 WTX001-B48-86 3 7,657416 BM25
543 Q0 WTX001-B33-152 4 7,657416 BM25
543 Q0 WTX001-B23-378 5 7,493057 BM25
543 Q0 WTX001-B34-45 6 7,390672 BM25
543 Q0 WTX001-B48-123 7 7,217969 BM25
543 Q0 WTX001-B16-260 8 7,217969 BM25
543 Q0 WTX001-B48-279 9 6,720130 BM25
544 Q0 WTX001-B44-314 0 17,320431 BM25
544 Q0 WTX001-B44-369 1 16,150757 BM25
544 Q0 WTX001-B49-2 2 13,266156 BM25
544 Q0 WTX001-B50-40 3 11,349669 BM25
544 Q0 WTX001-B49-98 4 10,870985 BM25
544 Q0 WTX001-B49-122 5 9,598200 BM25
544 Q0 WTX001-B34-535 6 8,928128 BM25
544 Q0 WTX001-B36-16 7 8,834620 BM25
544 Q0 WTX001-B19-192 8 8,568697 BM25
544 Q0 WTX001-B32-113 9 8,375610 BM25
545 Q0 WTX001-B01-207 0 15,119545 BM25
545 Q0 WTX001-B32-111 1 14,186895 BM25
545 Q0 WTX001-B44-261 2 11,702469 BM25
545 Q0 WTX001-B27-147 3 11,588655 BM25
545 Q0 WTX001-B43-407 4 11,440956 BM25
545 Q0 WTX001-B32-131 5 11,174662 BM25
545 Q0 WTX001-B35-415 6 10,536920 BM25
545 Q0 WTX001-B33-207 7 10,456900 BM25
545 Q0 WTX001-B32-20 8 10,409443 BM25
545 Q0 WTX001-B17-308 9 10,051701 BM25
546 Q0 WTX001-B04-33 0 21,083429 BM25
546 Q0 WTX001-B04-37 1 19,325779 BM25
546 Q0 WTX001-B23-384 2 19,211369 BM25
546 Q0 WTX001-B04-48 3 18,439384 BM25
546 Q0 WTX001-B04-34 4 15,184719 BM25
546 Q0 WTX001-B46-172 5 12,340638 BM25
546 Q0 WTX001-B02-61 6 11,993599 BM25
546 Q0 WTX001-B06-29 7 10,137775 BM25
546 Q0 WTX001-B34-254 8 9,778453 BM25
546 Q0 WTX001-B36-155 9 9,362626 BM25
547 Q0 WTX001-B43-383 0 11,861457 BM25
547 Q0 WTX001-B34-344 1 8,188525 BM25
547 Q0 WTX001-B34-417 2 7,680967 BM25
547 Q0 WTX001-B24-295 3 6,645236 BM25
547 Q0 WTX001-B29-228 4 6,233338 BM25
547 Q0 WTX001-B03-260 5 6,219767 BM25
547 Q0 WTX001-B24-270 6 5,372349 BM25
547 Q0 WTX001-B42-240 7 5,365836 BM25
547 Q0 WTX001-B31-231 8 5,339822 BM25
547 Q0 WTX001-B16-95 9 5,220827 BM25
548 Q0 WTX001-B36-170 0 20,489782 BM25
548 Q0 WTX001-B24-7 1 16,671141 BM25
548 Q0 WTX001-B27-250 2 16,368650 BM25
548 Q0 WTX001-B49-13 3 16,071659 BM25
548 Q0 WTX001-B15-143 4 15,916537 BM25
548 Q0 WTX001-B16-10 5 15,815824 BM25
548 Q0 WTX001-B37-151 6 15,751429 BM25
548 Q0 WTX001-B16-305 7 15,541689 BM25
548 Q0 WTX001-B07-206 8 15,508926 BM25
548 Q0 WTX001-B37-195 9 14,499867 BM25
549 Q0 WTX001-B45-19 0 21,824541 BM25
549 Q0 WTX001-B23-335 1 17,954838 BM25
549 Q0 WTX001-B43-516 2 16,996361 BM25
549 Q0 WTX001-B44-359 3 15,224815 BM25
549 Q0 WTX001-B44-249 4 14,860430 BM25
549 Q0 WTX001-B49-224 5 13,998050 BM25
549 Q0 WTX001-B30-240 6 13,744688 BM25
549 Q0 WTX001-B23-338 7 13,578901 BM25
549 Q0 WTX001-B23-430 8 13,555799 BM25
549 Q0 WTX001-B10-254 9 13,456224 BM25
550 Q0 WTX001-B36-113 0 10,977304 BM25
550 Q0 WTX001-B40-12 1 8,123020 BM25
550 Q0 WTX001-B21-48 2 6,839088 BM25
550 Q0 WTX001-B08-252 3 6,839088 BM25
550 Q0 WTX001-B49-303 4 5,550128 BM25
550 Q0 WTX001-B19-173 5 5,550128 BM25
550 Q0 WTX001-B10-81 6 5,550128 BM25
550 Q0 WTX001-B41-58 7 4,783508 BM25
550 Q0 WTX001-B15-24 8 3,984329 BM25
550 Q0 WTX001-B15-28 9 3,984329 BM25
451 Q0 WTX001-B27-367 0 13,473319 BM25
451 Q0 WTX001-B23-91 1 9,570009 BM25
451 Q0 WTX001-B06-78 2 9,001923 BM25
451 Q0 WTX001-B23-93 3 8,994276 BM25
451 Q0 WTX001-B23-82 4 8,947441 BM25
451 Q0 WTX001-B45-559 5 8,928799 BM25
451 Q0 WTX001-B08-1 6 8,913069 BM25
451 Q0 WTX001-B48-249 7 8,796056 BM25
451 Q0 WTX001-B28-182 8 8,632480 BM25
451 Q0 WTX001-B28-167 9 8,450339 BM25
452 Q0 WTX001-B39-208 0 16,599243 BM25
452 Q0 WTX001-B14-10 1 14,414883 BM25
452 Q0 WTX001-B06-63 2 12,913225 BM25
452 Q0 WTX001-B14-11 3 12,776708 BM25
452 Q0 WTX001-B27-97 4 12,446905 BM25
452 Q0 WTX001-B03-145 5 12,445620 BM25
452 Q0 WTX001-B04-68 6 12,410803 BM25
452 Q0 WTX001-B11-179 7 12,309485 BM25
452 Q0 WTX001-B09-3 8 12,235519 BM25
452 Q0 WTX001-B13-210 9 12,003643 BM25
453 Q0 WTX001-B49-204 0 7,354618 BM25
453 Q0 WTX001-B16-41 1 6,426798 BM25
453 Q0 WTX001-B29-122 2 5,215542 BM25
453 Q0 WTX001-B27-147 3 5,215542 BM25
453 Q0 WTX001-B31-8 4 5,215542 BM25
453 Q0 WTX001-B15-135 5 4,839078 BM25
453 Q0 WTX001-B15-98 6 4,777845 BM25
453 Q0 WTX001-B08-49 7 4,777845 BM25
453 Q0 WTX001-B23-295 8 4,495137 BM25
453 Q0 WTX001-B16-38 9 4,495137 BM25
454 Q0 WTX001-B32-107 0 16,309902 BM25
454 Q0 WTX001-B07-151 1 12,866444 BM25
454 Q0 WTX001-B24-359 2 11,682329 BM25
454 Q0 WTX001-B49-160 3 11,079861 BM25
454 Q0 WTX001-B17-3 4 9,975485 BM25
454 Q0 WTX001-B33-110 5 7,788229 BM25
454 Q0 WTX001-B49-128 6 7,640370 BM25
454 Q0 WTX001-B21-158 7 7,625726 BM25
454 Q0 WTX001-B44-317 8 7,393761 BM25
454 Q0 WTX001-B44-132 9 7,377331 BM25
455 Q0 WTX001-B14-1 0 13,673616 BM25
455 Q0 WTX001-B45-122 1 11,798816 BM25
455 Q0 WTX001-B30-214 2 11,378894 BM25
455 Q0 WTX001-B44-375 3 10,875169 BM25
455 Q0 WTX001-B27-136 4 10,764388 BM25
455 Q0 WTX001-B11-45 5 10,580009 BM25
455 Q0 WTX001-B46-48 6 10,344717 BM25
455 Q0 WTX001-B43-284 7 10,274184 BM25
455 Q0 WTX001-B33-14 8 9,482328 BM25
455 Q0 WTX001-B17-191 9 9,470349 BM25
456 Q0 WTX001-B27-141 0 9,366084 BM25
456 Q0 WTX001-B35-114 1 9,063413 BM25
456 Q0 WTX001-B27-185 2 8,833839 BM25
456 Q0 WTX001-B27-234 3 8,658369 BM25
456 Q0 WTX001-B27-276 4 8,551648 BM25
456 Q0 WTX001-B15-121 5 8,294766 BM25
456 Q0 WTX001-B15-89 6 8,264076 BM25
456 Q0 WTX001-B08-271 7 8,179496 BM25
456 Q0 WTX001-B50-78 8 8,102401 BM25
456 Q0 WTX001-B27-253 9 8,087383 BM25
457 Q0 WTX001-B35-433 0 15,792092 BM25
457 Q0 WTX001-B04-51 1 10,883904 BM25
457 Q0 WTX001-B35-422 2 10,281455 BM25
457 Q0 WTX001-B20-98 3 9,968152 BM25
457 Q0 WTX001-B05-26 4 9,783665 BM25
457 Q0 WTX001-B15-124 5 9,421581 BM25
457 Q0 WTX001-B13-247 6 9,336068 BM25
457 Q0 WTX001-B01-239 7 8,240508 BM25
457 Q0 WTX001-B16-99 8 8,240508 BM25
457 Q0 WTX001-B40-43 9 8,095580 BM25
458 Q0 WTX001-B24-53 0 7,173409 BM25
458 Q0 WTX001-B24-29 1 6,564156 BM25
458 Q0 WTX001-B15-61 2 5,821439 BM25
458 Q0 WTX001-B48-224 3 2,264641 BM25
458 Q0 WTX001-B11-46 4 2,264641 BM25
458 Q0 WTX001-B16-69 5 2,264641 BM25
458 Q0 WTX001-B15-162 6 1,386279 BM25
458 Q0 WTX001-B15-116 7 0,997269 BM25
458 Q0 WTX001-B21-158 8 0,988056 BM25
458 Q0 WTX001-B15-120 9 0,988056 BM25
459 Q0 WTX001-B18-140 0 17,750511 BM25
459 Q0 WTX001-B37-26 1 15,113434 BM25
459 Q0 WTX001-B36-166 2 12,484392 BM25
459 Q0 WTX001-B36-176 3 12,458574 BM25
459 Q0 WTX001-B06-94 4 10,501335 BM25
459 Q0 WTX001-B39-204 5 10,093429 BM25
459 Q0 WTX001-B42-99 6 9,761230 BM25
459 Q0 WTX001-B37-118 7 8,024119 BM25
459 Q0 WTX001-B34-226 8 7,964423 BM25
459 Q0 WTX001-B35-457 9 7,398553 BM25
460 Q0 WTX001-B34-533 0 11,631989 BM25
460 Q0 WTX001-B15-116 1 9,213331 BM25
460 Q0 WTX001-B11-31 2 8,493398 BM25
460 Q0 WTX001-B44-486 3 7,727303 BM25
460 Q0 WTX001-B12-88 4 7,727303 BM25
460 Q0 WTX001-B11-307 5 7,727303 BM25
460 Q0 WTX001-B28-102 6 7,321992 BM25
460 Q0 WTX001-B20-169 7 7,054648 BM25
460 Q0 WTX001-B49-181 8 7,054648 BM25
460 Q0 WTX001-B34-627 9 7,054648 BM25
461 Q0 WTX001-B27-305 0 15,477308 BM25
461 Q0 WTX001-B31-5 1 12,347454 BM25
461 Q0 WTX001-B19-173 2 11,869110 BM25
461 Q0 WTX001-B23-266 3 8,538124 BM25
461 Q0 WTX001-B27-169 4 8,369114 BM25
461 Q0 WTX001-B19-95 5 8,369114 BM25
461 Q0 WTX001-B01-4 6 8,207912 BM25
461 Q0 WTX001-B12-340 7 7,467567 BM25
461 Q0 WTX001-B13-46 8 7,467567 BM25
461 Q0 WTX001-B14-28 9 7,312500 BM25
462 Q0 WTX001-B42-126 0 15,091646 BM25
462 Q0 WTX001-B44-331 1 15,055792 BM25
462 Q0 WTX001-B19-274 2 14,904439 BM25
462 Q0 WTX001-B28-283 3 14,042343 BM25
462 Q0 WTX001-B42-115 4 14,024561 BM25
462 Q0 WTX001-B42-119 5 13,827785 BM25
462 Q0 WTX001-B23-245 6 13,799990 BM25
462 Q0 WTX001-B42-130 7 13,691442 BM25
462 Q0 WTX001-B28-296 8 13,174882 BM25
462 Q0 WTX001-B50-110 9 13,075812 BM25
464 Q0 WTX001-B43-368 0 16,740353 BM25
464 Q0 WTX001-B17-10 1 8,392029 BM25
464 Q0 WTX001-B34-299 2 8,060419 BM25
464 Q0 WTX001-B34-344 3 7,989137 BM25
464 Q0 WTX001-B17-238 4 7,597844 BM25
464 Q0 WTX001-B19-248 5 7,294022 BM25
464 Q0 WTX001-B18-138 6 7,123024 BM25
464 Q0 WTX001-B17-215 7 7,073804 BM25
464 Q0 WTX001-B17-228 8 6,937553 BM25
464 Q0 WTX001-B30-11 9 6,937553 BM25
465 Q0 WTX001-B08-238 0 11,335389 BM25
465 Q0 WTX001-B12-33 1 10,567199 BM25
465 Q0 WTX001-B22-210 2 9,831797 BM25
465 Q0 WTX001-B23-285 3 9,456783 BM25
465 Q0 WTX001-B43-179 4 9,456783 BM25
465 Q0 WTX001-B08-190 5 9,408897 BM25
465 Q0 WTX001-B12-51 6 8,643645 BM25
465 Q0 WTX001-B38-531 7 8,643645 BM25
465 Q0 WTX001-B39-234 8 8,196241 BM25
465 Q0 WTX001-B16-78 9 8,050268 BM25
466 Q0 WTX001-B09-38 0 13,445775 BM25
466 Q0 WTX001-B09-61 1 11,679609 BM25
466 Q0 WTX001-B16-192 2 11,495821 BM25
466 Q0 WTX001-B09-169 3 11,428858 BM25
466 Q0 WTX001-B09-82 4 11,271513 BM25
466 Q0 WTX001-B42-4 5 11,089266 BM25
466 Q0 WTX001-B09-152 6 10,682190 BM25
466 Q0 WTX001-B41-12 7 10,660802 BM25
466 Q0 WTX001-B38-514 8 10,144517 BM25
466 Q0 WTX001-B09-42 9 9,697867 BM25
467 Q0 WTX001-B10-223 0 8,438900 BM25
467 Q0 WTX001-B22-206 1 8,211808 BM25
467 Q0 WTX001-B28-81 2 8,061236 BM25
467 Q0 WTX001-B18-185 3 8,043633 BM25
467 Q0 WTX001-B11-171 4 8,043633 BM25
467 Q0 WTX001-B35-479 5 7,989137 BM25
467 Q0 WTX001-B32-193 6 7,989137 BM25
467 Q0 WTX001-B34-562 7 7,985131 BM25
467 Q0 WTX001-B36-159 8 7,926823 BM25
467 Q0 WTX001-B11-185 9 7,922676 BM25
500 Q0 WTX001-B44-293 0 13,368313 BM25
500 Q0 WTX001-B23-423 1 10,830688 BM25
500 Q0 WTX001-B31-244 2 10,767065 BM25
500 Q0 WTX001-B49-82 3 10,562320 BM25
500 Q0 WTX001-B23-390 4 10,347970 BM25
500 Q0 WTX001-B43-521 5 10,242517 BM25
500 Q0 WTX001-B49-168 6 10,093790 BM25
500 Q0 WTX001-B23-364 7 10,037235 BM25
500 Q0 WTX001-B23-392 8 10,004553 BM25
500 Q0 WTX001-B49-224 9 9,973804 BM25
468 Q0 WTX001-B38-608 0 10,972829 BM25
468 Q0 WTX001-B25-26 1 10,972829 BM25
468 Q0 WTX001-B24-242 2 10,282293 BM25
468 Q0 WTX001-B38-615 3 9,545023 BM25
468 Q0 WTX001-B49-136 4 9,294636 BM25
468 Q0 WTX001-B35-465 5 8,804540 BM25
468 Q0 WTX001-B38-610 6 8,804540 BM25
468 Q0 WTX001-B38-618 7 8,804540 BM25
468 Q0 WTX001-B38-622 8 8,804540 BM25
468 Q0 WTX001-B38-624 9 8,804540 BM25
501 Q0 WTX001-B08-218 0 11,890001 BM25
501 Q0 WTX001-B37-32 1 10,696560 BM25
501 Q0 WTX001-B08-266 2 10,121040 BM25
501 Q0 WTX001-B23-120 3 10,010766 BM25
501 Q0 WTX001-B23-360 4 8,864896 BM25
501 Q0 WTX001-B23-423 5 8,531362 BM25
501 Q0 WTX001-B08-166 6 8,205510 BM25
501 Q0 WTX001-B37-196 7 7,491228 BM25
501 Q0 WTX001-B01-107 8 7,491228 BM25
501 Q0 WTX001-B08-163 9 7,491228 BM25
469 Q0 WTX001-B46-175 0 13,206442 BM25
469 Q0 WTX001-B46-247 1 9,071518 BM25
469 Q0 WTX001-B34-344 2 7,823153 BM25
469 Q0 WTX001-B26-443 3 6,348726 BM25
469 Q0 WTX001-B34-306 4 4,511643 BM25
469 Q0 WTX001-B34-308 5 4,511643 BM25
469 Q0 WTX001-B29-268 6 0,623555 BM25
502 Q0 WTX001-B16-172 0 11,826314 BM25
502 Q0 WTX001-B28-17 1 10,197607 BM25
502 Q0 WTX001-B01-239 2 9,332724 BM25
502 Q0 WTX001-B35-487 3 8,318092 BM25
502 Q0 WTX001-B49-302 4 8,239758 BM25
502 Q0 WTX001-B30-5 5 7,972447 BM25
502 Q0 WTX001-B44-310 6 7,804227 BM25
502 Q0 WTX001-B28-12 7 7,409235 BM25
502 Q0 WTX001-B27-374 8 7,396001 BM25
502 Q0 WTX001-B44-120 9 7,280410 BM25
503 Q0 WTX001-B27-340 0 10,320660 BM25
503 Q0 WTX001-B47-32 1 9,258287 BM25
503 Q0 WTX001-B37-67 2 8,688678 BM25
503 Q0 WTX001-B24-31 3 8,688678 BM25
503 Q0 WTX001-B24-40 4 8,688678 BM25
503 Q0 WTX001-B24-36 5 8,436502 BM25
503 Q0 WTX001-B24-43 6 7,972447 BM25
503 Q0 WTX001-B27-84 7 7,870970 BM25
503 Q0 WTX001-B21-92 8 7,657416 BM25
503 Q0 WTX001-B31-84 9 6,871487 BM25
504 Q0 WTX001-B15-52 0 8,811283 BM25
504 Q0 WTX001-B15-103 1 8,767779 BM25
504 Q0 WTX001-B15-91 2 8,692432 BM25
504 Q0 WTX001-B15-75 3 8,644217 BM25
504 Q0 WTX001-B15-50 4 8,584693 BM25
504 Q0 WTX001-B15-81 5 8,584693 BM25
504 Q0 WTX001-B15-104 6 8,584693 BM25
504 Q0 WTX001-B15-73 7 8,366495 BM25
504 Q0 WTX001-B15-77 8 8,366495 BM25
504 Q0 WTX001-B15-105 9 8,366495 BM25
505 Q0 WTX001-B30-163 0 11,794100 BM25
505 Q0 WTX001-B37-180 1 11,637190 BM25
505 Q0 WTX001-B35-407 2 11,398047 BM25
505 Q0 WTX001-B34-150 3 10,689552 BM25
505 Q0 WTX001-B49-221 4 10,217788 BM25
505 Q0 WTX001-B21-68 5 9,823426 BM25
505 Q0 WTX001-B13-84 6 9,631557 BM25
505 Q0 WTX001-B34-245 7 9,329287 BM25
505 Q0 WTX001-B44-69 8 9,256318 BM25
505 Q0 WTX001-B50-190 9 9,138190 BM25
506 Q0 WTX001-B35-444 0 9,503128 BM25
506 Q0 WTX001-B29-178 1 8,192460 BM25
506 Q0 WTX001-B32-233 2 8,192460 BM25
506 Q0 WTX001-B42-18 3 5,714664 BM25
506 Q0 WTX001-B16-57 4 5,597573 BM25
506 Q0 WTX001-B34-69 5 5,595135 BM25
506 Q0 WTX001-B01-15 6 5,448591 BM25
506 Q0 WTX001-B37-284 7 5,430624 BM25
506 Q0 WTX001-B42-74 8 5,361259 BM25
506 Q0 WTX001-B01-72 9 5,310642 BM25
507 Q0 WTX001-B06-367 0 11,879637 BM25
507 Q0 WTX001-B48-111 1 11,046587 BM25
507 Q0 WTX001-B06-363 2 10,799597 BM25
507 Q0 WTX001-B06-365 3 10,799597 BM25
507 Q0 WTX001-B13-152 4 10,478773 BM25
507 Q0 WTX001-B06-361 5 10,284388 BM25
507 Q0 WTX001-B13-193 6 9,877413 BM25
507 Q0 WTX001-B45-317 7 9,019015 BM25
507 Q0 WTX001-B40-43 8 8,588823 BM25
507 Q0 WTX001-B42-196 9 8,205510 BM25
508 Q0 WTX001-B44-440 0 14,493481 BM25
508 Q0 WTX001-B33-5 1 14,416957 BM25
508 Q0 WTX001-B10-83 2 13,121768 BM25
508 Q0 WTX001-B44-80 3 12,323713 BM25
508 Q0 WTX001-B15-162 4 11,813237 BM25
508 Q0 WTX001-B10-93 5 11,573158 BM25
508 Q0 WTX001-B29-108 6 10,634742 BM25
508 Q0 WTX001-B17-138 7 10,369596 BM25
508 Q0 WTX001-B10-254 8 10,255924 BM25
508 Q0 WTX001-B44-345 9 9,619387 BM25
509 Q0 WTX001-B32-51 0 10,120910 BM25
509 Q0 WTX001-B49-63 1 9,941072 BM25
509 Q0 WTX001-B10-134 2 9,271497 BM25
509 Q0 WTX001-B16-71 3 8,563720 BM25
509 Q0 WTX001-B49-201 4 7,235783 BM25
509 Q0 WTX001-B44-150 5 7,231290 BM25
509 Q0 WTX001-B20-224 6 5,873025 BM25
509 Q0 WTX001-B44-410 7 5,865054 BM25
509 Q0 WTX001-B02-192 8 5,064564 BM25
509 Q0 WTX001-B21-174 9 5,056381 BM25
