470 Q0 WTX001-B09-36 0 0,306619 QueryExpansion
470 Q0 WTX001-B10-190 1 0,224345 QueryExpansion
470 Q0 WTX001-B21-195 2 0,218323 QueryExpansion
470 Q0 WTX001-B08-186 3 0,147803 QueryExpansion
470 Q0 WTX001-B23-313 4 0,123169 QueryExpansion
470 Q0 WTX001-B43-172 5 0,123169 QueryExpansion
470 Q0 WTX001-B31-108 6 0,073901 QueryExpansion
470 Q0 WTX001-B34-461 7 0,073901 QueryExpansion
470 Q0 WTX001-B20-217 8 0,049268 QueryExpansion
470 Q0 WTX001-B05-69 9 0,030792 QueryExpansion
471 Q0 WTX001-B48-55 0 0,035379 QueryExpansion
471 Q0 WTX001-B15-85 1 0,028224 QueryExpansion
471 Q0 WTX001-B33-225 2 0,016730 QueryExpansion
471 Q0 WTX001-B33-231 3 0,016056 QueryExpansion
471 Q0 WTX001-B23-127 4 0,014782 QueryExpansion
471 Q0 WTX001-B02-150 5 0,014574 QueryExpansion
471 Q0 WTX001-B14-9 6 0,013642 QueryExpansion
471 Q0 WTX001-B39-39 7 0,013183 QueryExpansion
471 Q0 WTX001-B19-268 8 0,013084 QueryExpansion
471 Q0 WTX001-B20-32 9 0,012755 QueryExpansion
472 Q0 WTX001-B09-23 0 0,000000 QueryExpansion
472 Q0 WTX001-B09-27 1 0,000000 QueryExpansion
472 Q0 WTX001-B09-28 2 0,000000 QueryExpansion
472 Q0 WTX001-B09-30 3 0,000000 QueryExpansion
472 Q0 WTX001-B09-33 4 0,000000 QueryExpansion
472 Q0 WTX001-B09-36 5 0,000000 QueryExpansion
472 Q0 WTX001-B09-38 6 0,000000 QueryExpansion
472 Q0 WTX001-B09-39 7 0,000000 QueryExpansion
472 Q0 WTX001-B09-41 8 0,000000 QueryExpansion
472 Q0 WTX001-B09-43 9 0,000000 QueryExpansion
473 Q0 WTX001-B14-97 0 0,070575 QueryExpansion
473 Q0 WTX001-B23-415 1 0,063723 QueryExpansion
473 Q0 WTX001-B48-245 2 0,043594 QueryExpansion
473 Q0 WTX001-B34-619 3 0,039652 QueryExpansion
473 Q0 WTX001-B45-411 4 0,034919 QueryExpansion
473 Q0 WTX001-B14-158 5 0,032458 QueryExpansion
473 Q0 WTX001-B41-60 6 0,032114 QueryExpansion
473 Q0 WTX001-B44-196 7 0,031659 QueryExpansion
473 Q0 WTX001-B30-288 8 0,031641 QueryExpansion
473 Q0 WTX001-B14-40 9 0,028823 QueryExpansion
474 Q0 WTX001-B14-107 0 0,015332 QueryExpansion
474 Q0 WTX001-B22-174 1 0,014345 QueryExpansion
474 Q0 WTX001-B11-270 2 0,014247 QueryExpansion
474 Q0 WTX001-B23-27 3 0,013717 QueryExpansion
474 Q0 WTX001-B22-245 4 0,012863 QueryExpansion
474 Q0 WTX001-B41-50 5 0,012863 QueryExpansion
474 Q0 WTX001-B23-124 6 0,012863 QueryExpansion
474 Q0 WTX001-B20-129 7 0,012863 QueryExpansion
474 Q0 WTX001-B20-23 8 0,012777 QueryExpansion
474 Q0 WTX001-B27-362 9 0,011980 QueryExpansion
475 Q0 WTX001-B09-45 0 0,000000 QueryExpansion
475 Q0 WTX001-B09-218 1 0,000000 QueryExpansion
475 Q0 WTX001-B09-220 2 0,000000 QueryExpansion
475 Q0 WTX001-B09-228 3 0,000000 QueryExpansion
475 Q0 WTX001-B40-29 4 0,000000 QueryExpansion
475 Q0 WTX001-B40-31 5 0,000000 QueryExpansion
475 Q0 WTX001-B40-34 6 0,000000 QueryExpansion
475 Q0 WTX001-B40-47 7 0,000000 QueryExpansion
475 Q0 WTX001-B40-99 8 0,000000 QueryExpansion
475 Q0 WTX001-B17-61 9 0,000000 QueryExpansion
476 Q0 WTX001-B27-131 0 0,108957 QueryExpansion
476 Q0 WTX001-B03-254 1 0,069089 QueryExpansion
476 Q0 WTX001-B03-248 2 0,051817 QueryExpansion
476 Q0 WTX001-B45-260 3 0,051354 QueryExpansion
476 Q0 WTX001-B28-84 4 0,047804 QueryExpansion
476 Q0 WTX001-B41-100 5 0,046696 QueryExpansion
476 Q0 WTX001-B16-105 6 0,044944 QueryExpansion
476 Q0 WTX001-B42-156 7 0,044944 QueryExpansion
476 Q0 WTX001-B41-24 8 0,043181 QueryExpansion
476 Q0 WTX001-B03-4 9 0,043181 QueryExpansion
477 Q0 WTX001-B26-80 0 0,029020 QueryExpansion
477 Q0 WTX001-B37-130 1 0,023898 QueryExpansion
477 Q0 WTX001-B13-18 2 0,019145 QueryExpansion
477 Q0 WTX001-B37-94 3 0,016573 QueryExpansion
477 Q0 WTX001-B19-244 4 0,016187 QueryExpansion
477 Q0 WTX001-B45-434 5 0,012891 QueryExpansion
477 Q0 WTX001-B35-375 6 0,012305 QueryExpansion
477 Q0 WTX001-B32-243 7 0,010524 QueryExpansion
477 Q0 WTX001-B26-518 8 0,010341 QueryExpansion
477 Q0 WTX001-B17-235 9 0,010307 QueryExpansion
510 Q0 WTX001-B09-1 0 0,000000 QueryExpansion
510 Q0 WTX001-B09-2 1 0,000000 QueryExpansion
510 Q0 WTX001-B09-4 2 0,000000 QueryExpansion
510 Q0 WTX001-B09-5 3 0,000000 QueryExpansion
510 Q0 WTX001-B09-6 4 0,000000 QueryExpansion
510 Q0 WTX001-B09-7 5 0,000000 QueryExpansion
510 Q0 WTX001-B09-8 6 0,000000 QueryExpansion
510 Q0 WTX001-B09-10 7 0,000000 QueryExpansion
510 Q0 WTX001-B09-11 8 0,000000 QueryExpansion
510 Q0 WTX001-B09-12 9 0,000000 QueryExpansion
478 Q0 WTX001-B43-522 0 0,209025 QueryExpansion
478 Q0 WTX001-B43-404 1 0,188326 QueryExpansion
478 Q0 WTX001-B49-181 2 0,185910 QueryExpansion
478 Q0 WTX001-B44-50 3 0,180201 QueryExpansion
478 Q0 WTX001-B39-81 4 0,174787 QueryExpansion
478 Q0 WTX001-B44-435 5 0,171407 QueryExpansion
478 Q0 WTX001-B49-229 6 0,171186 QueryExpansion
478 Q0 WTX001-B48-132 7 0,167932 QueryExpansion
478 Q0 WTX001-B31-11 8 0,164090 QueryExpansion
478 Q0 WTX001-B44-67 9 0,154925 QueryExpansion
511 Q0 WTX001-B34-186 0 0,081753 QueryExpansion
511 Q0 WTX001-B15-143 1 0,067941 QueryExpansion
511 Q0 WTX001-B30-240 2 0,049264 QueryExpansion
511 Q0 WTX001-B33-5 3 0,046628 QueryExpansion
511 Q0 WTX001-B30-214 4 0,046459 QueryExpansion
511 Q0 WTX001-B06-87 5 0,037035 QueryExpansion
511 Q0 WTX001-B05-28 6 0,036631 QueryExpansion
511 Q0 WTX001-B21-158 7 0,035223 QueryExpansion
511 Q0 WTX001-B15-94 8 0,034749 QueryExpansion
511 Q0 WTX001-B43-423 9 0,034540 QueryExpansion
479 Q0 WTX001-B09-1 0 0,000000 QueryExpansion
479 Q0 WTX001-B09-2 1 0,000000 QueryExpansion
479 Q0 WTX001-B09-3 2 0,000000 QueryExpansion
479 Q0 WTX001-B09-4 3 0,000000 QueryExpansion
479 Q0 WTX001-B09-5 4 0,000000 QueryExpansion
479 Q0 WTX001-B09-6 5 0,000000 QueryExpansion
479 Q0 WTX001-B09-8 6 0,000000 QueryExpansion
479 Q0 WTX001-B09-9 7 0,000000 QueryExpansion
479 Q0 WTX001-B09-10 8 0,000000 QueryExpansion
479 Q0 WTX001-B09-11 9 0,000000 QueryExpansion
512 Q0 WTX001-B34-253 0 0,109051 QueryExpansion
512 Q0 WTX001-B21-49 1 0,054526 QueryExpansion
512 Q0 WTX001-B11-138 2 0,044323 QueryExpansion
512 Q0 WTX001-B11-137 3 0,036523 QueryExpansion
512 Q0 WTX001-B14-31 4 0,034079 QueryExpansion
512 Q0 WTX001-B38-712 5 0,033941 QueryExpansion
512 Q0 WTX001-B15-35 6 0,033833 QueryExpansion
512 Q0 WTX001-B11-131 7 0,033436 QueryExpansion
512 Q0 WTX001-B11-135 8 0,033436 QueryExpansion
512 Q0 WTX001-B11-157 9 0,031305 QueryExpansion
513 Q0 WTX001-B34-9 0 0,452946 QueryExpansion
513 Q0 WTX001-B49-140 1 0,348144 QueryExpansion
513 Q0 WTX001-B36-113 2 0,152313 QueryExpansion
513 Q0 WTX001-B32-159 3 0,152313 QueryExpansion
513 Q0 WTX001-B42-49 4 0,130554 QueryExpansion
513 Q0 WTX001-B37-221 5 0,108795 QueryExpansion
513 Q0 WTX001-B25-153 6 0,108795 QueryExpansion
513 Q0 WTX001-B10-126 7 0,108795 QueryExpansion
513 Q0 WTX001-B40-12 8 0,087036 QueryExpansion
513 Q0 WTX001-B30-406 9 0,076156 QueryExpansion
514 Q0 WTX001-B16-150 0 0,054199 QueryExpansion
514 Q0 WTX001-B30-195 1 0,046034 QueryExpansion
514 Q0 WTX001-B47-230 2 0,037798 QueryExpansion
514 Q0 WTX001-B31-186 3 0,034747 QueryExpansion
514 Q0 WTX001-B35-375 4 0,034722 QueryExpansion
514 Q0 WTX001-B13-245 5 0,034215 QueryExpansion
514 Q0 WTX001-B30-214 6 0,031662 QueryExpansion
514 Q0 WTX001-B09-79 7 0,031097 QueryExpansion
514 Q0 WTX001-B37-39 8 0,030843 QueryExpansion
514 Q0 WTX001-B28-266 9 0,030590 QueryExpansion
515 Q0 WTX001-B41-145 0 0,015811 QueryExpansion
515 Q0 WTX001-B12-141 1 0,012939 QueryExpansion
515 Q0 WTX001-B48-255 2 0,011820 QueryExpansion
515 Q0 WTX001-B07-416 3 0,008673 QueryExpansion
515 Q0 WTX001-B22-5 4 0,007263 QueryExpansion
515 Q0 WTX001-B48-60 5 0,007201 QueryExpansion
515 Q0 WTX001-B06-302 6 0,007070 QueryExpansion
515 Q0 WTX001-B21-151 7 0,006506 QueryExpansion
515 Q0 WTX001-B19-271 8 0,006328 QueryExpansion
515 Q0 WTX001-B35-111 9 0,005771 QueryExpansion
516 Q0 WTX001-B42-253 0 0,168015 QueryExpansion
516 Q0 WTX001-B20-10 1 0,134585 QueryExpansion
516 Q0 WTX001-B30-226 2 0,126011 QueryExpansion
516 Q0 WTX001-B41-104 3 0,126011 QueryExpansion
516 Q0 WTX001-B46-51 4 0,126011 QueryExpansion
516 Q0 WTX001-B26-301 5 0,109296 QueryExpansion
516 Q0 WTX001-B27-191 6 0,105009 QueryExpansion
516 Q0 WTX001-B27-266 7 0,105009 QueryExpansion
516 Q0 WTX001-B20-46 8 0,105009 QueryExpansion
516 Q0 WTX001-B08-113 9 0,105009 QueryExpansion
517 Q0 WTX001-B09-2 0 0,000000 QueryExpansion
517 Q0 WTX001-B09-5 1 0,000000 QueryExpansion
517 Q0 WTX001-B09-7 2 0,000000 QueryExpansion
517 Q0 WTX001-B09-16 3 0,000000 QueryExpansion
517 Q0 WTX001-B09-18 4 0,000000 QueryExpansion
517 Q0 WTX001-B09-43 5 0,000000 QueryExpansion
517 Q0 WTX001-B09-48 6 0,000000 QueryExpansion
517 Q0 WTX001-B09-53 7 0,000000 QueryExpansion
517 Q0 WTX001-B09-55 8 0,000000 QueryExpansion
517 Q0 WTX001-B09-58 9 0,000000 QueryExpansion
518 Q0 WTX001-B09-2 0 0,000000 QueryExpansion
518 Q0 WTX001-B09-3 1 0,000000 QueryExpansion
518 Q0 WTX001-B09-4 2 0,000000 QueryExpansion
518 Q0 WTX001-B09-5 3 0,000000 QueryExpansion
518 Q0 WTX001-B09-8 4 0,000000 QueryExpansion
518 Q0 WTX001-B09-10 5 0,000000 QueryExpansion
518 Q0 WTX001-B09-11 6 0,000000 QueryExpansion
518 Q0 WTX001-B09-13 7 0,000000 QueryExpansion
518 Q0 WTX001-B09-14 8 0,000000 QueryExpansion
518 Q0 WTX001-B09-15 9 0,000000 QueryExpansion
519 Q0 WTX001-B06-27 0 0,046991 QueryExpansion
519 Q0 WTX001-B32-209 1 0,037653 QueryExpansion
519 Q0 WTX001-B34-275 2 0,037653 QueryExpansion
519 Q0 WTX001-B31-232 3 0,031307 QueryExpansion
519 Q0 WTX001-B08-99 4 0,031084 QueryExpansion
519 Q0 WTX001-B33-81 5 0,027191 QueryExpansion
519 Q0 WTX001-B08-229 6 0,026667 QueryExpansion
519 Q0 WTX001-B37-194 7 0,024329 QueryExpansion
519 Q0 WTX001-B27-150 8 0,023753 QueryExpansion
519 Q0 WTX001-B42-219 9 0,022866 QueryExpansion
480 Q0 WTX001-B09-11 0 0,000000 QueryExpansion
480 Q0 WTX001-B09-15 1 0,000000 QueryExpansion
480 Q0 WTX001-B09-18 2 0,000000 QueryExpansion
480 Q0 WTX001-B09-19 3 0,000000 QueryExpansion
480 Q0 WTX001-B09-21 4 0,000000 QueryExpansion
480 Q0 WTX001-B09-29 5 0,000000 QueryExpansion
480 Q0 WTX001-B09-30 6 0,000000 QueryExpansion
480 Q0 WTX001-B09-38 7 0,000000 QueryExpansion
480 Q0 WTX001-B09-39 8 0,000000 QueryExpansion
480 Q0 WTX001-B09-43 9 0,000000 QueryExpansion
481 Q0 WTX001-B32-267 0 0,015803 QueryExpansion
481 Q0 WTX001-B48-269 1 0,010678 QueryExpansion
481 Q0 WTX001-B30-163 2 0,010645 QueryExpansion
481 Q0 WTX001-B11-112 3 0,010395 QueryExpansion
481 Q0 WTX001-B20-188 4 0,009846 QueryExpansion
481 Q0 WTX001-B46-58 5 0,009171 QueryExpansion
481 Q0 WTX001-B34-480 6 0,008114 QueryExpansion
481 Q0 WTX001-B08-214 7 0,008058 QueryExpansion
481 Q0 WTX001-B12-213 8 0,008030 QueryExpansion
481 Q0 WTX001-B50-12 9 0,007416 QueryExpansion
482 Q0 WTX001-B09-1 0 0,000000 QueryExpansion
482 Q0 WTX001-B09-2 1 0,000000 QueryExpansion
482 Q0 WTX001-B09-3 2 0,000000 QueryExpansion
482 Q0 WTX001-B09-5 3 0,000000 QueryExpansion
482 Q0 WTX001-B09-6 4 0,000000 QueryExpansion
482 Q0 WTX001-B09-9 5 0,000000 QueryExpansion
482 Q0 WTX001-B09-13 6 0,000000 QueryExpansion
482 Q0 WTX001-B09-15 7 0,000000 QueryExpansion
482 Q0 WTX001-B09-17 8 0,000000 QueryExpansion
482 Q0 WTX001-B09-18 9 0,000000 QueryExpansion
483 Q0 WTX001-B09-43 0 0,000000 QueryExpansion
483 Q0 WTX001-B09-48 1 0,000000 QueryExpansion
483 Q0 WTX001-B09-49 2 0,000000 QueryExpansion
483 Q0 WTX001-B09-50 3 0,000000 QueryExpansion
483 Q0 WTX001-B09-54 4 0,000000 QueryExpansion
483 Q0 WTX001-B09-57 5 0,000000 QueryExpansion
483 Q0 WTX001-B09-59 6 0,000000 QueryExpansion
483 Q0 WTX001-B09-63 7 0,000000 QueryExpansion
483 Q0 WTX001-B09-74 8 0,000000 QueryExpansion
483 Q0 WTX001-B09-98 9 0,000000 QueryExpansion
484 Q0 WTX001-B09-15 0 0,000000 QueryExpansion
484 Q0 WTX001-B09-19 1 0,000000 QueryExpansion
484 Q0 WTX001-B09-30 2 0,000000 QueryExpansion
484 Q0 WTX001-B09-38 3 0,000000 QueryExpansion
484 Q0 WTX001-B09-39 4 0,000000 QueryExpansion
484 Q0 WTX001-B09-44 5 0,000000 QueryExpansion
484 Q0 WTX001-B09-50 6 0,000000 QueryExpansion
484 Q0 WTX001-B09-57 7 0,000000 QueryExpansion
484 Q0 WTX001-B09-63 8 0,000000 QueryExpansion
484 Q0 WTX001-B09-66 9 0,000000 QueryExpansion
485 Q0 WTX001-B33-122 0 0,163793 QueryExpansion
485 Q0 WTX001-B16-274 1 0,155672 QueryExpansion
485 Q0 WTX001-B30-411 2 0,134390 QueryExpansion
485 Q0 WTX001-B30-427 3 0,103755 QueryExpansion
485 Q0 WTX001-B30-417 4 0,099712 QueryExpansion
485 Q0 WTX001-B31-22 5 0,094112 QueryExpansion
485 Q0 WTX001-B31-2 6 0,080499 QueryExpansion
485 Q0 WTX001-B08-239 7 0,079555 QueryExpansion
485 Q0 WTX001-B28-177 8 0,073707 QueryExpansion
485 Q0 WTX001-B28-179 9 0,068355 QueryExpansion
486 Q0 WTX001-B09-3 0 0,000000 QueryExpansion
486 Q0 WTX001-B09-14 1 0,000000 QueryExpansion
486 Q0 WTX001-B09-28 2 0,000000 QueryExpansion
486 Q0 WTX001-B09-30 3 0,000000 QueryExpansion
486 Q0 WTX001-B09-41 4 0,000000 QueryExpansion
486 Q0 WTX001-B09-154 5 0,000000 QueryExpansion
486 Q0 WTX001-B09-160 6 0,000000 QueryExpansion
486 Q0 WTX001-B09-162 7 0,000000 QueryExpansion
486 Q0 WTX001-B09-178 8 0,000000 QueryExpansion
486 Q0 WTX001-B09-214 9 0,000000 QueryExpansion
487 Q0 WTX001-B29-30 0 0,208076 QueryExpansion
487 Q0 WTX001-B03-124 1 0,153677 QueryExpansion
487 Q0 WTX001-B03-245 2 0,135357 QueryExpansion
487 Q0 WTX001-B48-292 3 0,104038 QueryExpansion
487 Q0 WTX001-B44-19 4 0,104038 QueryExpansion
487 Q0 WTX001-B49-34 5 0,104038 QueryExpansion
487 Q0 WTX001-B03-89 6 0,101518 QueryExpansion
487 Q0 WTX001-B21-158 7 0,038666 QueryExpansion
520 Q0 WTX001-B09-3 0 0,000000 QueryExpansion
520 Q0 WTX001-B09-5 1 0,000000 QueryExpansion
520 Q0 WTX001-B09-7 2 0,000000 QueryExpansion
520 Q0 WTX001-B09-12 3 0,000000 QueryExpansion
520 Q0 WTX001-B09-18 4 0,000000 QueryExpansion
520 Q0 WTX001-B09-20 5 0,000000 QueryExpansion
520 Q0 WTX001-B09-21 6 0,000000 QueryExpansion
520 Q0 WTX001-B09-50 7 0,000000 QueryExpansion
520 Q0 WTX001-B09-54 8 0,000000 QueryExpansion
520 Q0 WTX001-B09-57 9 0,000000 QueryExpansion
488 Q0 WTX001-B16-105 0 0,226149 QueryExpansion
488 Q0 WTX001-B20-131 1 0,191474 QueryExpansion
488 Q0 WTX001-B38-717 2 0,151051 QueryExpansion
488 Q0 WTX001-B15-130 3 0,132461 QueryExpansion
488 Q0 WTX001-B21-60 4 0,115618 QueryExpansion
488 Q0 WTX001-B11-266 5 0,110115 QueryExpansion
488 Q0 WTX001-B42-59 6 0,105969 QueryExpansion
488 Q0 WTX001-B42-132 7 0,102861 QueryExpansion
488 Q0 WTX001-B08-217 8 0,101006 QueryExpansion
488 Q0 WTX001-B11-292 9 0,097910 QueryExpansion
521 Q0 WTX001-B09-1 0 0,000000 QueryExpansion
521 Q0 WTX001-B09-2 1 0,000000 QueryExpansion
521 Q0 WTX001-B09-3 2 0,000000 QueryExpansion
521 Q0 WTX001-B09-4 3 0,000000 QueryExpansion
521 Q0 WTX001-B09-5 4 0,000000 QueryExpansion
521 Q0 WTX001-B09-6 5 0,000000 QueryExpansion
521 Q0 WTX001-B09-7 6 0,000000 QueryExpansion
521 Q0 WTX001-B09-8 7 0,000000 QueryExpansion
521 Q0 WTX001-B09-9 8 0,000000 QueryExpansion
521 Q0 WTX001-B09-10 9 0,000000 QueryExpansion
489 Q0 WTX001-B49-187 0 0,101832 QueryExpansion
489 Q0 WTX001-B44-15 1 0,095626 QueryExpansion
489 Q0 WTX001-B01-23 2 0,090328 QueryExpansion
489 Q0 WTX001-B21-121 3 0,088650 QueryExpansion
489 Q0 WTX001-B43-510 4 0,088419 QueryExpansion
489 Q0 WTX001-B50-79 5 0,085760 QueryExpansion
489 Q0 WTX001-B20-284 6 0,083772 QueryExpansion
489 Q0 WTX001-B02-192 7 0,083329 QueryExpansion
489 Q0 WTX001-B48-224 8 0,076878 QueryExpansion
489 Q0 WTX001-B23-393 9 0,073587 QueryExpansion
522 Q0 WTX001-B09-1 0 0,000000 QueryExpansion
522 Q0 WTX001-B09-3 1 0,000000 QueryExpansion
522 Q0 WTX001-B09-4 2 0,000000 QueryExpansion
522 Q0 WTX001-B09-6 3 0,000000 QueryExpansion
522 Q0 WTX001-B09-8 4 0,000000 QueryExpansion
522 Q0 WTX001-B09-10 5 0,000000 QueryExpansion
522 Q0 WTX001-B09-11 6 0,000000 QueryExpansion
522 Q0 WTX001-B09-12 7 0,000000 QueryExpansion
522 Q0 WTX001-B09-14 8 0,000000 QueryExpansion
522 Q0 WTX001-B09-15 9 0,000000 QueryExpansion
523 Q0 WTX001-B09-2 0 0,000000 QueryExpansion
523 Q0 WTX001-B09-3 1 0,000000 QueryExpansion
523 Q0 WTX001-B09-5 2 0,000000 QueryExpansion
523 Q0 WTX001-B09-7 3 0,000000 QueryExpansion
523 Q0 WTX001-B09-9 4 0,000000 QueryExpansion
523 Q0 WTX001-B09-10 5 0,000000 QueryExpansion
523 Q0 WTX001-B09-11 6 0,000000 QueryExpansion
523 Q0 WTX001-B09-12 7 0,000000 QueryExpansion
523 Q0 WTX001-B09-13 8 0,000000 QueryExpansion
523 Q0 WTX001-B09-15 9 0,000000 QueryExpansion
524 Q0 WTX001-B09-28 0 0,000000 QueryExpansion
524 Q0 WTX001-B09-43 1 0,000000 QueryExpansion
524 Q0 WTX001-B09-44 2 0,000000 QueryExpansion
524 Q0 WTX001-B09-68 3 0,000000 QueryExpansion
524 Q0 WTX001-B09-69 4 0,000000 QueryExpansion
524 Q0 WTX001-B09-71 5 0,000000 QueryExpansion
524 Q0 WTX001-B09-74 6 0,000000 QueryExpansion
524 Q0 WTX001-B09-106 7 0,000000 QueryExpansion
524 Q0 WTX001-B09-131 8 0,000000 QueryExpansion
524 Q0 WTX001-B09-138 9 0,000000 QueryExpansion
525 Q0 WTX001-B09-2 0 0,000000 QueryExpansion
525 Q0 WTX001-B09-3 1 0,000000 QueryExpansion
525 Q0 WTX001-B09-5 2 0,000000 QueryExpansion
525 Q0 WTX001-B09-9 3 0,000000 QueryExpansion
525 Q0 WTX001-B09-13 4 0,000000 QueryExpansion
525 Q0 WTX001-B09-15 5 0,000000 QueryExpansion
525 Q0 WTX001-B09-17 6 0,000000 QueryExpansion
525 Q0 WTX001-B09-18 7 0,000000 QueryExpansion
525 Q0 WTX001-B09-19 8 0,000000 QueryExpansion
525 Q0 WTX001-B09-21 9 0,000000 QueryExpansion
526 Q0 WTX001-B32-259 0 0,126262 QueryExpansion
526 Q0 WTX001-B18-32 1 0,082135 QueryExpansion
526 Q0 WTX001-B18-34 2 0,063131 QueryExpansion
526 Q0 WTX001-B20-151 3 0,049281 QueryExpansion
526 Q0 WTX001-B15-162 4 0,049281 QueryExpansion
526 Q0 WTX001-B36-93 5 0,037879 QueryExpansion
526 Q0 WTX001-B19-246 6 0,025252 QueryExpansion
526 Q0 WTX001-B29-268 7 0,022096 QueryExpansion
526 Q0 WTX001-B42-15 8 0,012626 QueryExpansion
526 Q0 WTX001-B18-198 9 0,009470 QueryExpansion
527 Q0 WTX001-B09-1 0 0,000000 QueryExpansion
527 Q0 WTX001-B09-3 1 0,000000 QueryExpansion
527 Q0 WTX001-B09-4 2 0,000000 QueryExpansion
527 Q0 WTX001-B09-6 3 0,000000 QueryExpansion
527 Q0 WTX001-B09-8 4 0,000000 QueryExpansion
527 Q0 WTX001-B09-11 5 0,000000 QueryExpansion
527 Q0 WTX001-B09-12 6 0,000000 QueryExpansion
527 Q0 WTX001-B09-13 7 0,000000 QueryExpansion
527 Q0 WTX001-B09-14 8 0,000000 QueryExpansion
527 Q0 WTX001-B09-15 9 0,000000 QueryExpansion
528 Q0 WTX001-B09-2 0 0,000000 QueryExpansion
528 Q0 WTX001-B09-3 1 0,000000 QueryExpansion
528 Q0 WTX001-B09-9 2 0,000000 QueryExpansion
528 Q0 WTX001-B09-13 3 0,000000 QueryExpansion
528 Q0 WTX001-B09-14 4 0,000000 QueryExpansion
528 Q0 WTX001-B09-15 5 0,000000 QueryExpansion
528 Q0 WTX001-B09-17 6 0,000000 QueryExpansion
528 Q0 WTX001-B09-18 7 0,000000 QueryExpansion
528 Q0 WTX001-B09-26 8 0,000000 QueryExpansion
528 Q0 WTX001-B09-28 9 0,000000 QueryExpansion
529 Q0 WTX001-B09-11 0 0,000000 QueryExpansion
529 Q0 WTX001-B09-15 1 0,000000 QueryExpansion
529 Q0 WTX001-B09-17 2 0,000000 QueryExpansion
529 Q0 WTX001-B09-18 3 0,000000 QueryExpansion
529 Q0 WTX001-B09-19 4 0,000000 QueryExpansion
529 Q0 WTX001-B09-20 5 0,000000 QueryExpansion
529 Q0 WTX001-B09-24 6 0,000000 QueryExpansion
529 Q0 WTX001-B09-28 7 0,000000 QueryExpansion
529 Q0 WTX001-B09-38 8 0,000000 QueryExpansion
529 Q0 WTX001-B09-41 9 0,000000 QueryExpansion
490 Q0 WTX001-B06-63 0 0,029501 QueryExpansion
490 Q0 WTX001-B09-206 1 0,029422 QueryExpansion
490 Q0 WTX001-B05-38 2 0,028288 QueryExpansion
490 Q0 WTX001-B09-162 3 0,025687 QueryExpansion
490 Q0 WTX001-B21-137 4 0,020500 QueryExpansion
490 Q0 WTX001-B06-102 5 0,020063 QueryExpansion
490 Q0 WTX001-B06-87 6 0,019291 QueryExpansion
490 Q0 WTX001-B19-246 7 0,016770 QueryExpansion
490 Q0 WTX001-B15-23 8 0,016496 QueryExpansion
490 Q0 WTX001-B38-388 9 0,014762 QueryExpansion
491 Q0 WTX001-B09-78 0 0,000000 QueryExpansion
491 Q0 WTX001-B09-219 1 0,000000 QueryExpansion
491 Q0 WTX001-B40-19 2 0,000000 QueryExpansion
491 Q0 WTX001-B40-31 3 0,000000 QueryExpansion
491 Q0 WTX001-B40-38 4 0,000000 QueryExpansion
491 Q0 WTX001-B40-61 5 0,000000 QueryExpansion
491 Q0 WTX001-B40-99 6 0,000000 QueryExpansion
491 Q0 WTX001-B17-75 7 0,000000 QueryExpansion
491 Q0 WTX001-B17-83 8 0,000000 QueryExpansion
491 Q0 WTX001-B17-89 9 0,000000 QueryExpansion
492 Q0 WTX001-B02-373 0 0,093040 QueryExpansion
492 Q0 WTX001-B26-85 1 0,065447 QueryExpansion
492 Q0 WTX001-B47-196 2 0,061657 QueryExpansion
492 Q0 WTX001-B47-197 3 0,061657 QueryExpansion
492 Q0 WTX001-B47-198 4 0,061657 QueryExpansion
492 Q0 WTX001-B47-199 5 0,061657 QueryExpansion
492 Q0 WTX001-B47-200 6 0,061657 QueryExpansion
492 Q0 WTX001-B47-204 7 0,061657 QueryExpansion
492 Q0 WTX001-B47-206 8 0,061657 QueryExpansion
492 Q0 WTX001-B47-208 9 0,061657 QueryExpansion
493 Q0 WTX001-B03-240 0 0,029394 QueryExpansion
493 Q0 WTX001-B11-303 1 0,022455 QueryExpansion
493 Q0 WTX001-B45-308 2 0,020805 QueryExpansion
493 Q0 WTX001-B08-184 3 0,019865 QueryExpansion
493 Q0 WTX001-B38-164 4 0,017664 QueryExpansion
493 Q0 WTX001-B38-177 5 0,017664 QueryExpansion
493 Q0 WTX001-B24-342 6 0,016040 QueryExpansion
493 Q0 WTX001-B07-316 7 0,014999 QueryExpansion
493 Q0 WTX001-B46-446 8 0,014943 QueryExpansion
493 Q0 WTX001-B20-188 9 0,013496 QueryExpansion
494 Q0 WTX001-B15-37 0 0,094219 QueryExpansion
494 Q0 WTX001-B15-47 1 0,089706 QueryExpansion
494 Q0 WTX001-B15-112 2 0,089706 QueryExpansion
494 Q0 WTX001-B15-114 3 0,065953 QueryExpansion
494 Q0 WTX001-B15-116 4 0,064270 QueryExpansion
494 Q0 WTX001-B11-35 5 0,061257 QueryExpansion
494 Q0 WTX001-B15-125 6 0,056996 QueryExpansion
494 Q0 WTX001-B20-132 7 0,044250 QueryExpansion
494 Q0 WTX001-B41-144 8 0,036238 QueryExpansion
494 Q0 WTX001-B15-35 9 0,034374 QueryExpansion
495 Q0 WTX001-B09-1 0 0,000000 QueryExpansion
495 Q0 WTX001-B09-2 1 0,000000 QueryExpansion
495 Q0 WTX001-B09-3 2 0,000000 QueryExpansion
495 Q0 WTX001-B09-4 3 0,000000 QueryExpansion
495 Q0 WTX001-B09-5 4 0,000000 QueryExpansion
495 Q0 WTX001-B09-6 5 0,000000 QueryExpansion
495 Q0 WTX001-B09-8 6 0,000000 QueryExpansion
495 Q0 WTX001-B09-9 7 0,000000 QueryExpansion
495 Q0 WTX001-B09-11 8 0,000000 QueryExpansion
495 Q0 WTX001-B09-12 9 0,000000 QueryExpansion
496 Q0 WTX001-B32-164 0 0,098309 QueryExpansion
497 Q0 WTX001-B20-88 0 0,098189 QueryExpansion
497 Q0 WTX001-B17-276 1 0,053971 QueryExpansion
497 Q0 WTX001-B14-75 2 0,053971 QueryExpansion
497 Q0 WTX001-B05-85 3 0,021616 QueryExpansion
497 Q0 WTX001-B40-31 4 0,016866 QueryExpansion
497 Q0 WTX001-B05-89 5 0,013493 QueryExpansion
530 Q0 WTX001-B09-2 0 0,000000 QueryExpansion
530 Q0 WTX001-B09-3 1 0,000000 QueryExpansion
530 Q0 WTX001-B09-5 2 0,000000 QueryExpansion
530 Q0 WTX001-B09-7 3 0,000000 QueryExpansion
530 Q0 WTX001-B09-9 4 0,000000 QueryExpansion
530 Q0 WTX001-B09-10 5 0,000000 QueryExpansion
530 Q0 WTX001-B09-11 6 0,000000 QueryExpansion
530 Q0 WTX001-B09-16 7 0,000000 QueryExpansion
530 Q0 WTX001-B09-18 8 0,000000 QueryExpansion
530 Q0 WTX001-B09-20 9 0,000000 QueryExpansion
498 Q0 WTX001-B09-18 0 0,000000 QueryExpansion
498 Q0 WTX001-B09-28 1 0,000000 QueryExpansion
498 Q0 WTX001-B09-53 2 0,000000 QueryExpansion
498 Q0 WTX001-B09-55 3 0,000000 QueryExpansion
498 Q0 WTX001-B09-74 4 0,000000 QueryExpansion
498 Q0 WTX001-B09-84 5 0,000000 QueryExpansion
498 Q0 WTX001-B09-98 6 0,000000 QueryExpansion
498 Q0 WTX001-B09-103 7 0,000000 QueryExpansion
498 Q0 WTX001-B09-107 8 0,000000 QueryExpansion
498 Q0 WTX001-B09-123 9 0,000000 QueryExpansion
531 Q0 WTX001-B15-35 0 0,255999 QueryExpansion
531 Q0 WTX001-B15-92 1 0,235725 QueryExpansion
531 Q0 WTX001-B15-47 2 0,180512 QueryExpansion
531 Q0 WTX001-B16-91 3 0,126359 QueryExpansion
531 Q0 WTX001-B09-55 4 0,110996 QueryExpansion
531 Q0 WTX001-B33-63 5 0,110996 QueryExpansion
531 Q0 WTX001-B23-307 6 0,110996 QueryExpansion
531 Q0 WTX001-B23-371 7 0,110996 QueryExpansion
531 Q0 WTX001-B20-25 8 0,110996 QueryExpansion
531 Q0 WTX001-B02-119 9 0,110996 QueryExpansion
499 Q0 WTX001-B09-18 0 0,000000 QueryExpansion
499 Q0 WTX001-B09-21 1 0,000000 QueryExpansion
499 Q0 WTX001-B09-28 2 0,000000 QueryExpansion
499 Q0 WTX001-B09-29 3 0,000000 QueryExpansion
499 Q0 WTX001-B09-43 4 0,000000 QueryExpansion
499 Q0 WTX001-B09-59 5 0,000000 QueryExpansion
499 Q0 WTX001-B09-63 6 0,000000 QueryExpansion
499 Q0 WTX001-B09-65 7 0,000000 QueryExpansion
499 Q0 WTX001-B09-74 8 0,000000 QueryExpansion
499 Q0 WTX001-B09-102 9 0,000000 QueryExpansion
532 Q0 WTX001-B18-173 0 0,125475 QueryExpansion
532 Q0 WTX001-B03-351 1 0,125475 QueryExpansion
532 Q0 WTX001-B24-53 2 0,120554 QueryExpansion
532 Q0 WTX001-B41-30 3 0,084388 QueryExpansion
532 Q0 WTX001-B20-147 4 0,084388 QueryExpansion
532 Q0 WTX001-B26-24 5 0,078422 QueryExpansion
532 Q0 WTX001-B25-173 6 0,072332 QueryExpansion
532 Q0 WTX001-B12-463 7 0,062738 QueryExpansion
532 Q0 WTX001-B16-26 8 0,062473 QueryExpansion
532 Q0 WTX001-B30-365 9 0,060277 QueryExpansion
533 Q0 WTX001-B09-1 0 0,000000 QueryExpansion
533 Q0 WTX001-B09-2 1 0,000000 QueryExpansion
533 Q0 WTX001-B09-3 2 0,000000 QueryExpansion
533 Q0 WTX001-B09-4 3 0,000000 QueryExpansion
533 Q0 WTX001-B09-5 4 0,000000 QueryExpansion
533 Q0 WTX001-B09-7 5 0,000000 QueryExpansion
533 Q0 WTX001-B09-8 6 0,000000 QueryExpansion
533 Q0 WTX001-B09-9 7 0,000000 QueryExpansion
533 Q0 WTX001-B09-11 8 0,000000 QueryExpansion
533 Q0 WTX001-B09-14 9 0,000000 QueryExpansion
534 Q0 WTX001-B16-44 0 0,023204 QueryExpansion
534 Q0 WTX001-B43-57 1 0,018502 QueryExpansion
534 Q0 WTX001-B41-92 2 0,015323 QueryExpansion
534 Q0 WTX001-B34-184 3 0,014829 QueryExpansion
534 Q0 WTX001-B43-205 4 0,013722 QueryExpansion
534 Q0 WTX001-B43-47 5 0,012842 QueryExpansion
534 Q0 WTX001-B34-426 6 0,012243 QueryExpansion
534 Q0 WTX001-B35-49 7 0,011751 QueryExpansion
534 Q0 WTX001-B43-284 8 0,011456 QueryExpansion
534 Q0 WTX001-B35-134 9 0,010650 QueryExpansion
535 Q0 WTX001-B43-196 0 0,097710 QueryExpansion
535 Q0 WTX001-B01-189 1 0,053980 QueryExpansion
535 Q0 WTX001-B01-187 2 0,052993 QueryExpansion
535 Q0 WTX001-B44-423 3 0,040332 QueryExpansion
535 Q0 WTX001-B02-78 4 0,037499 QueryExpansion
535 Q0 WTX001-B44-418 5 0,036900 QueryExpansion
535 Q0 WTX001-B04-28 6 0,034783 QueryExpansion
535 Q0 WTX001-B01-180 7 0,034167 QueryExpansion
535 Q0 WTX001-B20-236 8 0,033030 QueryExpansion
535 Q0 WTX001-B34-167 9 0,032656 QueryExpansion
536 Q0 WTX001-B09-18 0 0,000000 QueryExpansion
536 Q0 WTX001-B09-60 1 0,000000 QueryExpansion
536 Q0 WTX001-B09-61 2 0,000000 QueryExpansion
536 Q0 WTX001-B09-66 3 0,000000 QueryExpansion
536 Q0 WTX001-B09-68 4 0,000000 QueryExpansion
536 Q0 WTX001-B09-69 5 0,000000 QueryExpansion
536 Q0 WTX001-B09-71 6 0,000000 QueryExpansion
536 Q0 WTX001-B09-73 7 0,000000 QueryExpansion
536 Q0 WTX001-B09-74 8 0,000000 QueryExpansion
536 Q0 WTX001-B09-82 9 0,000000 QueryExpansion
537 Q0 WTX001-B09-2 0 0,000000 QueryExpansion
537 Q0 WTX001-B09-7 1 0,000000 QueryExpansion
537 Q0 WTX001-B09-9 2 0,000000 QueryExpansion
537 Q0 WTX001-B09-16 3 0,000000 QueryExpansion
537 Q0 WTX001-B09-18 4 0,000000 QueryExpansion
537 Q0 WTX001-B09-21 5 0,000000 QueryExpansion
537 Q0 WTX001-B09-27 6 0,000000 QueryExpansion
537 Q0 WTX001-B09-28 7 0,000000 QueryExpansion
537 Q0 WTX001-B09-30 8 0,000000 QueryExpansion
537 Q0 WTX001-B09-31 9 0,000000 QueryExpansion
538 Q0 WTX001-B18-39 0 0,175545 QueryExpansion
538 Q0 WTX001-B11-152 1 0,070218 QueryExpansion
538 Q0 WTX001-B17-276 2 0,053971 QueryExpansion
538 Q0 WTX001-B36-74 3 0,053971 QueryExpansion
538 Q0 WTX001-B36-62 4 0,035109 QueryExpansion
538 Q0 WTX001-B19-274 5 0,033732 QueryExpansion
539 Q0 WTX001-B15-117 0 0,031663 QueryExpansion
539 Q0 WTX001-B42-225 1 0,028518 QueryExpansion
539 Q0 WTX001-B44-334 2 0,026959 QueryExpansion
539 Q0 WTX001-B44-315 3 0,026804 QueryExpansion
539 Q0 WTX001-B33-220 4 0,025775 QueryExpansion
539 Q0 WTX001-B23-395 5 0,023446 QueryExpansion
539 Q0 WTX001-B23-398 6 0,023446 QueryExpansion
539 Q0 WTX001-B44-330 7 0,022516 QueryExpansion
539 Q0 WTX001-B21-38 8 0,020682 QueryExpansion
539 Q0 WTX001-B42-154 9 0,018900 QueryExpansion
540 Q0 WTX001-B09-12 0 0,000000 QueryExpansion
540 Q0 WTX001-B09-18 1 0,000000 QueryExpansion
540 Q0 WTX001-B09-20 2 0,000000 QueryExpansion
540 Q0 WTX001-B09-21 3 0,000000 QueryExpansion
540 Q0 WTX001-B09-38 4 0,000000 QueryExpansion
540 Q0 WTX001-B09-43 5 0,000000 QueryExpansion
540 Q0 WTX001-B09-44 6 0,000000 QueryExpansion
540 Q0 WTX001-B09-74 7 0,000000 QueryExpansion
540 Q0 WTX001-B09-82 8 0,000000 QueryExpansion
540 Q0 WTX001-B09-90 9 0,000000 QueryExpansion
541 Q0 WTX001-B09-3 0 0,000000 QueryExpansion
541 Q0 WTX001-B09-5 1 0,000000 QueryExpansion
541 Q0 WTX001-B09-18 2 0,000000 QueryExpansion
541 Q0 WTX001-B09-21 3 0,000000 QueryExpansion
541 Q0 WTX001-B09-38 4 0,000000 QueryExpansion
541 Q0 WTX001-B09-41 5 0,000000 QueryExpansion
541 Q0 WTX001-B09-43 6 0,000000 QueryExpansion
541 Q0 WTX001-B09-44 7 0,000000 QueryExpansion
541 Q0 WTX001-B09-54 8 0,000000 QueryExpansion
541 Q0 WTX001-B09-61 9 0,000000 QueryExpansion
542 Q0 WTX001-B09-1 0 0,000000 QueryExpansion
542 Q0 WTX001-B09-2 1 0,000000 QueryExpansion
542 Q0 WTX001-B09-3 2 0,000000 QueryExpansion
542 Q0 WTX001-B09-5 3 0,000000 QueryExpansion
542 Q0 WTX001-B09-7 4 0,000000 QueryExpansion
542 Q0 WTX001-B09-10 5 0,000000 QueryExpansion
542 Q0 WTX001-B09-12 6 0,000000 QueryExpansion
542 Q0 WTX001-B09-16 7 0,000000 QueryExpansion
542 Q0 WTX001-B09-18 8 0,000000 QueryExpansion
542 Q0 WTX001-B09-20 9 0,000000 QueryExpansion
543 Q0 WTX001-B09-74 0 0,000000 QueryExpansion
543 Q0 WTX001-B40-14 1 0,000000 QueryExpansion
543 Q0 WTX001-B40-31 2 0,000000 QueryExpansion
543 Q0 WTX001-B40-32 3 0,000000 QueryExpansion
543 Q0 WTX001-B40-78 4 0,000000 QueryExpansion
543 Q0 WTX001-B40-99 5 0,000000 QueryExpansion
543 Q0 WTX001-B17-54 6 0,000000 QueryExpansion
543 Q0 WTX001-B17-120 7 0,000000 QueryExpansion
543 Q0 WTX001-B05-33 8 0,000000 QueryExpansion
543 Q0 WTX001-B05-38 9 0,000000 QueryExpansion
544 Q0 WTX001-B09-11 0 0,000000 QueryExpansion
544 Q0 WTX001-B09-18 1 0,000000 QueryExpansion
544 Q0 WTX001-B09-27 2 0,000000 QueryExpansion
544 Q0 WTX001-B09-28 3 0,000000 QueryExpansion
544 Q0 WTX001-B09-29 4 0,000000 QueryExpansion
544 Q0 WTX001-B09-30 5 0,000000 QueryExpansion
544 Q0 WTX001-B09-36 6 0,000000 QueryExpansion
544 Q0 WTX001-B09-38 7 0,000000 QueryExpansion
544 Q0 WTX001-B09-43 8 0,000000 QueryExpansion
544 Q0 WTX001-B09-44 9 0,000000 QueryExpansion
545 Q0 WTX001-B09-3 0 0,000000 QueryExpansion
545 Q0 WTX001-B09-12 1 0,000000 QueryExpansion
545 Q0 WTX001-B09-20 2 0,000000 QueryExpansion
545 Q0 WTX001-B09-21 3 0,000000 QueryExpansion
545 Q0 WTX001-B09-27 4 0,000000 QueryExpansion
545 Q0 WTX001-B09-38 5 0,000000 QueryExpansion
545 Q0 WTX001-B09-43 6 0,000000 QueryExpansion
545 Q0 WTX001-B09-50 7 0,000000 QueryExpansion
545 Q0 WTX001-B09-54 8 0,000000 QueryExpansion
545 Q0 WTX001-B09-57 9 0,000000 QueryExpansion
546 Q0 WTX001-B04-48 0 0,058887 QueryExpansion
546 Q0 WTX001-B23-384 1 0,052476 QueryExpansion
546 Q0 WTX001-B02-61 2 0,050202 QueryExpansion
546 Q0 WTX001-B31-242 3 0,049088 QueryExpansion
546 Q0 WTX001-B36-155 4 0,042930 QueryExpansion
546 Q0 WTX001-B04-33 5 0,042424 QueryExpansion
546 Q0 WTX001-B04-34 6 0,035967 QueryExpansion
546 Q0 WTX001-B04-37 7 0,033905 QueryExpansion
546 Q0 WTX001-B03-254 8 0,020198 QueryExpansion
546 Q0 WTX001-B01-70 9 0,015414 QueryExpansion
547 Q0 WTX001-B15-122 0 0,046911 QueryExpansion
547 Q0 WTX001-B21-38 1 0,032435 QueryExpansion
547 Q0 WTX001-B43-383 2 0,031422 QueryExpansion
547 Q0 WTX001-B39-260 3 0,020724 QueryExpansion
547 Q0 WTX001-B03-260 4 0,020697 QueryExpansion
547 Q0 WTX001-B01-250 5 0,019036 QueryExpansion
547 Q0 WTX001-B34-344 6 0,015711 QueryExpansion
547 Q0 WTX001-B48-261 7 0,013798 QueryExpansion
547 Q0 WTX001-B34-417 8 0,013678 QueryExpansion
547 Q0 WTX001-B24-295 9 0,012569 QueryExpansion
548 Q0 WTX001-B09-2 0 0,000000 QueryExpansion
548 Q0 WTX001-B09-10 1 0,000000 QueryExpansion
548 Q0 WTX001-B09-16 2 0,000000 QueryExpansion
548 Q0 WTX001-B09-20 3 0,000000 QueryExpansion
548 Q0 WTX001-B09-21 4 0,000000 QueryExpansion
548 Q0 WTX001-B09-23 5 0,000000 QueryExpansion
548 Q0 WTX001-B09-26 6 0,000000 QueryExpansion
548 Q0 WTX001-B09-28 7 0,000000 QueryExpansion
548 Q0 WTX001-B09-29 8 0,000000 QueryExpansion
548 Q0 WTX001-B09-37 9 0,000000 QueryExpansion
549 Q0 WTX001-B09-4 0 0,000000 QueryExpansion
549 Q0 WTX001-B09-28 1 0,000000 QueryExpansion
549 Q0 WTX001-B09-35 2 0,000000 QueryExpansion
549 Q0 WTX001-B09-43 3 0,000000 QueryExpansion
549 Q0 WTX001-B09-56 4 0,000000 QueryExpansion
549 Q0 WTX001-B09-57 5 0,000000 QueryExpansion
549 Q0 WTX001-B09-61 6 0,000000 QueryExpansion
549 Q0 WTX001-B09-63 7 0,000000 QueryExpansion
549 Q0 WTX001-B09-64 8 0,000000 QueryExpansion
549 Q0 WTX001-B09-65 9 0,000000 QueryExpansion
550 Q0 WTX001-B36-113 0 0,094300 QueryExpansion
550 Q0 WTX001-B35-157 1 0,079766 QueryExpansion
550 Q0 WTX001-B35-275 2 0,071186 QueryExpansion
550 Q0 WTX001-B34-531 3 0,071186 QueryExpansion
550 Q0 WTX001-B35-211 4 0,070824 QueryExpansion
550 Q0 WTX001-B35-311 5 0,070824 QueryExpansion
550 Q0 WTX001-B35-17 6 0,069244 QueryExpansion
550 Q0 WTX001-B35-86 7 0,064382 QueryExpansion
550 Q0 WTX001-B35-10 8 0,061058 QueryExpansion
550 Q0 WTX001-B34-464 9 0,056520 QueryExpansion
451 Q0 WTX001-B09-18 0 0,000000 QueryExpansion
451 Q0 WTX001-B09-21 1 0,000000 QueryExpansion
451 Q0 WTX001-B09-26 2 0,000000 QueryExpansion
451 Q0 WTX001-B09-28 3 0,000000 QueryExpansion
451 Q0 WTX001-B09-37 4 0,000000 QueryExpansion
451 Q0 WTX001-B09-47 5 0,000000 QueryExpansion
451 Q0 WTX001-B09-53 6 0,000000 QueryExpansion
451 Q0 WTX001-B09-136 7 0,000000 QueryExpansion
451 Q0 WTX001-B09-137 8 0,000000 QueryExpansion
451 Q0 WTX001-B09-141 9 0,000000 QueryExpansion
452 Q0 WTX001-B09-1 0 0,000000 QueryExpansion
452 Q0 WTX001-B09-2 1 0,000000 QueryExpansion
452 Q0 WTX001-B09-3 2 0,000000 QueryExpansion
452 Q0 WTX001-B09-4 3 0,000000 QueryExpansion
452 Q0 WTX001-B09-5 4 0,000000 QueryExpansion
452 Q0 WTX001-B09-6 5 0,000000 QueryExpansion
452 Q0 WTX001-B09-7 6 0,000000 QueryExpansion
452 Q0 WTX001-B09-8 7 0,000000 QueryExpansion
452 Q0 WTX001-B09-9 8 0,000000 QueryExpansion
452 Q0 WTX001-B09-10 9 0,000000 QueryExpansion
453 Q0 WTX001-B40-99 0 0,000000 QueryExpansion
453 Q0 WTX001-B17-89 1 0,000000 QueryExpansion
453 Q0 WTX001-B17-104 2 0,000000 QueryExpansion
453 Q0 WTX001-B17-106 3 0,000000 QueryExpansion
453 Q0 WTX001-B17-133 4 0,000000 QueryExpansion
453 Q0 WTX001-B17-137 5 0,000000 QueryExpansion
453 Q0 WTX001-B17-143 6 0,000000 QueryExpansion
453 Q0 WTX001-B17-149 7 0,000000 QueryExpansion
453 Q0 WTX001-B17-153 8 0,000000 QueryExpansion
453 Q0 WTX001-B17-157 9 0,000000 QueryExpansion
454 Q0 WTX001-B32-107 0 0,191412 QueryExpansion
454 Q0 WTX001-B07-151 1 0,147351 QueryExpansion
454 Q0 WTX001-B24-359 2 0,139883 QueryExpansion
454 Q0 WTX001-B49-160 3 0,123106 QueryExpansion
454 Q0 WTX001-B17-3 4 0,098402 QueryExpansion
454 Q0 WTX001-B34-87 5 0,061685 QueryExpansion
454 Q0 WTX001-B44-291 6 0,057251 QueryExpansion
454 Q0 WTX001-B44-491 7 0,044004 QueryExpansion
454 Q0 WTX001-B49-1 8 0,044004 QueryExpansion
454 Q0 WTX001-B43-399 9 0,044004 QueryExpansion
455 Q0 WTX001-B09-5 0 0,000000 QueryExpansion
455 Q0 WTX001-B09-9 1 0,000000 QueryExpansion
455 Q0 WTX001-B09-10 2 0,000000 QueryExpansion
455 Q0 WTX001-B09-11 3 0,000000 QueryExpansion
455 Q0 WTX001-B09-12 4 0,000000 QueryExpansion
455 Q0 WTX001-B09-16 5 0,000000 QueryExpansion
455 Q0 WTX001-B09-18 6 0,000000 QueryExpansion
455 Q0 WTX001-B09-20 7 0,000000 QueryExpansion
455 Q0 WTX001-B09-21 8 0,000000 QueryExpansion
455 Q0 WTX001-B09-24 9 0,000000 QueryExpansion
456 Q0 WTX001-B15-120 0 0,026324 QueryExpansion
456 Q0 WTX001-B09-138 1 0,023508 QueryExpansion
456 Q0 WTX001-B20-188 2 0,022108 QueryExpansion
456 Q0 WTX001-B44-392 3 0,021671 QueryExpansion
456 Q0 WTX001-B22-214 4 0,021228 QueryExpansion
456 Q0 WTX001-B10-85 5 0,020604 QueryExpansion
456 Q0 WTX001-B22-263 6 0,020076 QueryExpansion
456 Q0 WTX001-B36-61 7 0,019690 QueryExpansion
456 Q0 WTX001-B24-372 8 0,019598 QueryExpansion
456 Q0 WTX001-B48-269 9 0,018624 QueryExpansion
457 Q0 WTX001-B35-433 0 0,110441 QueryExpansion
457 Q0 WTX001-B04-51 1 0,082053 QueryExpansion
457 Q0 WTX001-B13-247 2 0,079700 QueryExpansion
457 Q0 WTX001-B20-98 3 0,079168 QueryExpansion
457 Q0 WTX001-B04-114 4 0,075976 QueryExpansion
457 Q0 WTX001-B05-26 5 0,072785 QueryExpansion
457 Q0 WTX001-B13-246 6 0,066817 QueryExpansion
457 Q0 WTX001-B09-155 7 0,061594 QueryExpansion
457 Q0 WTX001-B04-99 8 0,056194 QueryExpansion
457 Q0 WTX001-B35-422 9 0,054100 QueryExpansion
458 Q0 WTX001-B15-61 0 0,109073 QueryExpansion
458 Q0 WTX001-B24-53 1 0,055635 QueryExpansion
458 Q0 WTX001-B24-29 2 0,043430 QueryExpansion
458 Q0 WTX001-B21-158 3 0,032363 QueryExpansion
458 Q0 WTX001-B20-188 4 0,031506 QueryExpansion
458 Q0 WTX001-B15-120 5 0,029721 QueryExpansion
458 Q0 WTX001-B15-129 6 0,029661 QueryExpansion
458 Q0 WTX001-B23-137 7 0,029626 QueryExpansion
458 Q0 WTX001-B47-311 8 0,026094 QueryExpansion
458 Q0 WTX001-B43-11 9 0,026094 QueryExpansion
459 Q0 WTX001-B09-3 0 0,000000 QueryExpansion
459 Q0 WTX001-B09-5 1 0,000000 QueryExpansion
459 Q0 WTX001-B09-11 2 0,000000 QueryExpansion
459 Q0 WTX001-B09-18 3 0,000000 QueryExpansion
459 Q0 WTX001-B09-20 4 0,000000 QueryExpansion
459 Q0 WTX001-B09-24 5 0,000000 QueryExpansion
459 Q0 WTX001-B09-26 6 0,000000 QueryExpansion
459 Q0 WTX001-B09-28 7 0,000000 QueryExpansion
459 Q0 WTX001-B09-30 8 0,000000 QueryExpansion
459 Q0 WTX001-B09-37 9 0,000000 QueryExpansion
460 Q0 WTX001-B34-533 0 0,194660 QueryExpansion
460 Q0 WTX001-B44-486 1 0,147702 QueryExpansion
460 Q0 WTX001-B12-88 2 0,147702 QueryExpansion
460 Q0 WTX001-B11-307 3 0,147702 QueryExpansion
460 Q0 WTX001-B11-31 4 0,137260 QueryExpansion
460 Q0 WTX001-B20-169 5 0,126601 QueryExpansion
460 Q0 WTX001-B49-181 6 0,126601 QueryExpansion
460 Q0 WTX001-B34-627 7 0,126601 QueryExpansion
460 Q0 WTX001-B28-102 8 0,109808 QueryExpansion
460 Q0 WTX001-B29-222 9 0,096082 QueryExpansion
461 Q0 WTX001-B27-305 0 0,209336 QueryExpansion
461 Q0 WTX001-B31-5 1 0,149526 QueryExpansion
461 Q0 WTX001-B23-266 2 0,064048 QueryExpansion
461 Q0 WTX001-B19-173 3 0,062582 QueryExpansion
461 Q0 WTX001-B20-86 4 0,059810 QueryExpansion
461 Q0 WTX001-B12-340 5 0,048626 QueryExpansion
461 Q0 WTX001-B13-46 6 0,048626 QueryExpansion
461 Q0 WTX001-B14-28 7 0,048036 QueryExpansion
461 Q0 WTX001-B16-13 8 0,048036 QueryExpansion
461 Q0 WTX001-B01-4 9 0,045189 QueryExpansion
462 Q0 WTX001-B09-1 0 0,000000 QueryExpansion
462 Q0 WTX001-B09-2 1 0,000000 QueryExpansion
462 Q0 WTX001-B09-3 2 0,000000 QueryExpansion
462 Q0 WTX001-B09-4 3 0,000000 QueryExpansion
462 Q0 WTX001-B09-8 4 0,000000 QueryExpansion
462 Q0 WTX001-B09-9 5 0,000000 QueryExpansion
462 Q0 WTX001-B09-11 6 0,000000 QueryExpansion
462 Q0 WTX001-B09-12 7 0,000000 QueryExpansion
462 Q0 WTX001-B09-14 8 0,000000 QueryExpansion
462 Q0 WTX001-B09-18 9 0,000000 QueryExpansion
464 Q0 WTX001-B09-219 0 0,000000 QueryExpansion
464 Q0 WTX001-B40-31 1 0,000000 QueryExpansion
464 Q0 WTX001-B40-68 2 0,000000 QueryExpansion
464 Q0 WTX001-B40-99 3 0,000000 QueryExpansion
464 Q0 WTX001-B17-1 4 0,000000 QueryExpansion
464 Q0 WTX001-B17-10 5 0,000000 QueryExpansion
464 Q0 WTX001-B17-22 6 0,000000 QueryExpansion
464 Q0 WTX001-B17-42 7 0,000000 QueryExpansion
464 Q0 WTX001-B17-61 8 0,000000 QueryExpansion
464 Q0 WTX001-B17-93 9 0,000000 QueryExpansion
465 Q0 WTX001-B09-50 0 0,000000 QueryExpansion
465 Q0 WTX001-B09-54 1 0,000000 QueryExpansion
465 Q0 WTX001-B09-57 2 0,000000 QueryExpansion
465 Q0 WTX001-B09-59 3 0,000000 QueryExpansion
465 Q0 WTX001-B09-63 4 0,000000 QueryExpansion
465 Q0 WTX001-B09-136 5 0,000000 QueryExpansion
465 Q0 WTX001-B05-1 6 0,000000 QueryExpansion
465 Q0 WTX001-B05-3 7 0,000000 QueryExpansion
465 Q0 WTX001-B05-8 8 0,000000 QueryExpansion
465 Q0 WTX001-B05-17 9 0,000000 QueryExpansion
466 Q0 WTX001-B09-1 0 0,000000 QueryExpansion
466 Q0 WTX001-B09-2 1 0,000000 QueryExpansion
466 Q0 WTX001-B09-4 2 0,000000 QueryExpansion
466 Q0 WTX001-B09-5 3 0,000000 QueryExpansion
466 Q0 WTX001-B09-6 4 0,000000 QueryExpansion
466 Q0 WTX001-B09-8 5 0,000000 QueryExpansion
466 Q0 WTX001-B09-10 6 0,000000 QueryExpansion
466 Q0 WTX001-B09-11 7 0,000000 QueryExpansion
466 Q0 WTX001-B09-12 8 0,000000 QueryExpansion
466 Q0 WTX001-B09-13 9 0,000000 QueryExpansion
467 Q0 WTX001-B09-18 0 0,000000 QueryExpansion
467 Q0 WTX001-B40-15 1 0,000000 QueryExpansion
467 Q0 WTX001-B40-20 2 0,000000 QueryExpansion
467 Q0 WTX001-B40-26 3 0,000000 QueryExpansion
467 Q0 WTX001-B40-30 4 0,000000 QueryExpansion
467 Q0 WTX001-B40-31 5 0,000000 QueryExpansion
467 Q0 WTX001-B40-38 6 0,000000 QueryExpansion
467 Q0 WTX001-B40-61 7 0,000000 QueryExpansion
467 Q0 WTX001-B40-86 8 0,000000 QueryExpansion
467 Q0 WTX001-B40-99 9 0,000000 QueryExpansion
500 Q0 WTX001-B37-115 0 0,095592 QueryExpansion
500 Q0 WTX001-B09-12 1 0,094998 QueryExpansion
500 Q0 WTX001-B04-26 2 0,094998 QueryExpansion
500 Q0 WTX001-B44-293 3 0,082669 QueryExpansion
500 Q0 WTX001-B23-341 4 0,072805 QueryExpansion
500 Q0 WTX001-B31-244 5 0,070402 QueryExpansion
500 Q0 WTX001-B03-140 6 0,070354 QueryExpansion
500 Q0 WTX001-B36-33 7 0,066432 QueryExpansion
500 Q0 WTX001-B43-521 8 0,064960 QueryExpansion
500 Q0 WTX001-B15-162 9 0,063270 QueryExpansion
468 Q0 WTX001-B09-55 0 0,000000 QueryExpansion
468 Q0 WTX001-B09-63 1 0,000000 QueryExpansion
468 Q0 WTX001-B09-74 2 0,000000 QueryExpansion
468 Q0 WTX001-B09-84 3 0,000000 QueryExpansion
468 Q0 WTX001-B09-95 4 0,000000 QueryExpansion
468 Q0 WTX001-B09-103 5 0,000000 QueryExpansion
468 Q0 WTX001-B09-138 6 0,000000 QueryExpansion
468 Q0 WTX001-B09-141 7 0,000000 QueryExpansion
468 Q0 WTX001-B09-145 8 0,000000 QueryExpansion
468 Q0 WTX001-B09-162 9 0,000000 QueryExpansion
501 Q0 WTX001-B09-3 0 0,000000 QueryExpansion
501 Q0 WTX001-B09-14 1 0,000000 QueryExpansion
501 Q0 WTX001-B09-28 2 0,000000 QueryExpansion
501 Q0 WTX001-B09-30 3 0,000000 QueryExpansion
501 Q0 WTX001-B09-38 4 0,000000 QueryExpansion
501 Q0 WTX001-B09-39 5 0,000000 QueryExpansion
501 Q0 WTX001-B09-43 6 0,000000 QueryExpansion
501 Q0 WTX001-B09-48 7 0,000000 QueryExpansion
501 Q0 WTX001-B09-50 8 0,000000 QueryExpansion
501 Q0 WTX001-B09-54 9 0,000000 QueryExpansion
469 Q0 WTX001-B46-247 0 0,047403 QueryExpansion
469 Q0 WTX001-B46-175 1 0,043611 QueryExpansion
469 Q0 WTX001-B23-54 2 0,025744 QueryExpansion
469 Q0 WTX001-B34-344 3 0,024603 QueryExpansion
469 Q0 WTX001-B46-435 4 0,020596 QueryExpansion
469 Q0 WTX001-B26-443 5 0,019683 QueryExpansion
469 Q0 WTX001-B34-306 6 0,014762 QueryExpansion
469 Q0 WTX001-B34-308 7 0,014762 QueryExpansion
469 Q0 WTX001-B38-626 8 0,010298 QueryExpansion
469 Q0 WTX001-B29-268 9 0,005577 QueryExpansion
502 Q0 WTX001-B19-246 0 0,024695 QueryExpansion
502 Q0 WTX001-B01-211 1 0,021325 QueryExpansion
502 Q0 WTX001-B11-198 2 0,017630 QueryExpansion
502 Q0 WTX001-B11-231 3 0,017630 QueryExpansion
502 Q0 WTX001-B16-172 4 0,017340 QueryExpansion
502 Q0 WTX001-B19-274 5 0,016203 QueryExpansion
502 Q0 WTX001-B03-53 6 0,012871 QueryExpansion
502 Q0 WTX001-B49-60 7 0,012083 QueryExpansion
502 Q0 WTX001-B36-74 8 0,011990 QueryExpansion
502 Q0 WTX001-B20-207 9 0,011987 QueryExpansion
503 Q0 WTX001-B34-184 0 0,013742 QueryExpansion
503 Q0 WTX001-B16-44 1 0,010307 QueryExpansion
503 Q0 WTX001-B12-480 2 0,009228 QueryExpansion
503 Q0 WTX001-B12-83 3 0,008583 QueryExpansion
503 Q0 WTX001-B27-340 4 0,008447 QueryExpansion
503 Q0 WTX001-B08-56 5 0,008325 QueryExpansion
503 Q0 WTX001-B41-55 6 0,008309 QueryExpansion
503 Q0 WTX001-B12-6 7 0,008292 QueryExpansion
503 Q0 WTX001-B33-165 8 0,008079 QueryExpansion
503 Q0 WTX001-B45-480 9 0,008023 QueryExpansion
504 Q0 WTX001-B44-321 0 0,013978 QueryExpansion
504 Q0 WTX001-B05-22 1 0,013505 QueryExpansion
504 Q0 WTX001-B33-113 2 0,013055 QueryExpansion
504 Q0 WTX001-B23-227 3 0,012064 QueryExpansion
504 Q0 WTX001-B21-158 4 0,012057 QueryExpansion
504 Q0 WTX001-B23-363 5 0,011615 QueryExpansion
504 Q0 WTX001-B05-66 6 0,011609 QueryExpansion
504 Q0 WTX001-B11-119 7 0,011475 QueryExpansion
504 Q0 WTX001-B44-334 8 0,010962 QueryExpansion
504 Q0 WTX001-B02-233 9 0,010886 QueryExpansion
505 Q0 WTX001-B37-180 0 0,073437 QueryExpansion
505 Q0 WTX001-B34-150 1 0,069509 QueryExpansion
505 Q0 WTX001-B49-221 2 0,057677 QueryExpansion
505 Q0 WTX001-B35-407 3 0,051676 QueryExpansion
505 Q0 WTX001-B21-68 4 0,043108 QueryExpansion
505 Q0 WTX001-B50-190 5 0,039719 QueryExpansion
505 Q0 WTX001-B07-45 6 0,038451 QueryExpansion
505 Q0 WTX001-B50-88 7 0,033645 QueryExpansion
505 Q0 WTX001-B34-245 8 0,032519 QueryExpansion
505 Q0 WTX001-B13-84 9 0,031582 QueryExpansion
506 Q0 WTX001-B14-1 0 0,056599 QueryExpansion
506 Q0 WTX001-B29-52 1 0,042242 QueryExpansion
506 Q0 WTX001-B41-129 2 0,040828 QueryExpansion
506 Q0 WTX001-B32-233 3 0,040810 QueryExpansion
506 Q0 WTX001-B29-178 4 0,038382 QueryExpansion
506 Q0 WTX001-B41-47 5 0,032763 QueryExpansion
506 Q0 WTX001-B42-18 6 0,032726 QueryExpansion
506 Q0 WTX001-B29-164 7 0,032534 QueryExpansion
506 Q0 WTX001-B34-245 8 0,030442 QueryExpansion
506 Q0 WTX001-B14-121 9 0,030315 QueryExpansion
507 Q0 WTX001-B22-215 0 0,011774 QueryExpansion
507 Q0 WTX001-B16-22 1 0,011593 QueryExpansion
507 Q0 WTX001-B08-211 2 0,011535 QueryExpansion
507 Q0 WTX001-B48-111 3 0,010593 QueryExpansion
507 Q0 WTX001-B06-367 4 0,009924 QueryExpansion
507 Q0 WTX001-B02-71 5 0,009624 QueryExpansion
507 Q0 WTX001-B13-152 6 0,009479 QueryExpansion
507 Q0 WTX001-B35-116 7 0,008695 QueryExpansion
507 Q0 WTX001-B13-193 8 0,008125 QueryExpansion
507 Q0 WTX001-B06-29 9 0,007977 QueryExpansion
508 Q0 WTX001-B09-2 0 0,000000 QueryExpansion
508 Q0 WTX001-B09-3 1 0,000000 QueryExpansion
508 Q0 WTX001-B09-7 2 0,000000 QueryExpansion
508 Q0 WTX001-B09-11 3 0,000000 QueryExpansion
508 Q0 WTX001-B09-18 4 0,000000 QueryExpansion
508 Q0 WTX001-B09-21 5 0,000000 QueryExpansion
508 Q0 WTX001-B09-26 6 0,000000 QueryExpansion
508 Q0 WTX001-B09-28 7 0,000000 QueryExpansion
508 Q0 WTX001-B09-37 8 0,000000 QueryExpansion
508 Q0 WTX001-B09-38 9 0,000000 QueryExpansion
509 Q0 WTX001-B09-1 0 0,000000 QueryExpansion
509 Q0 WTX001-B09-2 1 0,000000 QueryExpansion
509 Q0 WTX001-B09-3 2 0,000000 QueryExpansion
509 Q0 WTX001-B09-4 3 0,000000 QueryExpansion
509 Q0 WTX001-B09-5 4 0,000000 QueryExpansion
509 Q0 WTX001-B09-6 5 0,000000 QueryExpansion
509 Q0 WTX001-B09-7 6 0,000000 QueryExpansion
509 Q0 WTX001-B09-8 7 0,000000 QueryExpansion
509 Q0 WTX001-B09-9 8 0,000000 QueryExpansion
509 Q0 WTX001-B09-10 9 0,000000 QueryExpansion
