470 Q0 WTX001-B05-69 0 63,917526 Rocchio
470 Q0 WTX001-B05-70 1 62,026779 Rocchio
470 Q0 WTX001-B05-89 2 59,227753 Rocchio
470 Q0 WTX001-B06-10 3 59,038700 Rocchio
470 Q0 WTX001-B05-76 4 57,371979 Rocchio
470 Q0 WTX001-B06-22 5 53,616146 Rocchio
470 Q0 WTX001-B06-14 6 50,623573 Rocchio
470 Q0 WTX001-B05-78 7 44,524128 Rocchio
470 Q0 WTX001-B05-72 8 41,853226 Rocchio
470 Q0 WTX001-B05-85 9 41,730255 Rocchio
471 Q0 WTX001-B32-243 0 113,788094 Rocchio
471 Q0 WTX001-B23-306 1 20,148268 Rocchio
471 Q0 WTX001-B33-201 2 14,057974 Rocchio
471 Q0 WTX001-B44-199 3 13,893293 Rocchio
471 Q0 WTX001-B38-127 4 12,514259 Rocchio
471 Q0 WTX001-B13-198 5 11,955227 Rocchio
471 Q0 WTX001-B38-132 6 11,424001 Rocchio
471 Q0 WTX001-B32-197 7 10,888654 Rocchio
471 Q0 WTX001-B29-126 8 10,633028 Rocchio
471 Q0 WTX001-B15-85 9 10,466748 Rocchio
472 Q0 WTX001-B49-109 0 54,182755 Rocchio
472 Q0 WTX001-B49-36 1 52,629982 Rocchio
472 Q0 WTX001-B32-263 2 47,772758 Rocchio
472 Q0 WTX001-B49-82 3 44,163910 Rocchio
472 Q0 WTX001-B09-45 4 44,027885 Rocchio
472 Q0 WTX001-B49-60 5 42,886665 Rocchio
472 Q0 WTX001-B48-345 6 41,947502 Rocchio
472 Q0 WTX001-B48-130 7 41,857254 Rocchio
472 Q0 WTX001-B09-171 8 41,361359 Rocchio
472 Q0 WTX001-B49-15 9 40,001034 Rocchio
473 Q0 WTX001-B24-308 0 29,567909 Rocchio
473 Q0 WTX001-B17-232 1 27,440014 Rocchio
473 Q0 WTX001-B17-239 2 25,824556 Rocchio
473 Q0 WTX001-B17-197 3 25,676399 Rocchio
473 Q0 WTX001-B17-240 4 25,569696 Rocchio
473 Q0 WTX001-B17-195 5 25,152328 Rocchio
473 Q0 WTX001-B17-193 6 25,130041 Rocchio
473 Q0 WTX001-B17-192 7 24,843584 Rocchio
473 Q0 WTX001-B17-234 8 23,897249 Rocchio
473 Q0 WTX001-B17-218 9 23,759188 Rocchio
474 Q0 WTX001-B11-270 0 30,301989 Rocchio
474 Q0 WTX001-B08-95 1 26,948721 Rocchio
474 Q0 WTX001-B08-66 2 26,611994 Rocchio
474 Q0 WTX001-B08-73 3 26,425886 Rocchio
474 Q0 WTX001-B08-91 4 26,374062 Rocchio
474 Q0 WTX001-B08-93 5 26,363678 Rocchio
474 Q0 WTX001-B08-88 6 25,374260 Rocchio
474 Q0 WTX001-B08-92 7 25,236467 Rocchio
474 Q0 WTX001-B08-97 8 25,047916 Rocchio
474 Q0 WTX001-B08-62 9 24,948467 Rocchio
475 Q0 WTX001-B21-48 0 45,480705 Rocchio
475 Q0 WTX001-B21-105 1 40,237293 Rocchio
475 Q0 WTX001-B10-126 2 38,437504 Rocchio
475 Q0 WTX001-B10-91 3 37,334068 Rocchio
475 Q0 WTX001-B23-320 4 36,141365 Rocchio
475 Q0 WTX001-B23-316 5 35,120949 Rocchio
475 Q0 WTX001-B16-58 6 34,961678 Rocchio
475 Q0 WTX001-B21-172 7 33,520397 Rocchio
475 Q0 WTX001-B21-152 8 29,747807 Rocchio
475 Q0 WTX001-B47-363 9 29,524183 Rocchio
476 Q0 WTX001-B27-131 0 43,856285 Rocchio
476 Q0 WTX001-B27-216 1 32,384460 Rocchio
476 Q0 WTX001-B27-291 2 24,442051 Rocchio
476 Q0 WTX001-B27-159 3 23,227394 Rocchio
476 Q0 WTX001-B27-247 4 23,223885 Rocchio
476 Q0 WTX001-B27-286 5 23,222151 Rocchio
476 Q0 WTX001-B27-144 6 23,052780 Rocchio
476 Q0 WTX001-B27-97 7 23,006351 Rocchio
476 Q0 WTX001-B27-272 8 22,570972 Rocchio
476 Q0 WTX001-B27-196 9 22,381525 Rocchio
477 Q0 WTX001-B16-43 0 66,420830 Rocchio
477 Q0 WTX001-B15-159 1 51,764790 Rocchio
477 Q0 WTX001-B16-13 2 51,219421 Rocchio
477 Q0 WTX001-B11-26 3 50,814442 Rocchio
477 Q0 WTX001-B11-4 4 50,783546 Rocchio
477 Q0 WTX001-B11-17 5 50,783546 Rocchio
477 Q0 WTX001-B11-34 6 50,783546 Rocchio
477 Q0 WTX001-B32-43 7 49,962761 Rocchio
477 Q0 WTX001-B15-132 8 49,773308 Rocchio
477 Q0 WTX001-B21-172 9 46,918613 Rocchio
510 Q0 WTX001-B36-68 0 36,798512 Rocchio
510 Q0 WTX001-B31-237 1 28,015959 Rocchio
510 Q0 WTX001-B20-200 2 25,264748 Rocchio
510 Q0 WTX001-B31-234 3 24,205048 Rocchio
510 Q0 WTX001-B29-222 4 22,944969 Rocchio
510 Q0 WTX001-B21-73 5 22,832460 Rocchio
510 Q0 WTX001-B35-325 6 22,732094 Rocchio
510 Q0 WTX001-B20-131 7 22,558556 Rocchio
510 Q0 WTX001-B34-7 8 22,488531 Rocchio
510 Q0 WTX001-B34-434 9 22,041763 Rocchio
478 Q0 WTX001-B49-245 0 36,952656 Rocchio
478 Q0 WTX001-B43-451 1 24,142715 Rocchio
478 Q0 WTX001-B26-540 2 21,563866 Rocchio
478 Q0 WTX001-B31-11 3 20,053871 Rocchio
478 Q0 WTX001-B31-6 4 19,668463 Rocchio
478 Q0 WTX001-B26-551 5 19,505289 Rocchio
478 Q0 WTX001-B44-185 6 19,118679 Rocchio
478 Q0 WTX001-B30-419 7 19,076910 Rocchio
478 Q0 WTX001-B20-107 8 18,363098 Rocchio
478 Q0 WTX001-B30-430 9 18,267754 Rocchio
511 Q0 WTX001-B49-50 0 40,545654 Rocchio
511 Q0 WTX001-B35-454 1 36,877548 Rocchio
511 Q0 WTX001-B29-114 2 30,347771 Rocchio
511 Q0 WTX001-B48-53 3 28,744677 Rocchio
511 Q0 WTX001-B15-94 4 28,439859 Rocchio
511 Q0 WTX001-B20-179 5 28,241013 Rocchio
511 Q0 WTX001-B34-45 6 27,290174 Rocchio
511 Q0 WTX001-B48-48 7 27,224430 Rocchio
511 Q0 WTX001-B33-5 8 27,169046 Rocchio
511 Q0 WTX001-B32-164 9 26,826683 Rocchio
479 Q0 WTX001-B36-198 0 56,596630 Rocchio
479 Q0 WTX001-B04-88 1 27,876869 Rocchio
479 Q0 WTX001-B04-59 2 21,413109 Rocchio
479 Q0 WTX001-B04-61 3 19,477888 Rocchio
479 Q0 WTX001-B30-379 4 18,898750 Rocchio
479 Q0 WTX001-B04-42 5 18,515167 Rocchio
479 Q0 WTX001-B41-17 6 18,286564 Rocchio
479 Q0 WTX001-B04-77 7 17,607203 Rocchio
479 Q0 WTX001-B04-32 8 17,294615 Rocchio
479 Q0 WTX001-B04-126 9 17,112082 Rocchio
512 Q0 WTX001-B49-298 0 53,845482 Rocchio
512 Q0 WTX001-B49-293 1 49,854359 Rocchio
512 Q0 WTX001-B44-195 2 33,475060 Rocchio
512 Q0 WTX001-B49-145 3 30,054688 Rocchio
512 Q0 WTX001-B48-344 4 29,948925 Rocchio
512 Q0 WTX001-B49-245 5 29,864687 Rocchio
512 Q0 WTX001-B44-125 6 29,713051 Rocchio
512 Q0 WTX001-B49-194 7 29,523602 Rocchio
512 Q0 WTX001-B44-50 8 28,779938 Rocchio
512 Q0 WTX001-B49-141 9 27,896120 Rocchio
513 Q0 WTX001-B24-324 0 27,481806 Rocchio
513 Q0 WTX001-B26-181 1 25,219032 Rocchio
513 Q0 WTX001-B37-221 2 23,885735 Rocchio
513 Q0 WTX001-B38-201 3 23,428276 Rocchio
513 Q0 WTX001-B24-299 4 23,065706 Rocchio
513 Q0 WTX001-B38-173 5 22,973063 Rocchio
513 Q0 WTX001-B38-163 6 22,512358 Rocchio
513 Q0 WTX001-B25-248 7 22,457169 Rocchio
513 Q0 WTX001-B13-38 8 22,376537 Rocchio
513 Q0 WTX001-B25-43 9 22,323204 Rocchio
514 Q0 WTX001-B36-62 0 36,531818 Rocchio
514 Q0 WTX001-B40-61 1 24,705841 Rocchio
514 Q0 WTX001-B01-262 2 22,239653 Rocchio
514 Q0 WTX001-B42-39 3 21,984282 Rocchio
514 Q0 WTX001-B36-71 4 21,489563 Rocchio
514 Q0 WTX001-B20-155 5 21,138090 Rocchio
514 Q0 WTX001-B20-147 6 20,399010 Rocchio
514 Q0 WTX001-B42-90 7 19,678679 Rocchio
514 Q0 WTX001-B20-34 8 19,604637 Rocchio
514 Q0 WTX001-B36-93 9 19,551077 Rocchio
515 Q0 WTX001-B43-390 0 73,729904 Rocchio
515 Q0 WTX001-B35-88 1 30,825386 Rocchio
515 Q0 WTX001-B35-201 2 29,522652 Rocchio
515 Q0 WTX001-B34-563 3 26,797199 Rocchio
515 Q0 WTX001-B34-469 4 26,347414 Rocchio
515 Q0 WTX001-B34-426 5 25,672913 Rocchio
515 Q0 WTX001-B35-206 6 25,110825 Rocchio
515 Q0 WTX001-B35-77 7 24,762459 Rocchio
515 Q0 WTX001-B34-437 8 24,727831 Rocchio
515 Q0 WTX001-B35-149 9 24,413519 Rocchio
516 Q0 WTX001-B27-224 0 46,358738 Rocchio
516 Q0 WTX001-B09-104 1 28,795668 Rocchio
516 Q0 WTX001-B06-63 2 27,906221 Rocchio
516 Q0 WTX001-B06-142 3 27,739120 Rocchio
516 Q0 WTX001-B06-102 4 27,699942 Rocchio
516 Q0 WTX001-B09-206 5 27,530109 Rocchio
516 Q0 WTX001-B09-108 6 27,125441 Rocchio
516 Q0 WTX001-B06-81 7 26,742966 Rocchio
516 Q0 WTX001-B06-35 8 24,662975 Rocchio
516 Q0 WTX001-B09-97 9 24,637089 Rocchio
517 Q0 WTX001-B32-286 0 57,667023 Rocchio
517 Q0 WTX001-B32-293 1 35,304077 Rocchio
517 Q0 WTX001-B32-279 2 32,983608 Rocchio
517 Q0 WTX001-B32-252 3 29,827898 Rocchio
517 Q0 WTX001-B33-12 4 29,262455 Rocchio
517 Q0 WTX001-B33-18 5 28,345999 Rocchio
517 Q0 WTX001-B32-274 6 27,771690 Rocchio
517 Q0 WTX001-B32-267 7 27,140507 Rocchio
517 Q0 WTX001-B22-6 8 25,352995 Rocchio
517 Q0 WTX001-B32-257 9 24,076912 Rocchio
518 Q0 WTX001-B05-6 0 68,055382 Rocchio
518 Q0 WTX001-B05-16 1 54,003544 Rocchio
518 Q0 WTX001-B05-18 2 51,972847 Rocchio
518 Q0 WTX001-B05-17 3 48,748566 Rocchio
518 Q0 WTX001-B05-8 4 47,691753 Rocchio
518 Q0 WTX001-B05-15 5 40,955074 Rocchio
518 Q0 WTX001-B05-5 6 39,564102 Rocchio
518 Q0 WTX001-B05-1 7 34,433708 Rocchio
518 Q0 WTX001-B05-10 8 33,864941 Rocchio
518 Q0 WTX001-B05-3 9 31,734798 Rocchio
519 Q0 WTX001-B35-391 0 35,034519 Rocchio
519 Q0 WTX001-B35-482 1 23,842505 Rocchio
519 Q0 WTX001-B35-412 2 23,657732 Rocchio
519 Q0 WTX001-B42-56 3 23,503313 Rocchio
519 Q0 WTX001-B41-144 4 23,501663 Rocchio
519 Q0 WTX001-B35-95 5 20,458218 Rocchio
519 Q0 WTX001-B42-141 6 20,402739 Rocchio
519 Q0 WTX001-B41-47 7 19,735855 Rocchio
519 Q0 WTX001-B27-231 8 19,570004 Rocchio
519 Q0 WTX001-B43-223 9 18,654877 Rocchio
480 Q0 WTX001-B13-216 0 52,079216 Rocchio
480 Q0 WTX001-B04-85 1 38,277859 Rocchio
480 Q0 WTX001-B13-217 2 37,408089 Rocchio
480 Q0 WTX001-B13-232 3 35,770515 Rocchio
480 Q0 WTX001-B13-243 4 35,766747 Rocchio
480 Q0 WTX001-B13-234 5 35,621956 Rocchio
480 Q0 WTX001-B13-226 6 33,700123 Rocchio
480 Q0 WTX001-B04-112 7 33,249210 Rocchio
480 Q0 WTX001-B04-90 8 33,228783 Rocchio
480 Q0 WTX001-B13-247 9 32,978558 Rocchio
481 Q0 WTX001-B14-145 0 35,768890 Rocchio
481 Q0 WTX001-B14-155 1 35,711357 Rocchio
481 Q0 WTX001-B14-149 2 35,404892 Rocchio
481 Q0 WTX001-B14-140 3 35,357468 Rocchio
481 Q0 WTX001-B14-147 4 35,263523 Rocchio
481 Q0 WTX001-B21-281 5 35,245174 Rocchio
481 Q0 WTX001-B14-152 6 35,195271 Rocchio
481 Q0 WTX001-B14-144 7 34,870647 Rocchio
481 Q0 WTX001-B21-282 8 34,771679 Rocchio
481 Q0 WTX001-B14-142 9 34,719223 Rocchio
482 Q0 WTX001-B05-85 0 44,590618 Rocchio
482 Q0 WTX001-B05-89 1 43,518944 Rocchio
482 Q0 WTX001-B06-14 2 42,256977 Rocchio
482 Q0 WTX001-B05-70 3 40,531921 Rocchio
482 Q0 WTX001-B05-78 4 34,081882 Rocchio
482 Q0 WTX001-B06-22 5 32,177177 Rocchio
482 Q0 WTX001-B05-69 6 28,800739 Rocchio
482 Q0 WTX001-B06-17 7 26,656439 Rocchio
482 Q0 WTX001-B06-10 8 26,056053 Rocchio
482 Q0 WTX001-B05-76 9 23,143370 Rocchio
483 Q0 WTX001-B27-227 0 48,703548 Rocchio
483 Q0 WTX001-B26-389 1 41,450294 Rocchio
483 Q0 WTX001-B26-393 2 22,668617 Rocchio
483 Q0 WTX001-B26-386 3 22,181152 Rocchio
483 Q0 WTX001-B26-570 4 21,043394 Rocchio
483 Q0 WTX001-B27-131 5 20,753323 Rocchio
483 Q0 WTX001-B26-441 6 20,298288 Rocchio
483 Q0 WTX001-B27-115 7 19,875858 Rocchio
483 Q0 WTX001-B27-39 8 19,815943 Rocchio
483 Q0 WTX001-B27-176 9 19,314816 Rocchio
484 Q0 WTX001-B09-68 0 63,606571 Rocchio
484 Q0 WTX001-B09-66 1 58,188423 Rocchio
484 Q0 WTX001-B09-121 2 57,964497 Rocchio
484 Q0 WTX001-B09-131 3 55,671501 Rocchio
484 Q0 WTX001-B09-135 4 51,467045 Rocchio
484 Q0 WTX001-B09-109 5 49,628094 Rocchio
484 Q0 WTX001-B09-44 6 47,543270 Rocchio
484 Q0 WTX001-B09-128 7 46,438232 Rocchio
484 Q0 WTX001-B09-71 8 43,854019 Rocchio
484 Q0 WTX001-B09-98 9 43,793812 Rocchio
485 Q0 WTX001-B16-274 0 67,390831 Rocchio
485 Q0 WTX001-B16-235 1 30,541670 Rocchio
485 Q0 WTX001-B16-259 2 29,363911 Rocchio
485 Q0 WTX001-B16-245 3 29,266167 Rocchio
485 Q0 WTX001-B16-247 4 26,707306 Rocchio
485 Q0 WTX001-B16-257 5 25,346609 Rocchio
485 Q0 WTX001-B16-241 6 22,001123 Rocchio
485 Q0 WTX001-B03-258 7 14,957165 Rocchio
485 Q0 WTX001-B19-144 8 14,924874 Rocchio
485 Q0 WTX001-B37-6 9 14,629972 Rocchio
486 Q0 WTX001-B35-432 0 81,738724 Rocchio
486 Q0 WTX001-B28-9 1 21,463940 Rocchio
486 Q0 WTX001-B31-83 2 21,069771 Rocchio
486 Q0 WTX001-B19-240 3 19,553780 Rocchio
486 Q0 WTX001-B45-122 4 19,522799 Rocchio
486 Q0 WTX001-B14-91 5 19,110445 Rocchio
486 Q0 WTX001-B35-488 6 18,761612 Rocchio
486 Q0 WTX001-B35-472 7 18,590256 Rocchio
486 Q0 WTX001-B24-220 8 18,459068 Rocchio
486 Q0 WTX001-B45-517 9 18,328112 Rocchio
487 Q0 WTX001-B21-158 0 79,404823 Rocchio
487 Q0 WTX001-B23-227 1 44,070644 Rocchio
487 Q0 WTX001-B48-101 2 37,865280 Rocchio
487 Q0 WTX001-B49-290 3 33,826237 Rocchio
487 Q0 WTX001-B49-44 4 33,730122 Rocchio
487 Q0 WTX001-B49-201 5 31,989023 Rocchio
487 Q0 WTX001-B48-224 6 30,995178 Rocchio
487 Q0 WTX001-B24-359 7 27,627626 Rocchio
487 Q0 WTX001-B44-270 8 25,782547 Rocchio
487 Q0 WTX001-B16-41 9 21,728531 Rocchio
520 Q0 WTX001-B10-227 0 34,234375 Rocchio
520 Q0 WTX001-B09-18 1 30,502552 Rocchio
520 Q0 WTX001-B09-21 2 27,464458 Rocchio
520 Q0 WTX001-B49-175 3 26,085901 Rocchio
520 Q0 WTX001-B32-17 4 19,765163 Rocchio
520 Q0 WTX001-B32-239 5 19,188526 Rocchio
520 Q0 WTX001-B30-311 6 19,070259 Rocchio
520 Q0 WTX001-B16-36 7 18,462921 Rocchio
520 Q0 WTX001-B10-165 8 18,293831 Rocchio
520 Q0 WTX001-B08-267 9 18,182270 Rocchio
488 Q0 WTX001-B42-132 0 28,678566 Rocchio
488 Q0 WTX001-B41-153 1 23,585268 Rocchio
488 Q0 WTX001-B19-106 2 23,126801 Rocchio
488 Q0 WTX001-B19-107 3 23,126801 Rocchio
488 Q0 WTX001-B23-318 4 21,265259 Rocchio
488 Q0 WTX001-B46-459 5 20,538944 Rocchio
488 Q0 WTX001-B46-344 6 20,478844 Rocchio
488 Q0 WTX001-B47-19 7 20,313129 Rocchio
488 Q0 WTX001-B46-435 8 20,287769 Rocchio
488 Q0 WTX001-B46-366 9 20,222658 Rocchio
521 Q0 WTX001-B27-172 0 26,913908 Rocchio
521 Q0 WTX001-B25-2 1 25,754616 Rocchio
521 Q0 WTX001-B46-353 2 24,813690 Rocchio
521 Q0 WTX001-B46-363 3 22,787237 Rocchio
521 Q0 WTX001-B25-4 4 22,676003 Rocchio
521 Q0 WTX001-B48-295 5 22,157642 Rocchio
521 Q0 WTX001-B26-103 6 21,667545 Rocchio
521 Q0 WTX001-B24-32 7 21,592461 Rocchio
521 Q0 WTX001-B46-355 8 21,138062 Rocchio
521 Q0 WTX001-B46-365 9 21,138062 Rocchio
489 Q0 WTX001-B33-197 0 93,554169 Rocchio
489 Q0 WTX001-B33-202 1 67,645195 Rocchio
489 Q0 WTX001-B33-208 2 53,318867 Rocchio
489 Q0 WTX001-B33-213 3 42,639042 Rocchio
489 Q0 WTX001-B33-219 4 42,066498 Rocchio
489 Q0 WTX001-B33-225 5 41,069180 Rocchio
489 Q0 WTX001-B33-231 6 36,207314 Rocchio
489 Q0 WTX001-B33-237 7 33,130665 Rocchio
489 Q0 WTX001-B34-1 8 30,871483 Rocchio
489 Q0 WTX001-B34-68 9 27,033535 Rocchio
522 Q0 WTX001-B05-3 0 42,590187 Rocchio
522 Q0 WTX001-B05-1 1 42,150928 Rocchio
522 Q0 WTX001-B05-5 2 41,272850 Rocchio
522 Q0 WTX001-B05-15 3 39,233047 Rocchio
522 Q0 WTX001-B05-17 4 37,556107 Rocchio
522 Q0 WTX001-B05-8 5 35,679703 Rocchio
522 Q0 WTX001-B05-18 6 34,287201 Rocchio
522 Q0 WTX001-B05-14 7 32,016872 Rocchio
522 Q0 WTX001-B05-10 8 31,320866 Rocchio
522 Q0 WTX001-B05-6 9 30,541233 Rocchio
523 Q0 WTX001-B22-212 0 46,928970 Rocchio
523 Q0 WTX001-B19-183 1 31,413973 Rocchio
523 Q0 WTX001-B47-167 2 27,640230 Rocchio
523 Q0 WTX001-B11-175 3 27,119385 Rocchio
523 Q0 WTX001-B22-196 4 26,907478 Rocchio
523 Q0 WTX001-B47-166 5 24,712135 Rocchio
523 Q0 WTX001-B22-213 6 22,276810 Rocchio
523 Q0 WTX001-B19-125 7 22,198860 Rocchio
523 Q0 WTX001-B47-165 8 21,413982 Rocchio
523 Q0 WTX001-B20-295 9 19,759771 Rocchio
524 Q0 WTX001-B34-45 0 58,004459 Rocchio
524 Q0 WTX001-B30-153 1 33,163567 Rocchio
524 Q0 WTX001-B26-532 2 28,357828 Rocchio
524 Q0 WTX001-B48-53 3 26,762995 Rocchio
524 Q0 WTX001-B35-454 4 26,280128 Rocchio
524 Q0 WTX001-B48-224 5 24,850910 Rocchio
524 Q0 WTX001-B26-551 6 24,355507 Rocchio
524 Q0 WTX001-B39-156 7 24,226984 Rocchio
524 Q0 WTX001-B33-5 8 23,438585 Rocchio
524 Q0 WTX001-B26-535 9 22,778225 Rocchio
525 Q0 WTX001-B49-13 0 34,705860 Rocchio
525 Q0 WTX001-B11-77 1 34,536453 Rocchio
525 Q0 WTX001-B23-301 2 25,343254 Rocchio
525 Q0 WTX001-B11-53 3 25,324089 Rocchio
525 Q0 WTX001-B21-172 4 24,905521 Rocchio
525 Q0 WTX001-B16-58 5 24,893948 Rocchio
525 Q0 WTX001-B21-190 6 24,887070 Rocchio
525 Q0 WTX001-B10-252 7 24,785717 Rocchio
525 Q0 WTX001-B21-152 8 24,742588 Rocchio
525 Q0 WTX001-B23-304 9 24,054203 Rocchio
526 Q0 WTX001-B29-268 0 42,327507 Rocchio
526 Q0 WTX001-B18-198 1 37,101894 Rocchio
526 Q0 WTX001-B29-206 2 35,770760 Rocchio
526 Q0 WTX001-B29-208 3 35,615417 Rocchio
526 Q0 WTX001-B29-213 4 35,487320 Rocchio
526 Q0 WTX001-B29-215 5 35,365246 Rocchio
526 Q0 WTX001-B29-210 6 35,357452 Rocchio
526 Q0 WTX001-B29-217 7 35,328827 Rocchio
526 Q0 WTX001-B29-221 8 34,014198 Rocchio
526 Q0 WTX001-B29-251 9 33,270729 Rocchio
527 Q0 WTX001-B29-34 0 36,585068 Rocchio
527 Q0 WTX001-B12-138 1 33,039444 Rocchio
527 Q0 WTX001-B17-311 2 32,240597 Rocchio
527 Q0 WTX001-B17-313 3 31,214441 Rocchio
527 Q0 WTX001-B50-159 4 30,717047 Rocchio
527 Q0 WTX001-B50-69 5 30,687178 Rocchio
527 Q0 WTX001-B23-109 6 29,684376 Rocchio
527 Q0 WTX001-B17-312 7 28,665146 Rocchio
527 Q0 WTX001-B17-198 8 28,402792 Rocchio
527 Q0 WTX001-B01-141 9 27,609005 Rocchio
528 Q0 WTX001-B48-352 0 59,212948 Rocchio
528 Q0 WTX001-B49-67 1 50,657688 Rocchio
528 Q0 WTX001-B48-299 2 41,399075 Rocchio
528 Q0 WTX001-B48-336 3 40,735428 Rocchio
528 Q0 WTX001-B49-15 4 40,217403 Rocchio
528 Q0 WTX001-B49-60 5 38,579826 Rocchio
528 Q0 WTX001-B49-48 6 36,246811 Rocchio
528 Q0 WTX001-B48-311 7 36,229816 Rocchio
528 Q0 WTX001-B48-320 8 35,564510 Rocchio
528 Q0 WTX001-B49-6 9 33,384254 Rocchio
529 Q0 WTX001-B10-129 0 73,331230 Rocchio
529 Q0 WTX001-B10-131 1 33,611237 Rocchio
529 Q0 WTX001-B10-133 2 26,719458 Rocchio
529 Q0 WTX001-B10-121 3 25,059650 Rocchio
529 Q0 WTX001-B10-112 4 21,897514 Rocchio
529 Q0 WTX001-B10-124 5 21,078846 Rocchio
529 Q0 WTX001-B10-119 6 20,598143 Rocchio
529 Q0 WTX001-B10-135 7 18,898138 Rocchio
529 Q0 WTX001-B10-127 8 17,090393 Rocchio
529 Q0 WTX001-B44-196 9 16,902515 Rocchio
490 Q0 WTX001-B09-162 0 21,099146 Rocchio
490 Q0 WTX001-B28-275 1 18,155487 Rocchio
490 Q0 WTX001-B36-82 2 17,788128 Rocchio
490 Q0 WTX001-B17-296 3 17,131687 Rocchio
490 Q0 WTX001-B31-183 4 16,018120 Rocchio
490 Q0 WTX001-B36-15 5 15,795151 Rocchio
490 Q0 WTX001-B44-433 6 15,617741 Rocchio
490 Q0 WTX001-B28-280 7 15,025629 Rocchio
490 Q0 WTX001-B50-99 8 14,824596 Rocchio
490 Q0 WTX001-B32-195 9 14,771719 Rocchio
491 Q0 WTX001-B17-157 0 44,125893 Rocchio
491 Q0 WTX001-B15-93 1 36,589142 Rocchio
491 Q0 WTX001-B17-149 2 31,383307 Rocchio
491 Q0 WTX001-B16-3 3 15,207354 Rocchio
491 Q0 WTX001-B44-429 4 14,983047 Rocchio
491 Q0 WTX001-B10-123 5 13,791843 Rocchio
491 Q0 WTX001-B15-160 6 13,695672 Rocchio
491 Q0 WTX001-B10-129 7 13,621610 Rocchio
491 Q0 WTX001-B10-176 8 13,544716 Rocchio
491 Q0 WTX001-B46-172 9 13,365482 Rocchio
492 Q0 WTX001-B35-413 0 44,435078 Rocchio
492 Q0 WTX001-B35-410 1 42,646652 Rocchio
492 Q0 WTX001-B35-415 2 42,508057 Rocchio
492 Q0 WTX001-B20-146 3 41,280876 Rocchio
492 Q0 WTX001-B20-149 4 35,691025 Rocchio
492 Q0 WTX001-B20-136 5 35,086395 Rocchio
492 Q0 WTX001-B20-126 6 34,140335 Rocchio
492 Q0 WTX001-B22-252 7 30,447346 Rocchio
492 Q0 WTX001-B09-79 8 29,796494 Rocchio
492 Q0 WTX001-B20-157 9 27,610603 Rocchio
493 Q0 WTX001-B08-85 0 31,179445 Rocchio
493 Q0 WTX001-B08-97 1 30,785250 Rocchio
493 Q0 WTX001-B08-62 2 30,148554 Rocchio
493 Q0 WTX001-B28-199 3 27,062290 Rocchio
493 Q0 WTX001-B08-79 4 26,908260 Rocchio
493 Q0 WTX001-B08-94 5 26,677402 Rocchio
493 Q0 WTX001-B08-86 6 26,145189 Rocchio
493 Q0 WTX001-B08-93 7 25,489529 Rocchio
493 Q0 WTX001-B08-76 8 25,249044 Rocchio
493 Q0 WTX001-B37-264 9 25,181799 Rocchio
494 Q0 WTX001-B41-129 0 29,994961 Rocchio
494 Q0 WTX001-B41-144 1 28,565395 Rocchio
494 Q0 WTX001-B40-31 2 28,498957 Rocchio
494 Q0 WTX001-B40-99 3 28,491734 Rocchio
494 Q0 WTX001-B42-39 4 28,458729 Rocchio
494 Q0 WTX001-B41-114 5 28,437666 Rocchio
494 Q0 WTX001-B42-90 6 28,053392 Rocchio
494 Q0 WTX001-B41-158 7 27,915543 Rocchio
494 Q0 WTX001-B41-47 8 27,640335 Rocchio
494 Q0 WTX001-B41-78 9 27,497972 Rocchio
495 Q0 WTX001-B24-155 0 18,932240 Rocchio
495 Q0 WTX001-B44-281 1 18,885506 Rocchio
495 Q0 WTX001-B24-394 2 18,484280 Rocchio
495 Q0 WTX001-B30-347 3 18,126314 Rocchio
495 Q0 WTX001-B24-309 4 18,073067 Rocchio
495 Q0 WTX001-B44-160 5 17,669270 Rocchio
495 Q0 WTX001-B25-204 6 17,509821 Rocchio
495 Q0 WTX001-B24-380 7 17,458061 Rocchio
495 Q0 WTX001-B10-102 8 17,099089 Rocchio
495 Q0 WTX001-B24-67 9 17,044960 Rocchio
496 Q0 WTX001-B32-164 0 17,350538 Rocchio
496 Q0 WTX001-B27-250 1 13,665910 Rocchio
496 Q0 WTX001-B46-285 2 13,642817 Rocchio
496 Q0 WTX001-B20-102 3 12,786617 Rocchio
496 Q0 WTX001-B27-224 4 12,764869 Rocchio
496 Q0 WTX001-B19-191 5 12,493494 Rocchio
496 Q0 WTX001-B27-234 6 12,084392 Rocchio
496 Q0 WTX001-B15-144 7 11,904639 Rocchio
496 Q0 WTX001-B23-227 8 11,817936 Rocchio
496 Q0 WTX001-B48-56 9 11,643916 Rocchio
497 Q0 WTX001-B40-99 0 31,739735 Rocchio
497 Q0 WTX001-B14-219 1 29,827187 Rocchio
497 Q0 WTX001-B22-151 2 28,782694 Rocchio
497 Q0 WTX001-B14-83 3 28,564877 Rocchio
497 Q0 WTX001-B31-155 4 28,324274 Rocchio
497 Q0 WTX001-B14-69 5 28,285484 Rocchio
497 Q0 WTX001-B31-130 6 28,282845 Rocchio
497 Q0 WTX001-B31-164 7 28,282845 Rocchio
497 Q0 WTX001-B31-142 8 28,164976 Rocchio
497 Q0 WTX001-B31-124 9 28,132387 Rocchio
530 Q0 WTX001-B20-34 0 42,381073 Rocchio
530 Q0 WTX001-B24-349 1 23,049423 Rocchio
530 Q0 WTX001-B18-185 2 17,941362 Rocchio
530 Q0 WTX001-B13-14 3 15,652351 Rocchio
530 Q0 WTX001-B12-16 4 14,312357 Rocchio
530 Q0 WTX001-B30-326 5 14,280256 Rocchio
530 Q0 WTX001-B19-173 6 14,068504 Rocchio
530 Q0 WTX001-B13-47 7 13,978801 Rocchio
530 Q0 WTX001-B16-51 8 13,718215 Rocchio
530 Q0 WTX001-B25-16 9 13,663983 Rocchio
498 Q0 WTX001-B34-12 0 46,167080 Rocchio
498 Q0 WTX001-B11-6 1 17,840071 Rocchio
498 Q0 WTX001-B46-287 2 17,501780 Rocchio
498 Q0 WTX001-B39-46 3 17,501780 Rocchio
498 Q0 WTX001-B36-31 4 17,127010 Rocchio
498 Q0 WTX001-B31-19 5 16,122345 Rocchio
498 Q0 WTX001-B45-6 6 14,904887 Rocchio
498 Q0 WTX001-B48-292 7 14,818675 Rocchio
498 Q0 WTX001-B26-399 8 14,673360 Rocchio
498 Q0 WTX001-B39-122 9 14,293909 Rocchio
531 Q0 WTX001-B34-12 0 66,539139 Rocchio
531 Q0 WTX001-B23-294 1 52,712791 Rocchio
531 Q0 WTX001-B15-126 2 45,156483 Rocchio
531 Q0 WTX001-B30-326 3 43,210938 Rocchio
531 Q0 WTX001-B30-320 4 41,177494 Rocchio
531 Q0 WTX001-B10-140 5 40,683006 Rocchio
531 Q0 WTX001-B10-221 6 39,136162 Rocchio
531 Q0 WTX001-B10-245 7 39,050838 Rocchio
531 Q0 WTX001-B11-6 8 38,238087 Rocchio
531 Q0 WTX001-B10-249 9 38,167915 Rocchio
499 Q0 WTX001-B09-43 0 83,189697 Rocchio
499 Q0 WTX001-B05-1 1 35,267212 Rocchio
499 Q0 WTX001-B05-17 2 33,048729 Rocchio
499 Q0 WTX001-B05-3 3 32,115486 Rocchio
499 Q0 WTX001-B08-191 4 32,046089 Rocchio
499 Q0 WTX001-B06-162 5 29,966717 Rocchio
499 Q0 WTX001-B09-154 6 28,275572 Rocchio
499 Q0 WTX001-B05-5 7 27,971096 Rocchio
499 Q0 WTX001-B08-208 8 27,339821 Rocchio
499 Q0 WTX001-B09-63 9 26,517561 Rocchio
532 Q0 WTX001-B16-26 0 53,380577 Rocchio
532 Q0 WTX001-B21-158 1 37,941128 Rocchio
532 Q0 WTX001-B33-175 2 33,861313 Rocchio
532 Q0 WTX001-B48-101 3 32,655758 Rocchio
532 Q0 WTX001-B49-290 4 29,284540 Rocchio
532 Q0 WTX001-B10-83 5 29,111889 Rocchio
532 Q0 WTX001-B34-12 6 28,487888 Rocchio
532 Q0 WTX001-B23-294 7 27,943201 Rocchio
532 Q0 WTX001-B21-193 8 27,706236 Rocchio
532 Q0 WTX001-B01-26 9 26,739971 Rocchio
533 Q0 WTX001-B32-110 0 48,491364 Rocchio
533 Q0 WTX001-B10-86 1 23,712437 Rocchio
533 Q0 WTX001-B23-293 2 23,540649 Rocchio
533 Q0 WTX001-B21-8 3 20,575113 Rocchio
533 Q0 WTX001-B48-37 4 19,422226 Rocchio
533 Q0 WTX001-B19-282 5 19,305428 Rocchio
533 Q0 WTX001-B39-198 6 18,745255 Rocchio
533 Q0 WTX001-B39-157 7 18,369900 Rocchio
533 Q0 WTX001-B21-185 8 18,112337 Rocchio
533 Q0 WTX001-B41-124 9 17,946991 Rocchio
534 Q0 WTX001-B07-314 0 38,266571 Rocchio
534 Q0 WTX001-B20-32 1 27,440428 Rocchio
534 Q0 WTX001-B35-406 2 23,695452 Rocchio
534 Q0 WTX001-B20-48 3 22,244339 Rocchio
534 Q0 WTX001-B20-38 4 22,227144 Rocchio
534 Q0 WTX001-B36-127 5 22,142769 Rocchio
534 Q0 WTX001-B35-401 6 22,128410 Rocchio
534 Q0 WTX001-B19-213 7 21,833429 Rocchio
534 Q0 WTX001-B40-38 8 21,045624 Rocchio
534 Q0 WTX001-B20-51 9 20,948793 Rocchio
535 Q0 WTX001-B13-224 0 50,125046 Rocchio
535 Q0 WTX001-B13-228 1 48,529030 Rocchio
535 Q0 WTX001-B04-93 2 48,042824 Rocchio
535 Q0 WTX001-B04-84 3 47,266415 Rocchio
535 Q0 WTX001-B13-219 4 47,119583 Rocchio
535 Q0 WTX001-B13-226 5 46,855709 Rocchio
535 Q0 WTX001-B04-87 6 46,755157 Rocchio
535 Q0 WTX001-B13-216 7 46,278046 Rocchio
535 Q0 WTX001-B04-102 8 46,010178 Rocchio
535 Q0 WTX001-B04-83 9 45,439495 Rocchio
536 Q0 WTX001-B27-78 0 44,654198 Rocchio
536 Q0 WTX001-B27-190 1 29,571697 Rocchio
536 Q0 WTX001-B27-262 2 29,123854 Rocchio
536 Q0 WTX001-B27-213 3 29,066662 Rocchio
536 Q0 WTX001-B27-191 4 28,663256 Rocchio
536 Q0 WTX001-B27-176 5 28,605852 Rocchio
536 Q0 WTX001-B27-227 6 28,535896 Rocchio
536 Q0 WTX001-B27-282 7 28,463697 Rocchio
536 Q0 WTX001-B27-253 8 28,362328 Rocchio
536 Q0 WTX001-B27-247 9 28,275761 Rocchio
537 Q0 WTX001-B37-159 0 41,774918 Rocchio
537 Q0 WTX001-B28-145 1 34,032612 Rocchio
537 Q0 WTX001-B28-128 2 33,582794 Rocchio
537 Q0 WTX001-B37-136 3 28,610703 Rocchio
537 Q0 WTX001-B23-202 4 23,976364 Rocchio
537 Q0 WTX001-B23-229 5 21,264462 Rocchio
537 Q0 WTX001-B23-204 6 20,864418 Rocchio
537 Q0 WTX001-B50-93 7 19,939430 Rocchio
537 Q0 WTX001-B28-156 8 19,711531 Rocchio
537 Q0 WTX001-B28-142 9 19,427334 Rocchio
538 Q0 WTX001-B11-151 0 43,270248 Rocchio
538 Q0 WTX001-B11-152 1 43,166286 Rocchio
538 Q0 WTX001-B11-141 2 41,834686 Rocchio
538 Q0 WTX001-B11-145 3 25,885799 Rocchio
538 Q0 WTX001-B11-136 4 24,286831 Rocchio
538 Q0 WTX001-B11-150 5 24,286831 Rocchio
538 Q0 WTX001-B04-88 6 21,217016 Rocchio
538 Q0 WTX001-B23-245 7 21,173542 Rocchio
538 Q0 WTX001-B11-144 8 19,671871 Rocchio
538 Q0 WTX001-B13-181 9 19,589111 Rocchio
539 Q0 WTX001-B11-109 0 53,504868 Rocchio
539 Q0 WTX001-B44-317 1 29,800262 Rocchio
539 Q0 WTX001-B21-205 2 16,087330 Rocchio
539 Q0 WTX001-B11-104 3 16,082462 Rocchio
539 Q0 WTX001-B25-248 4 15,638605 Rocchio
539 Q0 WTX001-B30-163 5 15,394743 Rocchio
539 Q0 WTX001-B44-334 6 14,762808 Rocchio
539 Q0 WTX001-B30-321 7 13,613473 Rocchio
539 Q0 WTX001-B34-580 8 13,402202 Rocchio
539 Q0 WTX001-B25-334 9 11,796938 Rocchio
540 Q0 WTX001-B33-5 0 36,674774 Rocchio
540 Q0 WTX001-B15-94 1 35,761158 Rocchio
540 Q0 WTX001-B32-164 2 33,684315 Rocchio
540 Q0 WTX001-B48-53 3 32,544685 Rocchio
540 Q0 WTX001-B48-48 4 30,132954 Rocchio
540 Q0 WTX001-B48-59 5 30,002350 Rocchio
540 Q0 WTX001-B30-153 6 29,399664 Rocchio
540 Q0 WTX001-B31-244 7 28,968018 Rocchio
540 Q0 WTX001-B48-224 8 28,166901 Rocchio
540 Q0 WTX001-B21-244 9 25,440405 Rocchio
541 Q0 WTX001-B39-127 0 58,443409 Rocchio
541 Q0 WTX001-B46-456 1 53,413311 Rocchio
541 Q0 WTX001-B39-119 2 50,164246 Rocchio
541 Q0 WTX001-B46-427 3 47,499908 Rocchio
541 Q0 WTX001-B46-291 4 47,484085 Rocchio
541 Q0 WTX001-B39-108 5 47,239868 Rocchio
541 Q0 WTX001-B46-392 6 44,628178 Rocchio
541 Q0 WTX001-B39-51 7 44,527832 Rocchio
541 Q0 WTX001-B46-314 8 44,016769 Rocchio
541 Q0 WTX001-B46-366 9 43,974781 Rocchio
542 Q0 WTX001-B15-120 0 38,311424 Rocchio
542 Q0 WTX001-B15-116 1 28,146362 Rocchio
542 Q0 WTX001-B15-122 2 21,139021 Rocchio
542 Q0 WTX001-B27-293 3 19,580723 Rocchio
542 Q0 WTX001-B27-160 4 14,876314 Rocchio
542 Q0 WTX001-B23-291 5 13,536217 Rocchio
542 Q0 WTX001-B23-289 6 13,530348 Rocchio
542 Q0 WTX001-B23-73 7 13,487682 Rocchio
542 Q0 WTX001-B29-50 8 13,364880 Rocchio
542 Q0 WTX001-B27-162 9 13,055696 Rocchio
543 Q0 WTX001-B34-45 0 37,402782 Rocchio
543 Q0 WTX001-B23-378 1 36,553864 Rocchio
543 Q0 WTX001-B48-224 2 20,989731 Rocchio
543 Q0 WTX001-B23-426 3 20,417213 Rocchio
543 Q0 WTX001-B23-380 4 19,981705 Rocchio
543 Q0 WTX001-B23-422 5 19,727678 Rocchio
543 Q0 WTX001-B23-433 6 19,727678 Rocchio
543 Q0 WTX001-B23-434 7 18,800972 Rocchio
543 Q0 WTX001-B23-424 8 18,756458 Rocchio
543 Q0 WTX001-B23-431 9 18,756458 Rocchio
544 Q0 WTX001-B21-193 0 32,575439 Rocchio
544 Q0 WTX001-B32-98 1 26,079315 Rocchio
544 Q0 WTX001-B44-369 2 26,002157 Rocchio
544 Q0 WTX001-B49-122 3 23,007498 Rocchio
544 Q0 WTX001-B48-308 4 21,463804 Rocchio
544 Q0 WTX001-B48-64 5 21,040890 Rocchio
544 Q0 WTX001-B15-126 6 20,468521 Rocchio
544 Q0 WTX001-B44-337 7 19,995882 Rocchio
544 Q0 WTX001-B44-359 8 19,791853 Rocchio
544 Q0 WTX001-B30-240 9 19,399328 Rocchio
545 Q0 WTX001-B43-407 0 51,882893 Rocchio
545 Q0 WTX001-B44-327 1 27,211699 Rocchio
545 Q0 WTX001-B21-149 2 24,565346 Rocchio
545 Q0 WTX001-B50-35 3 23,383301 Rocchio
545 Q0 WTX001-B21-157 4 22,996628 Rocchio
545 Q0 WTX001-B44-384 5 22,708330 Rocchio
545 Q0 WTX001-B49-115 6 22,466932 Rocchio
545 Q0 WTX001-B48-295 7 21,632381 Rocchio
545 Q0 WTX001-B44-311 8 21,388582 Rocchio
545 Q0 WTX001-B44-464 9 21,225784 Rocchio
546 Q0 WTX001-B30-409 0 26,473932 Rocchio
546 Q0 WTX001-B33-215 1 26,173208 Rocchio
546 Q0 WTX001-B34-259 2 25,908489 Rocchio
546 Q0 WTX001-B31-4 3 24,707308 Rocchio
546 Q0 WTX001-B33-181 4 24,638294 Rocchio
546 Q0 WTX001-B23-441 5 23,997217 Rocchio
546 Q0 WTX001-B32-48 6 23,851341 Rocchio
546 Q0 WTX001-B21-210 7 23,822912 Rocchio
546 Q0 WTX001-B33-224 8 23,743038 Rocchio
546 Q0 WTX001-B33-235 9 23,346724 Rocchio
547 Q0 WTX001-B03-260 0 45,678558 Rocchio
547 Q0 WTX001-B03-118 1 41,648521 Rocchio
547 Q0 WTX001-B03-261 2 32,478172 Rocchio
547 Q0 WTX001-B04-18 3 26,871435 Rocchio
547 Q0 WTX001-B13-217 4 23,761808 Rocchio
547 Q0 WTX001-B03-301 5 21,647566 Rocchio
547 Q0 WTX001-B13-228 6 21,240677 Rocchio
547 Q0 WTX001-B03-331 7 21,011299 Rocchio
547 Q0 WTX001-B13-153 8 20,843460 Rocchio
547 Q0 WTX001-B04-30 9 20,672432 Rocchio
548 Q0 WTX001-B49-220 0 31,484838 Rocchio
548 Q0 WTX001-B49-173 1 28,312885 Rocchio
548 Q0 WTX001-B49-13 2 27,184296 Rocchio
548 Q0 WTX001-B49-53 3 26,124695 Rocchio
548 Q0 WTX001-B15-118 4 25,845032 Rocchio
548 Q0 WTX001-B48-41 5 25,826229 Rocchio
548 Q0 WTX001-B32-132 6 25,548300 Rocchio
548 Q0 WTX001-B34-33 7 25,340666 Rocchio
548 Q0 WTX001-B10-109 8 25,239544 Rocchio
548 Q0 WTX001-B47-363 9 25,022884 Rocchio
549 Q0 WTX001-B10-254 0 49,625584 Rocchio
549 Q0 WTX001-B32-113 1 25,334827 Rocchio
549 Q0 WTX001-B30-240 2 24,787233 Rocchio
549 Q0 WTX001-B10-134 3 23,455967 Rocchio
549 Q0 WTX001-B32-51 4 21,009998 Rocchio
549 Q0 WTX001-B10-93 5 18,856056 Rocchio
549 Q0 WTX001-B08-219 6 17,991896 Rocchio
549 Q0 WTX001-B44-357 7 17,831108 Rocchio
549 Q0 WTX001-B48-168 8 17,337494 Rocchio
549 Q0 WTX001-B49-15 9 17,046684 Rocchio
550 Q0 WTX001-B34-67 0 22,193865 Rocchio
550 Q0 WTX001-B49-279 1 20,366238 Rocchio
550 Q0 WTX001-B06-493 2 19,910564 Rocchio
550 Q0 WTX001-B43-470 3 18,804783 Rocchio
550 Q0 WTX001-B05-70 4 18,472809 Rocchio
550 Q0 WTX001-B21-105 5 18,360933 Rocchio
550 Q0 WTX001-B25-353 6 18,233364 Rocchio
550 Q0 WTX001-B25-341 7 17,927427 Rocchio
550 Q0 WTX001-B10-81 8 17,487427 Rocchio
550 Q0 WTX001-B06-74 9 17,415850 Rocchio
451 Q0 WTX001-B23-82 0 33,329815 Rocchio
451 Q0 WTX001-B02-79 1 31,310497 Rocchio
451 Q0 WTX001-B46-161 2 28,386717 Rocchio
451 Q0 WTX001-B46-175 3 28,053030 Rocchio
451 Q0 WTX001-B38-138 4 24,879139 Rocchio
451 Q0 WTX001-B38-169 5 24,879139 Rocchio
451 Q0 WTX001-B38-174 6 24,879139 Rocchio
451 Q0 WTX001-B38-179 7 24,879139 Rocchio
451 Q0 WTX001-B02-72 8 24,269199 Rocchio
451 Q0 WTX001-B28-93 9 23,138098 Rocchio
452 Q0 WTX001-B06-35 0 26,393185 Rocchio
452 Q0 WTX001-B06-47 1 26,082619 Rocchio
452 Q0 WTX001-B06-132 2 25,664154 Rocchio
452 Q0 WTX001-B09-206 3 24,405939 Rocchio
452 Q0 WTX001-B06-108 4 24,263575 Rocchio
452 Q0 WTX001-B06-102 5 23,576532 Rocchio
452 Q0 WTX001-B06-63 6 23,242756 Rocchio
452 Q0 WTX001-B06-81 7 22,643320 Rocchio
452 Q0 WTX001-B26-74 8 21,907717 Rocchio
452 Q0 WTX001-B06-85 9 20,496050 Rocchio
453 Q0 WTX001-B23-363 0 44,265610 Rocchio
453 Q0 WTX001-B23-295 1 44,096054 Rocchio
453 Q0 WTX001-B15-148 2 40,368835 Rocchio
453 Q0 WTX001-B15-135 3 36,466377 Rocchio
453 Q0 WTX001-B23-329 4 35,714890 Rocchio
453 Q0 WTX001-B33-155 5 35,703320 Rocchio
453 Q0 WTX001-B15-61 6 34,097733 Rocchio
453 Q0 WTX001-B15-129 7 31,620024 Rocchio
453 Q0 WTX001-B21-39 8 29,862524 Rocchio
453 Q0 WTX001-B15-125 9 29,631424 Rocchio
454 Q0 WTX001-B21-158 0 78,840340 Rocchio
454 Q0 WTX001-B49-44 1 31,619743 Rocchio
454 Q0 WTX001-B25-128 2 29,490093 Rocchio
454 Q0 WTX001-B16-41 3 29,413937 Rocchio
454 Q0 WTX001-B48-224 4 24,777325 Rocchio
454 Q0 WTX001-B23-227 5 22,777868 Rocchio
454 Q0 WTX001-B48-101 6 20,957483 Rocchio
454 Q0 WTX001-B49-290 7 20,640068 Rocchio
454 Q0 WTX001-B28-156 8 20,140907 Rocchio
454 Q0 WTX001-B24-218 9 19,430613 Rocchio
455 Q0 WTX001-B30-214 0 73,206383 Rocchio
455 Q0 WTX001-B33-14 1 27,935827 Rocchio
455 Q0 WTX001-B32-81 2 20,887403 Rocchio
455 Q0 WTX001-B30-265 3 20,695343 Rocchio
455 Q0 WTX001-B32-45 4 20,026089 Rocchio
455 Q0 WTX001-B07-249 5 19,884596 Rocchio
455 Q0 WTX001-B26-615 6 17,939610 Rocchio
455 Q0 WTX001-B30-331 7 17,112570 Rocchio
455 Q0 WTX001-B33-201 8 16,913767 Rocchio
455 Q0 WTX001-B32-85 9 16,740143 Rocchio
456 Q0 WTX001-B15-89 0 37,989166 Rocchio
456 Q0 WTX001-B08-271 1 22,666653 Rocchio
456 Q0 WTX001-B09-7 2 22,070969 Rocchio
456 Q0 WTX001-B27-253 3 21,586073 Rocchio
456 Q0 WTX001-B27-250 4 20,668968 Rocchio
456 Q0 WTX001-B09-2 5 19,776743 Rocchio
456 Q0 WTX001-B08-248 6 14,959658 Rocchio
456 Q0 WTX001-B28-199 7 14,379969 Rocchio
456 Q0 WTX001-B08-184 8 14,304210 Rocchio
456 Q0 WTX001-B45-399 9 14,267530 Rocchio
457 Q0 WTX001-B13-247 0 49,260223 Rocchio
457 Q0 WTX001-B04-104 1 36,738083 Rocchio
457 Q0 WTX001-B04-90 2 29,316957 Rocchio
457 Q0 WTX001-B13-222 3 27,280682 Rocchio
457 Q0 WTX001-B35-433 4 27,204491 Rocchio
457 Q0 WTX001-B13-235 5 25,112331 Rocchio
457 Q0 WTX001-B13-230 6 24,944662 Rocchio
457 Q0 WTX001-B03-88 7 24,211695 Rocchio
457 Q0 WTX001-B13-217 8 23,791927 Rocchio
457 Q0 WTX001-B13-232 9 23,618576 Rocchio
458 Q0 WTX001-B16-69 0 47,118938 Rocchio
458 Q0 WTX001-B21-158 1 38,851486 Rocchio
458 Q0 WTX001-B23-227 2 16,295715 Rocchio
458 Q0 WTX001-B49-86 3 16,117783 Rocchio
458 Q0 WTX001-B25-128 4 14,268240 Rocchio
458 Q0 WTX001-B15-120 5 13,571183 Rocchio
458 Q0 WTX001-B18-178 6 12,577100 Rocchio
458 Q0 WTX001-B25-138 7 11,842264 Rocchio
458 Q0 WTX001-B34-362 8 11,443865 Rocchio
458 Q0 WTX001-B08-12 9 11,269539 Rocchio
459 Q0 WTX001-B35-457 0 33,452427 Rocchio
459 Q0 WTX001-B36-176 1 29,079491 Rocchio
459 Q0 WTX001-B36-192 2 22,708057 Rocchio
459 Q0 WTX001-B35-442 3 22,675571 Rocchio
459 Q0 WTX001-B37-39 4 20,253559 Rocchio
459 Q0 WTX001-B16-63 5 18,724739 Rocchio
459 Q0 WTX001-B35-439 6 18,564116 Rocchio
459 Q0 WTX001-B35-464 7 18,425245 Rocchio
459 Q0 WTX001-B35-460 8 17,458883 Rocchio
459 Q0 WTX001-B36-195 9 17,011082 Rocchio
460 Q0 WTX001-B15-116 0 73,418465 Rocchio
460 Q0 WTX001-B15-122 1 51,397217 Rocchio
460 Q0 WTX001-B15-120 2 48,548275 Rocchio
460 Q0 WTX001-B15-125 3 44,180386 Rocchio
460 Q0 WTX001-B15-73 4 32,972008 Rocchio
460 Q0 WTX001-B11-42 5 30,310318 Rocchio
460 Q0 WTX001-B11-39 6 30,297691 Rocchio
460 Q0 WTX001-B16-27 7 29,809839 Rocchio
460 Q0 WTX001-B11-37 8 29,653864 Rocchio
460 Q0 WTX001-B15-77 9 29,592638 Rocchio
461 Q0 WTX001-B27-169 0 31,631056 Rocchio
461 Q0 WTX001-B01-4 1 27,326160 Rocchio
461 Q0 WTX001-B10-223 2 26,503134 Rocchio
461 Q0 WTX001-B19-173 3 25,892635 Rocchio
461 Q0 WTX001-B01-6 4 25,240276 Rocchio
461 Q0 WTX001-B01-5 5 24,115660 Rocchio
461 Q0 WTX001-B30-384 6 23,769655 Rocchio
461 Q0 WTX001-B27-137 7 21,251699 Rocchio
461 Q0 WTX001-B27-176 8 19,314816 Rocchio
461 Q0 WTX001-B27-119 9 19,306664 Rocchio
462 Q0 WTX001-B19-274 0 37,196671 Rocchio
462 Q0 WTX001-B44-331 1 31,548908 Rocchio
462 Q0 WTX001-B49-146 2 29,459555 Rocchio
462 Q0 WTX001-B49-208 3 28,247892 Rocchio
462 Q0 WTX001-B49-169 4 28,055283 Rocchio
462 Q0 WTX001-B49-246 5 28,047693 Rocchio
462 Q0 WTX001-B49-226 6 25,600906 Rocchio
462 Q0 WTX001-B48-244 7 25,357870 Rocchio
462 Q0 WTX001-B42-130 8 24,898687 Rocchio
462 Q0 WTX001-B16-288 9 23,935144 Rocchio
464 Q0 WTX001-B18-138 0 50,376617 Rocchio
464 Q0 WTX001-B30-11 1 45,974121 Rocchio
464 Q0 WTX001-B28-5 2 44,684006 Rocchio
464 Q0 WTX001-B30-9 3 27,703949 Rocchio
464 Q0 WTX001-B30-13 4 26,173906 Rocchio
464 Q0 WTX001-B23-11 5 24,166830 Rocchio
464 Q0 WTX001-B30-7 6 22,502819 Rocchio
464 Q0 WTX001-B23-95 7 22,047928 Rocchio
464 Q0 WTX001-B30-5 8 20,700651 Rocchio
464 Q0 WTX001-B17-67 9 20,579336 Rocchio
465 Q0 WTX001-B16-78 0 56,664425 Rocchio
465 Q0 WTX001-B16-79 1 31,978630 Rocchio
465 Q0 WTX001-B09-50 2 28,588911 Rocchio
465 Q0 WTX001-B08-190 3 26,301065 Rocchio
465 Q0 WTX001-B09-63 4 25,517622 Rocchio
465 Q0 WTX001-B09-65 5 24,906992 Rocchio
465 Q0 WTX001-B09-59 6 23,468184 Rocchio
465 Q0 WTX001-B09-57 7 23,417168 Rocchio
465 Q0 WTX001-B09-54 8 22,567585 Rocchio
465 Q0 WTX001-B14-132 9 21,864140 Rocchio
466 Q0 WTX001-B09-152 0 67,981705 Rocchio
466 Q0 WTX001-B16-200 1 20,675014 Rocchio
466 Q0 WTX001-B39-274 2 17,534794 Rocchio
466 Q0 WTX001-B16-291 3 17,231489 Rocchio
466 Q0 WTX001-B16-162 4 16,644182 Rocchio
466 Q0 WTX001-B16-158 5 15,990222 Rocchio
466 Q0 WTX001-B24-228 6 15,451143 Rocchio
466 Q0 WTX001-B16-173 7 14,010912 Rocchio
466 Q0 WTX001-B16-144 8 13,787193 Rocchio
466 Q0 WTX001-B41-21 9 12,978962 Rocchio
467 Q0 WTX001-B36-155 0 22,557800 Rocchio
467 Q0 WTX001-B36-100 1 22,499321 Rocchio
467 Q0 WTX001-B25-349 2 19,218533 Rocchio
467 Q0 WTX001-B43-406 3 18,144215 Rocchio
467 Q0 WTX001-B10-223 4 18,113583 Rocchio
467 Q0 WTX001-B35-382 5 17,928961 Rocchio
467 Q0 WTX001-B46-97 6 17,913305 Rocchio
467 Q0 WTX001-B16-51 7 17,064152 Rocchio
467 Q0 WTX001-B15-133 8 16,960377 Rocchio
467 Q0 WTX001-B22-38 9 16,872147 Rocchio
500 Q0 WTX001-B49-82 0 65,014343 Rocchio
500 Q0 WTX001-B49-15 1 62,039112 Rocchio
500 Q0 WTX001-B48-352 2 56,470299 Rocchio
500 Q0 WTX001-B49-60 3 55,778549 Rocchio
500 Q0 WTX001-B49-48 4 54,389843 Rocchio
500 Q0 WTX001-B48-336 5 52,716053 Rocchio
500 Q0 WTX001-B49-67 6 52,264519 Rocchio
500 Q0 WTX001-B32-263 7 52,027943 Rocchio
500 Q0 WTX001-B49-30 8 50,719635 Rocchio
500 Q0 WTX001-B34-1 9 49,980019 Rocchio
468 Q0 WTX001-B49-136 0 47,020767 Rocchio
468 Q0 WTX001-B49-220 1 35,181313 Rocchio
468 Q0 WTX001-B49-13 2 32,771057 Rocchio
468 Q0 WTX001-B47-363 3 30,900669 Rocchio
468 Q0 WTX001-B49-173 4 30,881241 Rocchio
468 Q0 WTX001-B48-41 5 29,542467 Rocchio
468 Q0 WTX001-B10-81 6 28,629078 Rocchio
468 Q0 WTX001-B48-137 7 28,419024 Rocchio
468 Q0 WTX001-B48-89 8 28,366373 Rocchio
468 Q0 WTX001-B48-236 9 27,801941 Rocchio
501 Q0 WTX001-B23-423 0 58,906269 Rocchio
501 Q0 WTX001-B10-233 1 23,702234 Rocchio
501 Q0 WTX001-B23-408 2 23,426914 Rocchio
501 Q0 WTX001-B23-364 3 21,218758 Rocchio
501 Q0 WTX001-B47-129 4 21,009970 Rocchio
501 Q0 WTX001-B08-183 5 19,249695 Rocchio
501 Q0 WTX001-B09-70 6 19,074951 Rocchio
501 Q0 WTX001-B08-232 7 19,074951 Rocchio
501 Q0 WTX001-B09-79 8 19,060589 Rocchio
501 Q0 WTX001-B09-164 9 19,060589 Rocchio
469 Q0 WTX001-B46-247 0 49,397667 Rocchio
469 Q0 WTX001-B29-268 1 39,158058 Rocchio
469 Q0 WTX001-B29-79 2 25,355804 Rocchio
469 Q0 WTX001-B29-215 3 25,040728 Rocchio
469 Q0 WTX001-B29-208 4 24,944843 Rocchio
469 Q0 WTX001-B29-213 5 24,898254 Rocchio
469 Q0 WTX001-B29-210 6 24,871975 Rocchio
469 Q0 WTX001-B29-217 7 24,843348 Rocchio
469 Q0 WTX001-B29-206 8 24,767397 Rocchio
469 Q0 WTX001-B29-238 9 24,028137 Rocchio
502 Q0 WTX001-B35-487 0 41,787773 Rocchio
502 Q0 WTX001-B28-12 1 23,944178 Rocchio
502 Q0 WTX001-B20-78 2 23,138142 Rocchio
502 Q0 WTX001-B12-161 3 21,330807 Rocchio
502 Q0 WTX001-B41-132 4 20,680634 Rocchio
502 Q0 WTX001-B39-144 5 19,447437 Rocchio
502 Q0 WTX001-B27-207 6 19,017006 Rocchio
502 Q0 WTX001-B28-301 7 18,590546 Rocchio
502 Q0 WTX001-B22-258 8 18,532648 Rocchio
502 Q0 WTX001-B42-53 9 18,394026 Rocchio
503 Q0 WTX001-B27-84 0 27,819767 Rocchio
503 Q0 WTX001-B14-163 1 21,701056 Rocchio
503 Q0 WTX001-B22-157 2 21,551691 Rocchio
503 Q0 WTX001-B22-48 3 21,059401 Rocchio
503 Q0 WTX001-B31-161 4 20,573843 Rocchio
503 Q0 WTX001-B31-52 5 20,392681 Rocchio
503 Q0 WTX001-B31-143 6 19,846731 Rocchio
503 Q0 WTX001-B14-85 7 19,844328 Rocchio
503 Q0 WTX001-B31-103 8 19,425442 Rocchio
503 Q0 WTX001-B27-211 9 18,940092 Rocchio
504 Q0 WTX001-B11-39 0 33,172997 Rocchio
504 Q0 WTX001-B11-37 1 32,836460 Rocchio
504 Q0 WTX001-B15-103 2 31,921862 Rocchio
504 Q0 WTX001-B11-42 3 31,473867 Rocchio
504 Q0 WTX001-B11-35 4 31,159243 Rocchio
504 Q0 WTX001-B15-125 5 31,028522 Rocchio
504 Q0 WTX001-B15-116 6 30,622849 Rocchio
504 Q0 WTX001-B11-46 7 30,411507 Rocchio
504 Q0 WTX001-B15-120 8 29,663506 Rocchio
504 Q0 WTX001-B09-5 9 24,349535 Rocchio
505 Q0 WTX001-B30-163 0 67,385834 Rocchio
505 Q0 WTX001-B45-303 1 23,375017 Rocchio
505 Q0 WTX001-B24-188 2 22,844654 Rocchio
505 Q0 WTX001-B15-93 3 22,255625 Rocchio
505 Q0 WTX001-B21-238 4 22,166319 Rocchio
505 Q0 WTX001-B20-63 5 21,900646 Rocchio
505 Q0 WTX001-B29-130 6 21,756893 Rocchio
505 Q0 WTX001-B27-122 7 20,697588 Rocchio
505 Q0 WTX001-B26-19 8 20,428179 Rocchio
505 Q0 WTX001-B15-82 9 19,921232 Rocchio
506 Q0 WTX001-B01-15 0 36,590965 Rocchio
506 Q0 WTX001-B33-117 1 33,008057 Rocchio
506 Q0 WTX001-B01-11 2 30,045483 Rocchio
506 Q0 WTX001-B30-330 3 27,228405 Rocchio
506 Q0 WTX001-B44-469 4 27,228405 Rocchio
506 Q0 WTX001-B44-484 5 27,228405 Rocchio
506 Q0 WTX001-B01-29 6 24,707043 Rocchio
506 Q0 WTX001-B34-132 7 23,001495 Rocchio
506 Q0 WTX001-B01-17 8 22,845699 Rocchio
506 Q0 WTX001-B20-239 9 22,773798 Rocchio
507 Q0 WTX001-B13-193 0 19,849762 Rocchio
507 Q0 WTX001-B06-363 1 18,985117 Rocchio
507 Q0 WTX001-B07-269 2 16,153461 Rocchio
507 Q0 WTX001-B45-317 3 15,475666 Rocchio
507 Q0 WTX001-B45-255 4 15,429371 Rocchio
507 Q0 WTX001-B40-43 5 15,128090 Rocchio
507 Q0 WTX001-B41-139 6 15,127686 Rocchio
507 Q0 WTX001-B41-39 7 14,507182 Rocchio
507 Q0 WTX001-B02-164 8 14,192184 Rocchio
507 Q0 WTX001-B36-173 9 14,160241 Rocchio
508 Q0 WTX001-B15-162 0 51,939697 Rocchio
508 Q0 WTX001-B23-294 1 19,128300 Rocchio
508 Q0 WTX001-B34-12 2 18,194210 Rocchio
508 Q0 WTX001-B10-83 3 17,261372 Rocchio
508 Q0 WTX001-B20-179 4 16,043249 Rocchio
508 Q0 WTX001-B18-170 5 15,287432 Rocchio
508 Q0 WTX001-B18-172 6 15,287432 Rocchio
508 Q0 WTX001-B48-48 7 14,778678 Rocchio
508 Q0 WTX001-B23-308 8 14,675256 Rocchio
508 Q0 WTX001-B48-224 9 14,164876 Rocchio
509 Q0 WTX001-B44-410 0 29,679928 Rocchio
509 Q0 WTX001-B10-134 1 25,207085 Rocchio
509 Q0 WTX001-B43-477 2 23,204458 Rocchio
509 Q0 WTX001-B49-235 3 22,574305 Rocchio
509 Q0 WTX001-B48-50 4 21,468548 Rocchio
509 Q0 WTX001-B02-192 5 19,536457 Rocchio
509 Q0 WTX001-B16-275 6 17,746162 Rocchio
509 Q0 WTX001-B44-150 7 17,192570 Rocchio
509 Q0 WTX001-B49-50 8 16,640675 Rocchio
509 Q0 WTX001-B48-249 9 15,626646 Rocchio
